ERROR - 2023-05-15 12:20:19 --> mysqli_sql_exception: Unknown column 'email' in 'where clause' in C:\xampp\htdocs\webif21c-kel5\system\Database\MySQLi\Connection.php:295
Stack trace:
#0 C:\xampp\htdocs\webif21c-kel5\system\Database\MySQLi\Connection.php(295): mysqli->query('SELECT *\nFROM `...', 0)
#1 C:\xampp\htdocs\webif21c-kel5\system\Database\BaseConnection.php(691): CodeIgniter\Database\MySQLi\Connection->execute('SELECT *\nFROM `...')
#2 C:\xampp\htdocs\webif21c-kel5\system\Database\BaseConnection.php(605): CodeIgniter\Database\BaseConnection->simpleQuery('SELECT *\nFROM `...')
#3 C:\xampp\htdocs\webif21c-kel5\system\Database\BaseBuilder.php(1616): CodeIgniter\Database\BaseConnection->query('SELECT *\nFROM `...', Array, false)
#4 C:\xampp\htdocs\webif21c-kel5\app\Models\Model_auth.php(14): CodeIgniter\Database\BaseBuilder->get()
#5 C:\xampp\htdocs\webif21c-kel5\app\Controllers\Auth.php(45): App\Models\Model_auth->login('admin', '123')
#6 C:\xampp\htdocs\webif21c-kel5\system\CodeIgniter.php(934): App\Controllers\Auth->login()
#7 C:\xampp\htdocs\webif21c-kel5\system\CodeIgniter.php(499): CodeIgniter\CodeIgniter->runController(Object(App\Controllers\Auth))
#8 C:\xampp\htdocs\webif21c-kel5\system\CodeIgniter.php(368): CodeIgniter\CodeIgniter->handleRequest(NULL, Object(Config\Cache), false)
#9 C:\xampp\htdocs\webif21c-kel5\public\index.php(67): CodeIgniter\CodeIgniter->run()
#10 {main}
CRITICAL - 2023-05-15 12:20:19 --> Unknown column 'email' in 'where clause'
in SYSTEMPATH\Database\BaseConnection.php on line 645.
 1 SYSTEMPATH\Database\BaseBuilder.php(1616): CodeIgniter\Database\BaseConnection->query('SELECT *
FROM `tbl_user`
WHERE `email` = :email:
AND `password` = :password:', [...], false)
 2 APPPATH\Models\Model_auth.php(14): CodeIgniter\Database\BaseBuilder->get()
 3 APPPATH\Controllers\Auth.php(45): App\Models\Model_auth->login('admin', '123')
 4 SYSTEMPATH\CodeIgniter.php(934): App\Controllers\Auth->login()
 5 SYSTEMPATH\CodeIgniter.php(499): CodeIgniter\CodeIgniter->runController(Object(App\Controllers\Auth))
 6 SYSTEMPATH\CodeIgniter.php(368): CodeIgniter\CodeIgniter->handleRequest(null, Object(Config\Cache), false)
 7 FCPATH\index.php(67): CodeIgniter\CodeIgniter->run()
ERROR - 2023-05-15 12:20:53 --> mysqli_sql_exception: Unknown column 'email' in 'where clause' in C:\xampp\htdocs\webif21c-kel5\system\Database\MySQLi\Connection.php:295
Stack trace:
#0 C:\xampp\htdocs\webif21c-kel5\system\Database\MySQLi\Connection.php(295): mysqli->query('SELECT *\nFROM `...', 0)
#1 C:\xampp\htdocs\webif21c-kel5\system\Database\BaseConnection.php(691): CodeIgniter\Database\MySQLi\Connection->execute('SELECT *\nFROM `...')
#2 C:\xampp\htdocs\webif21c-kel5\system\Database\BaseConnection.php(605): CodeIgniter\Database\BaseConnection->simpleQuery('SELECT *\nFROM `...')
#3 C:\xampp\htdocs\webif21c-kel5\system\Database\BaseBuilder.php(1616): CodeIgniter\Database\BaseConnection->query('SELECT *\nFROM `...', Array, false)
#4 C:\xampp\htdocs\webif21c-kel5\app\Models\Model_auth.php(14): CodeIgniter\Database\BaseBuilder->get()
#5 C:\xampp\htdocs\webif21c-kel5\app\Controllers\Auth.php(45): App\Models\Model_auth->login('admin', '123')
#6 C:\xampp\htdocs\webif21c-kel5\system\CodeIgniter.php(934): App\Controllers\Auth->login()
#7 C:\xampp\htdocs\webif21c-kel5\system\CodeIgniter.php(499): CodeIgniter\CodeIgniter->runController(Object(App\Controllers\Auth))
#8 C:\xampp\htdocs\webif21c-kel5\system\CodeIgniter.php(368): CodeIgniter\CodeIgniter->handleRequest(NULL, Object(Config\Cache), false)
#9 C:\xampp\htdocs\webif21c-kel5\public\index.php(67): CodeIgniter\CodeIgniter->run()
#10 {main}
CRITICAL - 2023-05-15 12:20:53 --> Unknown column 'email' in 'where clause'
in SYSTEMPATH\Database\BaseConnection.php on line 645.
 1 SYSTEMPATH\Database\BaseBuilder.php(1616): CodeIgniter\Database\BaseConnection->query('SELECT *
FROM `tbl_user`
WHERE `email` = :email:
AND `password` = :password:', [...], false)
 2 APPPATH\Models\Model_auth.php(14): CodeIgniter\Database\BaseBuilder->get()
 3 APPPATH\Controllers\Auth.php(45): App\Models\Model_auth->login('admin', '123')
 4 SYSTEMPATH\CodeIgniter.php(934): App\Controllers\Auth->login()
 5 SYSTEMPATH\CodeIgniter.php(499): CodeIgniter\CodeIgniter->runController(Object(App\Controllers\Auth))
 6 SYSTEMPATH\CodeIgniter.php(368): CodeIgniter\CodeIgniter->handleRequest(null, Object(Config\Cache), false)
 7 FCPATH\index.php(67): CodeIgniter\CodeIgniter->run()
ERROR - 2023-05-15 12:22:36 --> mysqli_sql_exception: Unknown column 'email' in 'where clause' in C:\xampp\htdocs\webif21c-kel5\system\Database\MySQLi\Connection.php:295
Stack trace:
#0 C:\xampp\htdocs\webif21c-kel5\system\Database\MySQLi\Connection.php(295): mysqli->query('SELECT *\nFROM `...', 0)
#1 C:\xampp\htdocs\webif21c-kel5\system\Database\BaseConnection.php(691): CodeIgniter\Database\MySQLi\Connection->execute('SELECT *\nFROM `...')
#2 C:\xampp\htdocs\webif21c-kel5\system\Database\BaseConnection.php(605): CodeIgniter\Database\BaseConnection->simpleQuery('SELECT *\nFROM `...')
#3 C:\xampp\htdocs\webif21c-kel5\system\Database\BaseBuilder.php(1616): CodeIgniter\Database\BaseConnection->query('SELECT *\nFROM `...', Array, false)
#4 C:\xampp\htdocs\webif21c-kel5\app\Models\Model_auth.php(14): CodeIgniter\Database\BaseBuilder->get()
#5 C:\xampp\htdocs\webif21c-kel5\app\Controllers\Auth.php(45): App\Models\Model_auth->login('arifrivai@gmail...', '123')
#6 C:\xampp\htdocs\webif21c-kel5\system\CodeIgniter.php(934): App\Controllers\Auth->login()
#7 C:\xampp\htdocs\webif21c-kel5\system\CodeIgniter.php(499): CodeIgniter\CodeIgniter->runController(Object(App\Controllers\Auth))
#8 C:\xampp\htdocs\webif21c-kel5\system\CodeIgniter.php(368): CodeIgniter\CodeIgniter->handleRequest(NULL, Object(Config\Cache), false)
#9 C:\xampp\htdocs\webif21c-kel5\public\index.php(67): CodeIgniter\CodeIgniter->run()
#10 {main}
CRITICAL - 2023-05-15 12:22:36 --> Unknown column 'email' in 'where clause'
in SYSTEMPATH\Database\BaseConnection.php on line 645.
 1 SYSTEMPATH\Database\BaseBuilder.php(1616): CodeIgniter\Database\BaseConnection->query('SELECT *
FROM `tbl_user`
WHERE `email` = :email:
AND `password` = :password:', [...], false)
 2 APPPATH\Models\Model_auth.php(14): CodeIgniter\Database\BaseBuilder->get()
 3 APPPATH\Controllers\Auth.php(45): App\Models\Model_auth->login('arifrivai@gmail.com', '123')
 4 SYSTEMPATH\CodeIgniter.php(934): App\Controllers\Auth->login()
 5 SYSTEMPATH\CodeIgniter.php(499): CodeIgniter\CodeIgniter->runController(Object(App\Controllers\Auth))
 6 SYSTEMPATH\CodeIgniter.php(368): CodeIgniter\CodeIgniter->handleRequest(null, Object(Config\Cache), false)
 7 FCPATH\index.php(67): CodeIgniter\CodeIgniter->run()
ERROR - 2023-05-15 12:23:12 --> mysqli_sql_exception: Unknown column 'email' in 'where clause' in C:\xampp\htdocs\webif21c-kel5\system\Database\MySQLi\Connection.php:295
Stack trace:
#0 C:\xampp\htdocs\webif21c-kel5\system\Database\MySQLi\Connection.php(295): mysqli->query('SELECT *\nFROM `...', 0)
#1 C:\xampp\htdocs\webif21c-kel5\system\Database\BaseConnection.php(691): CodeIgniter\Database\MySQLi\Connection->execute('SELECT *\nFROM `...')
#2 C:\xampp\htdocs\webif21c-kel5\system\Database\BaseConnection.php(605): CodeIgniter\Database\BaseConnection->simpleQuery('SELECT *\nFROM `...')
#3 C:\xampp\htdocs\webif21c-kel5\system\Database\BaseBuilder.php(1616): CodeIgniter\Database\BaseConnection->query('SELECT *\nFROM `...', Array, false)
#4 C:\xampp\htdocs\webif21c-kel5\app\Models\Model_auth.php(14): CodeIgniter\Database\BaseBuilder->get()
#5 C:\xampp\htdocs\webif21c-kel5\app\Controllers\Auth.php(45): App\Models\Model_auth->login('admin', '123')
#6 C:\xampp\htdocs\webif21c-kel5\system\CodeIgniter.php(934): App\Controllers\Auth->login()
#7 C:\xampp\htdocs\webif21c-kel5\system\CodeIgniter.php(499): CodeIgniter\CodeIgniter->runController(Object(App\Controllers\Auth))
#8 C:\xampp\htdocs\webif21c-kel5\system\CodeIgniter.php(368): CodeIgniter\CodeIgniter->handleRequest(NULL, Object(Config\Cache), false)
#9 C:\xampp\htdocs\webif21c-kel5\public\index.php(67): CodeIgniter\CodeIgniter->run()
#10 {main}
CRITICAL - 2023-05-15 12:23:12 --> Unknown column 'email' in 'where clause'
in SYSTEMPATH\Database\BaseConnection.php on line 645.
 1 SYSTEMPATH\Database\BaseBuilder.php(1616): CodeIgniter\Database\BaseConnection->query('SELECT *
FROM `tbl_user`
WHERE `email` = :email:
AND `password` = :password:', [...], false)
 2 APPPATH\Models\Model_auth.php(14): CodeIgniter\Database\BaseBuilder->get()
 3 APPPATH\Controllers\Auth.php(45): App\Models\Model_auth->login('admin', '123')
 4 SYSTEMPATH\CodeIgniter.php(934): App\Controllers\Auth->login()
 5 SYSTEMPATH\CodeIgniter.php(499): CodeIgniter\CodeIgniter->runController(Object(App\Controllers\Auth))
 6 SYSTEMPATH\CodeIgniter.php(368): CodeIgniter\CodeIgniter->handleRequest(null, Object(Config\Cache), false)
 7 FCPATH\index.php(67): CodeIgniter\CodeIgniter->run()
ERROR - 2023-05-15 12:24:08 --> mysqli_sql_exception: Unknown column 'email' in 'where clause' in C:\xampp\htdocs\webif21c-kel5\system\Database\MySQLi\Connection.php:295
Stack trace:
#0 C:\xampp\htdocs\webif21c-kel5\system\Database\MySQLi\Connection.php(295): mysqli->query('SELECT *\nFROM `...', 0)
#1 C:\xampp\htdocs\webif21c-kel5\system\Database\BaseConnection.php(691): CodeIgniter\Database\MySQLi\Connection->execute('SELECT *\nFROM `...')
#2 C:\xampp\htdocs\webif21c-kel5\system\Database\BaseConnection.php(605): CodeIgniter\Database\BaseConnection->simpleQuery('SELECT *\nFROM `...')
#3 C:\xampp\htdocs\webif21c-kel5\system\Database\BaseBuilder.php(1616): CodeIgniter\Database\BaseConnection->query('SELECT *\nFROM `...', Array, false)
#4 C:\xampp\htdocs\webif21c-kel5\app\Models\Model_auth.php(14): CodeIgniter\Database\BaseBuilder->get()
#5 C:\xampp\htdocs\webif21c-kel5\app\Controllers\Auth.php(45): App\Models\Model_auth->login('admin', '123')
#6 C:\xampp\htdocs\webif21c-kel5\system\CodeIgniter.php(934): App\Controllers\Auth->login()
#7 C:\xampp\htdocs\webif21c-kel5\system\CodeIgniter.php(499): CodeIgniter\CodeIgniter->runController(Object(App\Controllers\Auth))
#8 C:\xampp\htdocs\webif21c-kel5\system\CodeIgniter.php(368): CodeIgniter\CodeIgniter->handleRequest(NULL, Object(Config\Cache), false)
#9 C:\xampp\htdocs\webif21c-kel5\public\index.php(67): CodeIgniter\CodeIgniter->run()
#10 {main}
CRITICAL - 2023-05-15 12:24:08 --> Unknown column 'email' in 'where clause'
in SYSTEMPATH\Database\BaseConnection.php on line 645.
 1 SYSTEMPATH\Database\BaseBuilder.php(1616): CodeIgniter\Database\BaseConnection->query('SELECT *
FROM `tbl_user`
WHERE `email` = :email:
AND `password` = :password:', [...], false)
 2 APPPATH\Models\Model_auth.php(14): CodeIgniter\Database\BaseBuilder->get()
 3 APPPATH\Controllers\Auth.php(45): App\Models\Model_auth->login('admin', '123')
 4 SYSTEMPATH\CodeIgniter.php(934): App\Controllers\Auth->login()
 5 SYSTEMPATH\CodeIgniter.php(499): CodeIgniter\CodeIgniter->runController(Object(App\Controllers\Auth))
 6 SYSTEMPATH\CodeIgniter.php(368): CodeIgniter\CodeIgniter->handleRequest(null, Object(Config\Cache), false)
 7 FCPATH\index.php(67): CodeIgniter\CodeIgniter->run()
ERROR - 2023-05-15 12:24:23 --> mysqli_sql_exception: Unknown column 'email' in 'where clause' in C:\xampp\htdocs\webif21c-kel5\system\Database\MySQLi\Connection.php:295
Stack trace:
#0 C:\xampp\htdocs\webif21c-kel5\system\Database\MySQLi\Connection.php(295): mysqli->query('SELECT *\nFROM `...', 0)
#1 C:\xampp\htdocs\webif21c-kel5\system\Database\BaseConnection.php(691): CodeIgniter\Database\MySQLi\Connection->execute('SELECT *\nFROM `...')
#2 C:\xampp\htdocs\webif21c-kel5\system\Database\BaseConnection.php(605): CodeIgniter\Database\BaseConnection->simpleQuery('SELECT *\nFROM `...')
#3 C:\xampp\htdocs\webif21c-kel5\system\Database\BaseBuilder.php(1616): CodeIgniter\Database\BaseConnection->query('SELECT *\nFROM `...', Array, false)
#4 C:\xampp\htdocs\webif21c-kel5\app\Models\Model_auth.php(14): CodeIgniter\Database\BaseBuilder->get()
#5 C:\xampp\htdocs\webif21c-kel5\app\Controllers\Auth.php(45): App\Models\Model_auth->login('keuangan', '123')
#6 C:\xampp\htdocs\webif21c-kel5\system\CodeIgniter.php(934): App\Controllers\Auth->login()
#7 C:\xampp\htdocs\webif21c-kel5\system\CodeIgniter.php(499): CodeIgniter\CodeIgniter->runController(Object(App\Controllers\Auth))
#8 C:\xampp\htdocs\webif21c-kel5\system\CodeIgniter.php(368): CodeIgniter\CodeIgniter->handleRequest(NULL, Object(Config\Cache), false)
#9 C:\xampp\htdocs\webif21c-kel5\public\index.php(67): CodeIgniter\CodeIgniter->run()
#10 {main}
CRITICAL - 2023-05-15 12:24:23 --> Unknown column 'email' in 'where clause'
in SYSTEMPATH\Database\BaseConnection.php on line 645.
 1 SYSTEMPATH\Database\BaseBuilder.php(1616): CodeIgniter\Database\BaseConnection->query('SELECT *
FROM `tbl_user`
WHERE `email` = :email:
AND `password` = :password:', [...], false)
 2 APPPATH\Models\Model_auth.php(14): CodeIgniter\Database\BaseBuilder->get()
 3 APPPATH\Controllers\Auth.php(45): App\Models\Model_auth->login('keuangan', '123')
 4 SYSTEMPATH\CodeIgniter.php(934): App\Controllers\Auth->login()
 5 SYSTEMPATH\CodeIgniter.php(499): CodeIgniter\CodeIgniter->runController(Object(App\Controllers\Auth))
 6 SYSTEMPATH\CodeIgniter.php(368): CodeIgniter\CodeIgniter->handleRequest(null, Object(Config\Cache), false)
 7 FCPATH\index.php(67): CodeIgniter\CodeIgniter->run()
ERROR - 2023-05-15 12:26:15 --> mysqli_sql_exception: Unknown column 'email' in 'where clause' in C:\xampp\htdocs\webif21c-kel5\system\Database\MySQLi\Connection.php:295
Stack trace:
#0 C:\xampp\htdocs\webif21c-kel5\system\Database\MySQLi\Connection.php(295): mysqli->query('SELECT *\nFROM `...', 0)
#1 C:\xampp\htdocs\webif21c-kel5\system\Database\BaseConnection.php(691): CodeIgniter\Database\MySQLi\Connection->execute('SELECT *\nFROM `...')
#2 C:\xampp\htdocs\webif21c-kel5\system\Database\BaseConnection.php(605): CodeIgniter\Database\BaseConnection->simpleQuery('SELECT *\nFROM `...')
#3 C:\xampp\htdocs\webif21c-kel5\system\Database\BaseBuilder.php(1616): CodeIgniter\Database\BaseConnection->query('SELECT *\nFROM `...', Array, false)
#4 C:\xampp\htdocs\webif21c-kel5\app\Models\Model_auth.php(14): CodeIgniter\Database\BaseBuilder->get()
#5 C:\xampp\htdocs\webif21c-kel5\app\Controllers\Auth.php(45): App\Models\Model_auth->login('admin', '123')
#6 C:\xampp\htdocs\webif21c-kel5\system\CodeIgniter.php(934): App\Controllers\Auth->login()
#7 C:\xampp\htdocs\webif21c-kel5\system\CodeIgniter.php(499): CodeIgniter\CodeIgniter->runController(Object(App\Controllers\Auth))
#8 C:\xampp\htdocs\webif21c-kel5\system\CodeIgniter.php(368): CodeIgniter\CodeIgniter->handleRequest(NULL, Object(Config\Cache), false)
#9 C:\xampp\htdocs\webif21c-kel5\public\index.php(67): CodeIgniter\CodeIgniter->run()
#10 {main}
CRITICAL - 2023-05-15 12:26:15 --> Unknown column 'email' in 'where clause'
in SYSTEMPATH\Database\BaseConnection.php on line 645.
 1 SYSTEMPATH\Database\BaseBuilder.php(1616): CodeIgniter\Database\BaseConnection->query('SELECT *
FROM `tbl_user`
WHERE `email` = :email:
AND `password` = :password:', [...], false)
 2 APPPATH\Models\Model_auth.php(14): CodeIgniter\Database\BaseBuilder->get()
 3 APPPATH\Controllers\Auth.php(45): App\Models\Model_auth->login('admin', '123')
 4 SYSTEMPATH\CodeIgniter.php(934): App\Controllers\Auth->login()
 5 SYSTEMPATH\CodeIgniter.php(499): CodeIgniter\CodeIgniter->runController(Object(App\Controllers\Auth))
 6 SYSTEMPATH\CodeIgniter.php(368): CodeIgniter\CodeIgniter->handleRequest(null, Object(Config\Cache), false)
 7 FCPATH\index.php(67): CodeIgniter\CodeIgniter->run()
ERROR - 2023-05-15 12:29:33 --> mysqli_sql_exception: Unknown column 'email' in 'where clause' in C:\xampp\htdocs\webif21c-kel5\system\Database\MySQLi\Connection.php:295
Stack trace:
#0 C:\xampp\htdocs\webif21c-kel5\system\Database\MySQLi\Connection.php(295): mysqli->query('SELECT *\nFROM `...', 0)
#1 C:\xampp\htdocs\webif21c-kel5\system\Database\BaseConnection.php(691): CodeIgniter\Database\MySQLi\Connection->execute('SELECT *\nFROM `...')
#2 C:\xampp\htdocs\webif21c-kel5\system\Database\BaseConnection.php(605): CodeIgniter\Database\BaseConnection->simpleQuery('SELECT *\nFROM `...')
#3 C:\xampp\htdocs\webif21c-kel5\system\Database\BaseBuilder.php(1616): CodeIgniter\Database\BaseConnection->query('SELECT *\nFROM `...', Array, false)
#4 C:\xampp\htdocs\webif21c-kel5\app\Models\Model_auth.php(14): CodeIgniter\Database\BaseBuilder->get()
#5 C:\xampp\htdocs\webif21c-kel5\app\Controllers\Auth.php(45): App\Models\Model_auth->login('admin', '123')
#6 C:\xampp\htdocs\webif21c-kel5\system\CodeIgniter.php(934): App\Controllers\Auth->login()
#7 C:\xampp\htdocs\webif21c-kel5\system\CodeIgniter.php(499): CodeIgniter\CodeIgniter->runController(Object(App\Controllers\Auth))
#8 C:\xampp\htdocs\webif21c-kel5\system\CodeIgniter.php(368): CodeIgniter\CodeIgniter->handleRequest(NULL, Object(Config\Cache), false)
#9 C:\xampp\htdocs\webif21c-kel5\public\index.php(67): CodeIgniter\CodeIgniter->run()
#10 {main}
CRITICAL - 2023-05-15 12:29:33 --> Unknown column 'email' in 'where clause'
in SYSTEMPATH\Database\BaseConnection.php on line 645.
 1 SYSTEMPATH\Database\BaseBuilder.php(1616): CodeIgniter\Database\BaseConnection->query('SELECT *
FROM `tbl_user`
WHERE `email` = :email:
AND `password` = :password:', [...], false)
 2 APPPATH\Models\Model_auth.php(14): CodeIgniter\Database\BaseBuilder->get()
 3 APPPATH\Controllers\Auth.php(45): App\Models\Model_auth->login('admin', '123')
 4 SYSTEMPATH\CodeIgniter.php(934): App\Controllers\Auth->login()
 5 SYSTEMPATH\CodeIgniter.php(499): CodeIgniter\CodeIgniter->runController(Object(App\Controllers\Auth))
 6 SYSTEMPATH\CodeIgniter.php(368): CodeIgniter\CodeIgniter->handleRequest(null, Object(Config\Cache), false)
 7 FCPATH\index.php(67): CodeIgniter\CodeIgniter->run()
ERROR - 2023-05-15 12:32:24 --> mysqli_sql_exception: Unknown column 'email' in 'where clause' in C:\xampp\htdocs\webif21c-kel5\system\Database\MySQLi\Connection.php:295
Stack trace:
#0 C:\xampp\htdocs\webif21c-kel5\system\Database\MySQLi\Connection.php(295): mysqli->query('SELECT *\nFROM `...', 0)
#1 C:\xampp\htdocs\webif21c-kel5\system\Database\BaseConnection.php(691): CodeIgniter\Database\MySQLi\Connection->execute('SELECT *\nFROM `...')
#2 C:\xampp\htdocs\webif21c-kel5\system\Database\BaseConnection.php(605): CodeIgniter\Database\BaseConnection->simpleQuery('SELECT *\nFROM `...')
#3 C:\xampp\htdocs\webif21c-kel5\system\Database\BaseBuilder.php(1616): CodeIgniter\Database\BaseConnection->query('SELECT *\nFROM `...', Array, false)
#4 C:\xampp\htdocs\webif21c-kel5\app\Models\Model_auth.php(14): CodeIgniter\Database\BaseBuilder->get()
#5 C:\xampp\htdocs\webif21c-kel5\app\Controllers\Auth.php(45): App\Models\Model_auth->login('admin', '123')
#6 C:\xampp\htdocs\webif21c-kel5\system\CodeIgniter.php(934): App\Controllers\Auth->login()
#7 C:\xampp\htdocs\webif21c-kel5\system\CodeIgniter.php(499): CodeIgniter\CodeIgniter->runController(Object(App\Controllers\Auth))
#8 C:\xampp\htdocs\webif21c-kel5\system\CodeIgniter.php(368): CodeIgniter\CodeIgniter->handleRequest(NULL, Object(Config\Cache), false)
#9 C:\xampp\htdocs\webif21c-kel5\public\index.php(67): CodeIgniter\CodeIgniter->run()
#10 {main}
CRITICAL - 2023-05-15 12:32:24 --> Unknown column 'email' in 'where clause'
in SYSTEMPATH\Database\BaseConnection.php on line 645.
 1 SYSTEMPATH\Database\BaseBuilder.php(1616): CodeIgniter\Database\BaseConnection->query('SELECT *
FROM `tbl_user`
WHERE `email` = :email:
AND `password` = :password:', [...], false)
 2 APPPATH\Models\Model_auth.php(14): CodeIgniter\Database\BaseBuilder->get()
 3 APPPATH\Controllers\Auth.php(45): App\Models\Model_auth->login('admin', '123')
 4 SYSTEMPATH\CodeIgniter.php(934): App\Controllers\Auth->login()
 5 SYSTEMPATH\CodeIgniter.php(499): CodeIgniter\CodeIgniter->runController(Object(App\Controllers\Auth))
 6 SYSTEMPATH\CodeIgniter.php(368): CodeIgniter\CodeIgniter->handleRequest(null, Object(Config\Cache), false)
 7 FCPATH\index.php(67): CodeIgniter\CodeIgniter->run()
ERROR - 2023-05-15 12:34:45 --> mysqli_sql_exception: Unknown column 'email' in 'where clause' in C:\xampp\htdocs\webif21c-kel5\system\Database\MySQLi\Connection.php:295
Stack trace:
#0 C:\xampp\htdocs\webif21c-kel5\system\Database\MySQLi\Connection.php(295): mysqli->query('SELECT *\nFROM `...', 0)
#1 C:\xampp\htdocs\webif21c-kel5\system\Database\BaseConnection.php(691): CodeIgniter\Database\MySQLi\Connection->execute('SELECT *\nFROM `...')
#2 C:\xampp\htdocs\webif21c-kel5\system\Database\BaseConnection.php(605): CodeIgniter\Database\BaseConnection->simpleQuery('SELECT *\nFROM `...')
#3 C:\xampp\htdocs\webif21c-kel5\system\Database\BaseBuilder.php(1616): CodeIgniter\Database\BaseConnection->query('SELECT *\nFROM `...', Array, false)
#4 C:\xampp\htdocs\webif21c-kel5\app\Models\Model_auth.php(14): CodeIgniter\Database\BaseBuilder->get()
#5 C:\xampp\htdocs\webif21c-kel5\app\Controllers\Auth.php(45): App\Models\Model_auth->login('admin', '123')
#6 C:\xampp\htdocs\webif21c-kel5\system\CodeIgniter.php(934): App\Controllers\Auth->login()
#7 C:\xampp\htdocs\webif21c-kel5\system\CodeIgniter.php(499): CodeIgniter\CodeIgniter->runController(Object(App\Controllers\Auth))
#8 C:\xampp\htdocs\webif21c-kel5\system\CodeIgniter.php(368): CodeIgniter\CodeIgniter->handleRequest(NULL, Object(Config\Cache), false)
#9 C:\xampp\htdocs\webif21c-kel5\public\index.php(67): CodeIgniter\CodeIgniter->run()
#10 {main}
CRITICAL - 2023-05-15 12:34:45 --> Unknown column 'email' in 'where clause'
in SYSTEMPATH\Database\BaseConnection.php on line 645.
 1 SYSTEMPATH\Database\BaseBuilder.php(1616): CodeIgniter\Database\BaseConnection->query('SELECT *
FROM `tbl_user`
WHERE `email` = :email:
AND `password` = :password:', [...], false)
 2 APPPATH\Models\Model_auth.php(14): CodeIgniter\Database\BaseBuilder->get()
 3 APPPATH\Controllers\Auth.php(45): App\Models\Model_auth->login('admin', '123')
 4 SYSTEMPATH\CodeIgniter.php(934): App\Controllers\Auth->login()
 5 SYSTEMPATH\CodeIgniter.php(499): CodeIgniter\CodeIgniter->runController(Object(App\Controllers\Auth))
 6 SYSTEMPATH\CodeIgniter.php(368): CodeIgniter\CodeIgniter->handleRequest(null, Object(Config\Cache), false)
 7 FCPATH\index.php(67): CodeIgniter\CodeIgniter->run()
ERROR - 2023-05-15 12:35:48 --> mysqli_sql_exception: Unknown column 'email' in 'where clause' in C:\xampp\htdocs\webif21c-kel5\system\Database\MySQLi\Connection.php:295
Stack trace:
#0 C:\xampp\htdocs\webif21c-kel5\system\Database\MySQLi\Connection.php(295): mysqli->query('SELECT *\nFROM `...', 0)
#1 C:\xampp\htdocs\webif21c-kel5\system\Database\BaseConnection.php(691): CodeIgniter\Database\MySQLi\Connection->execute('SELECT *\nFROM `...')
#2 C:\xampp\htdocs\webif21c-kel5\system\Database\BaseConnection.php(605): CodeIgniter\Database\BaseConnection->simpleQuery('SELECT *\nFROM `...')
#3 C:\xampp\htdocs\webif21c-kel5\system\Database\BaseBuilder.php(1616): CodeIgniter\Database\BaseConnection->query('SELECT *\nFROM `...', Array, false)
#4 C:\xampp\htdocs\webif21c-kel5\app\Models\Model_auth.php(14): CodeIgniter\Database\BaseBuilder->get()
#5 C:\xampp\htdocs\webif21c-kel5\app\Controllers\Auth.php(45): App\Models\Model_auth->login('admin', '123')
#6 C:\xampp\htdocs\webif21c-kel5\system\CodeIgniter.php(934): App\Controllers\Auth->login()
#7 C:\xampp\htdocs\webif21c-kel5\system\CodeIgniter.php(499): CodeIgniter\CodeIgniter->runController(Object(App\Controllers\Auth))
#8 C:\xampp\htdocs\webif21c-kel5\system\CodeIgniter.php(368): CodeIgniter\CodeIgniter->handleRequest(NULL, Object(Config\Cache), false)
#9 C:\xampp\htdocs\webif21c-kel5\public\index.php(67): CodeIgniter\CodeIgniter->run()
#10 {main}
CRITICAL - 2023-05-15 12:35:48 --> Unknown column 'email' in 'where clause'
in SYSTEMPATH\Database\BaseConnection.php on line 645.
 1 SYSTEMPATH\Database\BaseBuilder.php(1616): CodeIgniter\Database\BaseConnection->query('SELECT *
FROM `tbl_user`
WHERE `email` = :email:
AND `password` = :password:', [...], false)
 2 APPPATH\Models\Model_auth.php(14): CodeIgniter\Database\BaseBuilder->get()
 3 APPPATH\Controllers\Auth.php(45): App\Models\Model_auth->login('admin', '123')
 4 SYSTEMPATH\CodeIgniter.php(934): App\Controllers\Auth->login()
 5 SYSTEMPATH\CodeIgniter.php(499): CodeIgniter\CodeIgniter->runController(Object(App\Controllers\Auth))
 6 SYSTEMPATH\CodeIgniter.php(368): CodeIgniter\CodeIgniter->handleRequest(null, Object(Config\Cache), false)
 7 FCPATH\index.php(67): CodeIgniter\CodeIgniter->run()
ERROR - 2023-05-15 12:46:52 --> Error connecting to the database: mysqli_sql_exception: Unknown database 'db_webif21c-kel5' in C:\xampp\htdocs\webif21c-kel5\system\Database\MySQLi\Connection.php:173
Stack trace:
#0 C:\xampp\htdocs\webif21c-kel5\system\Database\MySQLi\Connection.php(173): mysqli->real_connect('localhost', 'root', Object(SensitiveParameterValue), 'db_webif21c-kel...', 3306, '', 0)
#1 C:\xampp\htdocs\webif21c-kel5\system\Database\BaseConnection.php(391): CodeIgniter\Database\MySQLi\Connection->connect(false)
#2 C:\xampp\htdocs\webif21c-kel5\system\Database\BaseConnection.php(573): CodeIgniter\Database\BaseConnection->initialize()
#3 C:\xampp\htdocs\webif21c-kel5\system\Database\BaseBuilder.php(1616): CodeIgniter\Database\BaseConnection->query('SELECT *\nFROM `...', Array, false)
#4 C:\xampp\htdocs\webif21c-kel5\app\Models\Model_auth.php(14): CodeIgniter\Database\BaseBuilder->get()
#5 C:\xampp\htdocs\webif21c-kel5\app\Controllers\Auth.php(45): App\Models\Model_auth->login('admin', '123')
#6 C:\xampp\htdocs\webif21c-kel5\system\CodeIgniter.php(934): App\Controllers\Auth->login()
#7 C:\xampp\htdocs\webif21c-kel5\system\CodeIgniter.php(499): CodeIgniter\CodeIgniter->runController(Object(App\Controllers\Auth))
#8 C:\xampp\htdocs\webif21c-kel5\system\CodeIgniter.php(368): CodeIgniter\CodeIgniter->handleRequest(NULL, Object(Config\Cache), false)
#9 C:\xampp\htdocs\webif21c-kel5\public\index.php(67): CodeIgniter\CodeIgniter->run()
#10 {main}

Next CodeIgniter\Database\Exceptions\DatabaseException: Unknown database 'db_webif21c-kel5' in C:\xampp\htdocs\webif21c-kel5\system\Database\MySQLi\Connection.php:218
Stack trace:
#0 C:\xampp\htdocs\webif21c-kel5\system\Database\BaseConnection.php(391): CodeIgniter\Database\MySQLi\Connection->connect(false)
#1 C:\xampp\htdocs\webif21c-kel5\system\Database\BaseConnection.php(573): CodeIgniter\Database\BaseConnection->initialize()
#2 C:\xampp\htdocs\webif21c-kel5\system\Database\BaseBuilder.php(1616): CodeIgniter\Database\BaseConnection->query('SELECT *\nFROM `...', Array, false)
#3 C:\xampp\htdocs\webif21c-kel5\app\Models\Model_auth.php(14): CodeIgniter\Database\BaseBuilder->get()
#4 C:\xampp\htdocs\webif21c-kel5\app\Controllers\Auth.php(45): App\Models\Model_auth->login('admin', '123')
#5 C:\xampp\htdocs\webif21c-kel5\system\CodeIgniter.php(934): App\Controllers\Auth->login()
#6 C:\xampp\htdocs\webif21c-kel5\system\CodeIgniter.php(499): CodeIgniter\CodeIgniter->runController(Object(App\Controllers\Auth))
#7 C:\xampp\htdocs\webif21c-kel5\system\CodeIgniter.php(368): CodeIgniter\CodeIgniter->handleRequest(NULL, Object(Config\Cache), false)
#8 C:\xampp\htdocs\webif21c-kel5\public\index.php(67): CodeIgniter\CodeIgniter->run()
#9 {main}
CRITICAL - 2023-05-15 12:46:52 --> Unable to connect to the database.
Main connection [MySQLi]: Unknown database 'db_webif21c-kel5'
in SYSTEMPATH\Database\BaseConnection.php on line 427.
 1 SYSTEMPATH\Database\BaseConnection.php(573): CodeIgniter\Database\BaseConnection->initialize()
 2 SYSTEMPATH\Database\BaseBuilder.php(1616): CodeIgniter\Database\BaseConnection->query('SELECT *
FROM `tbl_user`
WHERE `email` = :email:
AND `password` = :password:', [...], false)
 3 APPPATH\Models\Model_auth.php(14): CodeIgniter\Database\BaseBuilder->get()
 4 APPPATH\Controllers\Auth.php(45): App\Models\Model_auth->login('admin', '123')
 5 SYSTEMPATH\CodeIgniter.php(934): App\Controllers\Auth->login()
 6 SYSTEMPATH\CodeIgniter.php(499): CodeIgniter\CodeIgniter->runController(Object(App\Controllers\Auth))
 7 SYSTEMPATH\CodeIgniter.php(368): CodeIgniter\CodeIgniter->handleRequest(null, Object(Config\Cache), false)
 8 FCPATH\index.php(67): CodeIgniter\CodeIgniter->run()
ERROR - 2023-05-15 12:48:38 --> Error connecting to the database: mysqli_sql_exception: Unknown database 'db_webif21c-kel5' in C:\xampp\htdocs\webif21c-kel5\system\Database\MySQLi\Connection.php:173
Stack trace:
#0 C:\xampp\htdocs\webif21c-kel5\system\Database\MySQLi\Connection.php(173): mysqli->real_connect('localhost', 'root', Object(SensitiveParameterValue), 'db_webif21c-kel...', 3306, '', 0)
#1 C:\xampp\htdocs\webif21c-kel5\system\Database\BaseConnection.php(391): CodeIgniter\Database\MySQLi\Connection->connect(false)
#2 C:\xampp\htdocs\webif21c-kel5\system\Database\BaseConnection.php(573): CodeIgniter\Database\BaseConnection->initialize()
#3 C:\xampp\htdocs\webif21c-kel5\system\Database\BaseBuilder.php(1616): CodeIgniter\Database\BaseConnection->query('SELECT *\nFROM `...', Array, false)
#4 C:\xampp\htdocs\webif21c-kel5\app\Models\Model_auth.php(14): CodeIgniter\Database\BaseBuilder->get()
#5 C:\xampp\htdocs\webif21c-kel5\app\Controllers\Auth.php(45): App\Models\Model_auth->login('admin', '123')
#6 C:\xampp\htdocs\webif21c-kel5\system\CodeIgniter.php(934): App\Controllers\Auth->login()
#7 C:\xampp\htdocs\webif21c-kel5\system\CodeIgniter.php(499): CodeIgniter\CodeIgniter->runController(Object(App\Controllers\Auth))
#8 C:\xampp\htdocs\webif21c-kel5\system\CodeIgniter.php(368): CodeIgniter\CodeIgniter->handleRequest(NULL, Object(Config\Cache), false)
#9 C:\xampp\htdocs\webif21c-kel5\public\index.php(67): CodeIgniter\CodeIgniter->run()
#10 {main}

Next CodeIgniter\Database\Exceptions\DatabaseException: Unknown database 'db_webif21c-kel5' in C:\xampp\htdocs\webif21c-kel5\system\Database\MySQLi\Connection.php:218
Stack trace:
#0 C:\xampp\htdocs\webif21c-kel5\system\Database\BaseConnection.php(391): CodeIgniter\Database\MySQLi\Connection->connect(false)
#1 C:\xampp\htdocs\webif21c-kel5\system\Database\BaseConnection.php(573): CodeIgniter\Database\BaseConnection->initialize()
#2 C:\xampp\htdocs\webif21c-kel5\system\Database\BaseBuilder.php(1616): CodeIgniter\Database\BaseConnection->query('SELECT *\nFROM `...', Array, false)
#3 C:\xampp\htdocs\webif21c-kel5\app\Models\Model_auth.php(14): CodeIgniter\Database\BaseBuilder->get()
#4 C:\xampp\htdocs\webif21c-kel5\app\Controllers\Auth.php(45): App\Models\Model_auth->login('admin', '123')
#5 C:\xampp\htdocs\webif21c-kel5\system\CodeIgniter.php(934): App\Controllers\Auth->login()
#6 C:\xampp\htdocs\webif21c-kel5\system\CodeIgniter.php(499): CodeIgniter\CodeIgniter->runController(Object(App\Controllers\Auth))
#7 C:\xampp\htdocs\webif21c-kel5\system\CodeIgniter.php(368): CodeIgniter\CodeIgniter->handleRequest(NULL, Object(Config\Cache), false)
#8 C:\xampp\htdocs\webif21c-kel5\public\index.php(67): CodeIgniter\CodeIgniter->run()
#9 {main}
CRITICAL - 2023-05-15 12:48:38 --> Unable to connect to the database.
Main connection [MySQLi]: Unknown database 'db_webif21c-kel5'
in SYSTEMPATH\Database\BaseConnection.php on line 427.
 1 SYSTEMPATH\Database\BaseConnection.php(573): CodeIgniter\Database\BaseConnection->initialize()
 2 SYSTEMPATH\Database\BaseBuilder.php(1616): CodeIgniter\Database\BaseConnection->query('SELECT *
FROM `tbl_user`
WHERE `email` = :email:
AND `password` = :password:', [...], false)
 3 APPPATH\Models\Model_auth.php(14): CodeIgniter\Database\BaseBuilder->get()
 4 APPPATH\Controllers\Auth.php(45): App\Models\Model_auth->login('admin', '123')
 5 SYSTEMPATH\CodeIgniter.php(934): App\Controllers\Auth->login()
 6 SYSTEMPATH\CodeIgniter.php(499): CodeIgniter\CodeIgniter->runController(Object(App\Controllers\Auth))
 7 SYSTEMPATH\CodeIgniter.php(368): CodeIgniter\CodeIgniter->handleRequest(null, Object(Config\Cache), false)
 8 FCPATH\index.php(67): CodeIgniter\CodeIgniter->run()
ERROR - 2023-05-15 12:48:46 --> Error connecting to the database: mysqli_sql_exception: Unknown database 'db_webif21c-kel5' in C:\xampp\htdocs\webif21c-kel5\system\Database\MySQLi\Connection.php:173
Stack trace:
#0 C:\xampp\htdocs\webif21c-kel5\system\Database\MySQLi\Connection.php(173): mysqli->real_connect('localhost', 'root', Object(SensitiveParameterValue), 'db_webif21c-kel...', 3306, '', 0)
#1 C:\xampp\htdocs\webif21c-kel5\system\Database\BaseConnection.php(391): CodeIgniter\Database\MySQLi\Connection->connect(false)
#2 C:\xampp\htdocs\webif21c-kel5\system\Database\BaseConnection.php(573): CodeIgniter\Database\BaseConnection->initialize()
#3 C:\xampp\htdocs\webif21c-kel5\system\Database\BaseBuilder.php(1616): CodeIgniter\Database\BaseConnection->query('SELECT *\nFROM `...', Array, false)
#4 C:\xampp\htdocs\webif21c-kel5\app\Models\Model_auth.php(14): CodeIgniter\Database\BaseBuilder->get()
#5 C:\xampp\htdocs\webif21c-kel5\app\Controllers\Auth.php(45): App\Models\Model_auth->login('arifrivai@gmail...', '1234')
#6 C:\xampp\htdocs\webif21c-kel5\system\CodeIgniter.php(934): App\Controllers\Auth->login()
#7 C:\xampp\htdocs\webif21c-kel5\system\CodeIgniter.php(499): CodeIgniter\CodeIgniter->runController(Object(App\Controllers\Auth))
#8 C:\xampp\htdocs\webif21c-kel5\system\CodeIgniter.php(368): CodeIgniter\CodeIgniter->handleRequest(NULL, Object(Config\Cache), false)
#9 C:\xampp\htdocs\webif21c-kel5\public\index.php(67): CodeIgniter\CodeIgniter->run()
#10 {main}

Next CodeIgniter\Database\Exceptions\DatabaseException: Unknown database 'db_webif21c-kel5' in C:\xampp\htdocs\webif21c-kel5\system\Database\MySQLi\Connection.php:218
Stack trace:
#0 C:\xampp\htdocs\webif21c-kel5\system\Database\BaseConnection.php(391): CodeIgniter\Database\MySQLi\Connection->connect(false)
#1 C:\xampp\htdocs\webif21c-kel5\system\Database\BaseConnection.php(573): CodeIgniter\Database\BaseConnection->initialize()
#2 C:\xampp\htdocs\webif21c-kel5\system\Database\BaseBuilder.php(1616): CodeIgniter\Database\BaseConnection->query('SELECT *\nFROM `...', Array, false)
#3 C:\xampp\htdocs\webif21c-kel5\app\Models\Model_auth.php(14): CodeIgniter\Database\BaseBuilder->get()
#4 C:\xampp\htdocs\webif21c-kel5\app\Controllers\Auth.php(45): App\Models\Model_auth->login('arifrivai@gmail...', '1234')
#5 C:\xampp\htdocs\webif21c-kel5\system\CodeIgniter.php(934): App\Controllers\Auth->login()
#6 C:\xampp\htdocs\webif21c-kel5\system\CodeIgniter.php(499): CodeIgniter\CodeIgniter->runController(Object(App\Controllers\Auth))
#7 C:\xampp\htdocs\webif21c-kel5\system\CodeIgniter.php(368): CodeIgniter\CodeIgniter->handleRequest(NULL, Object(Config\Cache), false)
#8 C:\xampp\htdocs\webif21c-kel5\public\index.php(67): CodeIgniter\CodeIgniter->run()
#9 {main}
CRITICAL - 2023-05-15 12:48:46 --> Unable to connect to the database.
Main connection [MySQLi]: Unknown database 'db_webif21c-kel5'
in SYSTEMPATH\Database\BaseConnection.php on line 427.
 1 SYSTEMPATH\Database\BaseConnection.php(573): CodeIgniter\Database\BaseConnection->initialize()
 2 SYSTEMPATH\Database\BaseBuilder.php(1616): CodeIgniter\Database\BaseConnection->query('SELECT *
FROM `tbl_user`
WHERE `email` = :email:
AND `password` = :password:', [...], false)
 3 APPPATH\Models\Model_auth.php(14): CodeIgniter\Database\BaseBuilder->get()
 4 APPPATH\Controllers\Auth.php(45): App\Models\Model_auth->login('arifrivai@gmail.com', '1234')
 5 SYSTEMPATH\CodeIgniter.php(934): App\Controllers\Auth->login()
 6 SYSTEMPATH\CodeIgniter.php(499): CodeIgniter\CodeIgniter->runController(Object(App\Controllers\Auth))
 7 SYSTEMPATH\CodeIgniter.php(368): CodeIgniter\CodeIgniter->handleRequest(null, Object(Config\Cache), false)
 8 FCPATH\index.php(67): CodeIgniter\CodeIgniter->run()
ERROR - 2023-05-15 12:52:29 --> mysqli_sql_exception: Unknown column 'email' in 'where clause' in C:\xampp\htdocs\webif21c-kel5\system\Database\MySQLi\Connection.php:295
Stack trace:
#0 C:\xampp\htdocs\webif21c-kel5\system\Database\MySQLi\Connection.php(295): mysqli->query('SELECT *\nFROM `...', 0)
#1 C:\xampp\htdocs\webif21c-kel5\system\Database\BaseConnection.php(691): CodeIgniter\Database\MySQLi\Connection->execute('SELECT *\nFROM `...')
#2 C:\xampp\htdocs\webif21c-kel5\system\Database\BaseConnection.php(605): CodeIgniter\Database\BaseConnection->simpleQuery('SELECT *\nFROM `...')
#3 C:\xampp\htdocs\webif21c-kel5\system\Database\BaseBuilder.php(1616): CodeIgniter\Database\BaseConnection->query('SELECT *\nFROM `...', Array, false)
#4 C:\xampp\htdocs\webif21c-kel5\app\Models\Model_auth.php(14): CodeIgniter\Database\BaseBuilder->get()
#5 C:\xampp\htdocs\webif21c-kel5\app\Controllers\Auth.php(45): App\Models\Model_auth->login('admin', '123')
#6 C:\xampp\htdocs\webif21c-kel5\system\CodeIgniter.php(934): App\Controllers\Auth->login()
#7 C:\xampp\htdocs\webif21c-kel5\system\CodeIgniter.php(499): CodeIgniter\CodeIgniter->runController(Object(App\Controllers\Auth))
#8 C:\xampp\htdocs\webif21c-kel5\system\CodeIgniter.php(368): CodeIgniter\CodeIgniter->handleRequest(NULL, Object(Config\Cache), false)
#9 C:\xampp\htdocs\webif21c-kel5\public\index.php(67): CodeIgniter\CodeIgniter->run()
#10 {main}
CRITICAL - 2023-05-15 12:52:29 --> Unknown column 'email' in 'where clause'
in SYSTEMPATH\Database\BaseConnection.php on line 645.
 1 SYSTEMPATH\Database\BaseBuilder.php(1616): CodeIgniter\Database\BaseConnection->query('SELECT *
FROM `tbl_user`
WHERE `email` = :email:
AND `password` = :password:', [...], false)
 2 APPPATH\Models\Model_auth.php(14): CodeIgniter\Database\BaseBuilder->get()
 3 APPPATH\Controllers\Auth.php(45): App\Models\Model_auth->login('admin', '123')
 4 SYSTEMPATH\CodeIgniter.php(934): App\Controllers\Auth->login()
 5 SYSTEMPATH\CodeIgniter.php(499): CodeIgniter\CodeIgniter->runController(Object(App\Controllers\Auth))
 6 SYSTEMPATH\CodeIgniter.php(368): CodeIgniter\CodeIgniter->handleRequest(null, Object(Config\Cache), false)
 7 FCPATH\index.php(67): CodeIgniter\CodeIgniter->run()
ERROR - 2023-05-15 12:56:01 --> mysqli_sql_exception: Unknown column 'email' in 'where clause' in C:\xampp\htdocs\webif21c-kel5\system\Database\MySQLi\Connection.php:295
Stack trace:
#0 C:\xampp\htdocs\webif21c-kel5\system\Database\MySQLi\Connection.php(295): mysqli->query('SELECT *\nFROM `...', 0)
#1 C:\xampp\htdocs\webif21c-kel5\system\Database\BaseConnection.php(691): CodeIgniter\Database\MySQLi\Connection->execute('SELECT *\nFROM `...')
#2 C:\xampp\htdocs\webif21c-kel5\system\Database\BaseConnection.php(605): CodeIgniter\Database\BaseConnection->simpleQuery('SELECT *\nFROM `...')
#3 C:\xampp\htdocs\webif21c-kel5\system\Database\BaseBuilder.php(1616): CodeIgniter\Database\BaseConnection->query('SELECT *\nFROM `...', Array, false)
#4 C:\xampp\htdocs\webif21c-kel5\app\Models\Model_auth.php(14): CodeIgniter\Database\BaseBuilder->get()
#5 C:\xampp\htdocs\webif21c-kel5\app\Controllers\Auth.php(45): App\Models\Model_auth->login('admin', '123')
#6 C:\xampp\htdocs\webif21c-kel5\system\CodeIgniter.php(934): App\Controllers\Auth->login()
#7 C:\xampp\htdocs\webif21c-kel5\system\CodeIgniter.php(499): CodeIgniter\CodeIgniter->runController(Object(App\Controllers\Auth))
#8 C:\xampp\htdocs\webif21c-kel5\system\CodeIgniter.php(368): CodeIgniter\CodeIgniter->handleRequest(NULL, Object(Config\Cache), false)
#9 C:\xampp\htdocs\webif21c-kel5\public\index.php(67): CodeIgniter\CodeIgniter->run()
#10 {main}
CRITICAL - 2023-05-15 12:56:01 --> Unknown column 'email' in 'where clause'
in SYSTEMPATH\Database\BaseConnection.php on line 645.
 1 SYSTEMPATH\Database\BaseBuilder.php(1616): CodeIgniter\Database\BaseConnection->query('SELECT *
FROM `tbl_user`
WHERE `email` = :email:
AND `password` = :password:', [...], false)
 2 APPPATH\Models\Model_auth.php(14): CodeIgniter\Database\BaseBuilder->get()
 3 APPPATH\Controllers\Auth.php(45): App\Models\Model_auth->login('admin', '123')
 4 SYSTEMPATH\CodeIgniter.php(934): App\Controllers\Auth->login()
 5 SYSTEMPATH\CodeIgniter.php(499): CodeIgniter\CodeIgniter->runController(Object(App\Controllers\Auth))
 6 SYSTEMPATH\CodeIgniter.php(368): CodeIgniter\CodeIgniter->handleRequest(null, Object(Config\Cache), false)
 7 FCPATH\index.php(67): CodeIgniter\CodeIgniter->run()
ERROR - 2023-05-15 12:57:57 --> mysqli_sql_exception: Unknown column 'email' in 'where clause' in C:\xampp\htdocs\webif21c-kel5\system\Database\MySQLi\Connection.php:295
Stack trace:
#0 C:\xampp\htdocs\webif21c-kel5\system\Database\MySQLi\Connection.php(295): mysqli->query('SELECT *\nFROM `...', 0)
#1 C:\xampp\htdocs\webif21c-kel5\system\Database\BaseConnection.php(691): CodeIgniter\Database\MySQLi\Connection->execute('SELECT *\nFROM `...')
#2 C:\xampp\htdocs\webif21c-kel5\system\Database\BaseConnection.php(605): CodeIgniter\Database\BaseConnection->simpleQuery('SELECT *\nFROM `...')
#3 C:\xampp\htdocs\webif21c-kel5\system\Database\BaseBuilder.php(1616): CodeIgniter\Database\BaseConnection->query('SELECT *\nFROM `...', Array, false)
#4 C:\xampp\htdocs\webif21c-kel5\app\Models\Model_auth.php(14): CodeIgniter\Database\BaseBuilder->get()
#5 C:\xampp\htdocs\webif21c-kel5\app\Controllers\Auth.php(45): App\Models\Model_auth->login('arifrivai@gmail...', '1234')
#6 C:\xampp\htdocs\webif21c-kel5\system\CodeIgniter.php(934): App\Controllers\Auth->login()
#7 C:\xampp\htdocs\webif21c-kel5\system\CodeIgniter.php(499): CodeIgniter\CodeIgniter->runController(Object(App\Controllers\Auth))
#8 C:\xampp\htdocs\webif21c-kel5\system\CodeIgniter.php(368): CodeIgniter\CodeIgniter->handleRequest(NULL, Object(Config\Cache), false)
#9 C:\xampp\htdocs\webif21c-kel5\public\index.php(67): CodeIgniter\CodeIgniter->run()
#10 {main}
CRITICAL - 2023-05-15 12:57:57 --> Unknown column 'email' in 'where clause'
in SYSTEMPATH\Database\BaseConnection.php on line 645.
 1 SYSTEMPATH\Database\BaseBuilder.php(1616): CodeIgniter\Database\BaseConnection->query('SELECT *
FROM `tbl_user`
WHERE `email` = :email:
AND `password` = :password:', [...], false)
 2 APPPATH\Models\Model_auth.php(14): CodeIgniter\Database\BaseBuilder->get()
 3 APPPATH\Controllers\Auth.php(45): App\Models\Model_auth->login('arifrivai@gmail.com', '1234')
 4 SYSTEMPATH\CodeIgniter.php(934): App\Controllers\Auth->login()
 5 SYSTEMPATH\CodeIgniter.php(499): CodeIgniter\CodeIgniter->runController(Object(App\Controllers\Auth))
 6 SYSTEMPATH\CodeIgniter.php(368): CodeIgniter\CodeIgniter->handleRequest(null, Object(Config\Cache), false)
 7 FCPATH\index.php(67): CodeIgniter\CodeIgniter->run()
ERROR - 2023-05-15 12:58:02 --> mysqli_sql_exception: Unknown column 'email' in 'where clause' in C:\xampp\htdocs\webif21c-kel5\system\Database\MySQLi\Connection.php:295
Stack trace:
#0 C:\xampp\htdocs\webif21c-kel5\system\Database\MySQLi\Connection.php(295): mysqli->query('SELECT *\nFROM `...', 0)
#1 C:\xampp\htdocs\webif21c-kel5\system\Database\BaseConnection.php(691): CodeIgniter\Database\MySQLi\Connection->execute('SELECT *\nFROM `...')
#2 C:\xampp\htdocs\webif21c-kel5\system\Database\BaseConnection.php(605): CodeIgniter\Database\BaseConnection->simpleQuery('SELECT *\nFROM `...')
#3 C:\xampp\htdocs\webif21c-kel5\system\Database\BaseBuilder.php(1616): CodeIgniter\Database\BaseConnection->query('SELECT *\nFROM `...', Array, false)
#4 C:\xampp\htdocs\webif21c-kel5\app\Models\Model_auth.php(14): CodeIgniter\Database\BaseBuilder->get()
#5 C:\xampp\htdocs\webif21c-kel5\app\Controllers\Auth.php(45): App\Models\Model_auth->login('arifrivai@gmail...', '123')
#6 C:\xampp\htdocs\webif21c-kel5\system\CodeIgniter.php(934): App\Controllers\Auth->login()
#7 C:\xampp\htdocs\webif21c-kel5\system\CodeIgniter.php(499): CodeIgniter\CodeIgniter->runController(Object(App\Controllers\Auth))
#8 C:\xampp\htdocs\webif21c-kel5\system\CodeIgniter.php(368): CodeIgniter\CodeIgniter->handleRequest(NULL, Object(Config\Cache), false)
#9 C:\xampp\htdocs\webif21c-kel5\public\index.php(67): CodeIgniter\CodeIgniter->run()
#10 {main}
CRITICAL - 2023-05-15 12:58:02 --> Unknown column 'email' in 'where clause'
in SYSTEMPATH\Database\BaseConnection.php on line 645.
 1 SYSTEMPATH\Database\BaseBuilder.php(1616): CodeIgniter\Database\BaseConnection->query('SELECT *
FROM `tbl_user`
WHERE `email` = :email:
AND `password` = :password:', [...], false)
 2 APPPATH\Models\Model_auth.php(14): CodeIgniter\Database\BaseBuilder->get()
 3 APPPATH\Controllers\Auth.php(45): App\Models\Model_auth->login('arifrivai@gmail.com12', '123')
 4 SYSTEMPATH\CodeIgniter.php(934): App\Controllers\Auth->login()
 5 SYSTEMPATH\CodeIgniter.php(499): CodeIgniter\CodeIgniter->runController(Object(App\Controllers\Auth))
 6 SYSTEMPATH\CodeIgniter.php(368): CodeIgniter\CodeIgniter->handleRequest(null, Object(Config\Cache), false)
 7 FCPATH\index.php(67): CodeIgniter\CodeIgniter->run()
ERROR - 2023-05-15 12:59:44 --> mysqli_sql_exception: Unknown column 'email' in 'where clause' in C:\xampp\htdocs\webif21c-kel5\system\Database\MySQLi\Connection.php:295
Stack trace:
#0 C:\xampp\htdocs\webif21c-kel5\system\Database\MySQLi\Connection.php(295): mysqli->query('SELECT *\nFROM `...', 0)
#1 C:\xampp\htdocs\webif21c-kel5\system\Database\BaseConnection.php(691): CodeIgniter\Database\MySQLi\Connection->execute('SELECT *\nFROM `...')
#2 C:\xampp\htdocs\webif21c-kel5\system\Database\BaseConnection.php(605): CodeIgniter\Database\BaseConnection->simpleQuery('SELECT *\nFROM `...')
#3 C:\xampp\htdocs\webif21c-kel5\system\Database\BaseBuilder.php(1616): CodeIgniter\Database\BaseConnection->query('SELECT *\nFROM `...', Array, false)
#4 C:\xampp\htdocs\webif21c-kel5\app\Models\Model_auth.php(14): CodeIgniter\Database\BaseBuilder->get()
#5 C:\xampp\htdocs\webif21c-kel5\app\Controllers\Auth.php(45): App\Models\Model_auth->login('p', 'p')
#6 C:\xampp\htdocs\webif21c-kel5\system\CodeIgniter.php(934): App\Controllers\Auth->login()
#7 C:\xampp\htdocs\webif21c-kel5\system\CodeIgniter.php(499): CodeIgniter\CodeIgniter->runController(Object(App\Controllers\Auth))
#8 C:\xampp\htdocs\webif21c-kel5\system\CodeIgniter.php(368): CodeIgniter\CodeIgniter->handleRequest(NULL, Object(Config\Cache), false)
#9 C:\xampp\htdocs\webif21c-kel5\public\index.php(67): CodeIgniter\CodeIgniter->run()
#10 {main}
CRITICAL - 2023-05-15 12:59:44 --> Unknown column 'email' in 'where clause'
in SYSTEMPATH\Database\BaseConnection.php on line 645.
 1 SYSTEMPATH\Database\BaseBuilder.php(1616): CodeIgniter\Database\BaseConnection->query('SELECT *
FROM `tbl_user`
WHERE `email` = :email:
AND `password` = :password:', [...], false)
 2 APPPATH\Models\Model_auth.php(14): CodeIgniter\Database\BaseBuilder->get()
 3 APPPATH\Controllers\Auth.php(45): App\Models\Model_auth->login('p', 'p')
 4 SYSTEMPATH\CodeIgniter.php(934): App\Controllers\Auth->login()
 5 SYSTEMPATH\CodeIgniter.php(499): CodeIgniter\CodeIgniter->runController(Object(App\Controllers\Auth))
 6 SYSTEMPATH\CodeIgniter.php(368): CodeIgniter\CodeIgniter->handleRequest(null, Object(Config\Cache), false)
 7 FCPATH\index.php(67): CodeIgniter\CodeIgniter->run()
ERROR - 2023-05-15 14:12:36 --> mysqli_sql_exception: Unknown column 'email' in 'where clause' in C:\xampp\htdocs\webif21c-kel5\system\Database\MySQLi\Connection.php:295
Stack trace:
#0 C:\xampp\htdocs\webif21c-kel5\system\Database\MySQLi\Connection.php(295): mysqli->query('SELECT *\nFROM `...', 0)
#1 C:\xampp\htdocs\webif21c-kel5\system\Database\BaseConnection.php(691): CodeIgniter\Database\MySQLi\Connection->execute('SELECT *\nFROM `...')
#2 C:\xampp\htdocs\webif21c-kel5\system\Database\BaseConnection.php(605): CodeIgniter\Database\BaseConnection->simpleQuery('SELECT *\nFROM `...')
#3 C:\xampp\htdocs\webif21c-kel5\system\Database\BaseBuilder.php(1616): CodeIgniter\Database\BaseConnection->query('SELECT *\nFROM `...', Array, false)
#4 C:\xampp\htdocs\webif21c-kel5\app\Models\Model_auth.php(14): CodeIgniter\Database\BaseBuilder->get()
#5 C:\xampp\htdocs\webif21c-kel5\app\Controllers\Auth.php(45): App\Models\Model_auth->login('admin', '123')
#6 C:\xampp\htdocs\webif21c-kel5\system\CodeIgniter.php(934): App\Controllers\Auth->login()
#7 C:\xampp\htdocs\webif21c-kel5\system\CodeIgniter.php(499): CodeIgniter\CodeIgniter->runController(Object(App\Controllers\Auth))
#8 C:\xampp\htdocs\webif21c-kel5\system\CodeIgniter.php(368): CodeIgniter\CodeIgniter->handleRequest(NULL, Object(Config\Cache), false)
#9 C:\xampp\htdocs\webif21c-kel5\public\index.php(67): CodeIgniter\CodeIgniter->run()
#10 {main}
CRITICAL - 2023-05-15 14:12:36 --> Unknown column 'email' in 'where clause'
in SYSTEMPATH\Database\BaseConnection.php on line 645.
 1 SYSTEMPATH\Database\BaseBuilder.php(1616): CodeIgniter\Database\BaseConnection->query('SELECT *
FROM `tbl_user`
WHERE `email` = :email:
AND `password` = :password:', [...], false)
 2 APPPATH\Models\Model_auth.php(14): CodeIgniter\Database\BaseBuilder->get()
 3 APPPATH\Controllers\Auth.php(45): App\Models\Model_auth->login('admin', '123')
 4 SYSTEMPATH\CodeIgniter.php(934): App\Controllers\Auth->login()
 5 SYSTEMPATH\CodeIgniter.php(499): CodeIgniter\CodeIgniter->runController(Object(App\Controllers\Auth))
 6 SYSTEMPATH\CodeIgniter.php(368): CodeIgniter\CodeIgniter->handleRequest(null, Object(Config\Cache), false)
 7 FCPATH\index.php(67): CodeIgniter\CodeIgniter->run()
CRITICAL - 2023-05-15 14:17:02 --> Invalid file: "user\v_index.php"
in SYSTEMPATH\Exceptions\FrameworkException.php on line 33.
 1 SYSTEMPATH\View\View.php(201): CodeIgniter\Exceptions\FrameworkException::forInvalidFile('user\\v_index.php')
 2 SYSTEMPATH\Common.php(1184): CodeIgniter\View\View->render('user\\v_index', [], true)
 3 APPPATH\Views\layout\v_content.php(3): view('user\\v_index')
 4 SYSTEMPATH\View\View.php(213): include('APPPATH\\Views\\layout\\v_content.php')
 5 SYSTEMPATH\View\View.php(216): CodeIgniter\View\View->CodeIgniter\View\{closure}()
 6 SYSTEMPATH\Common.php(1184): CodeIgniter\View\View->render('layout/v_content', [], true)
 7 APPPATH\Views\layout\v_wrapper.php(4): view('layout/v_content')
 8 SYSTEMPATH\View\View.php(213): include('APPPATH\\Views\\layout\\v_wrapper.php')
 9 SYSTEMPATH\View\View.php(216): CodeIgniter\View\View->CodeIgniter\View\{closure}()
10 SYSTEMPATH\Common.php(1184): CodeIgniter\View\View->render('layout/v_wrapper', [], true)
11 APPPATH\Controllers\User.php(24): view('layout/v_wrapper', [...])
12 SYSTEMPATH\CodeIgniter.php(934): App\Controllers\User->index()
13 SYSTEMPATH\CodeIgniter.php(499): CodeIgniter\CodeIgniter->runController(Object(App\Controllers\User))
14 SYSTEMPATH\CodeIgniter.php(368): CodeIgniter\CodeIgniter->handleRequest(null, Object(Config\Cache), false)
15 FCPATH\index.php(67): CodeIgniter\CodeIgniter->run()
CRITICAL - 2023-05-15 14:17:08 --> Invalid file: "user\v_index.php"
in SYSTEMPATH\Exceptions\FrameworkException.php on line 33.
 1 SYSTEMPATH\View\View.php(201): CodeIgniter\Exceptions\FrameworkException::forInvalidFile('user\\v_index.php')
 2 SYSTEMPATH\Common.php(1184): CodeIgniter\View\View->render('user\\v_index', [], true)
 3 APPPATH\Views\layout\v_content.php(3): view('user\\v_index')
 4 SYSTEMPATH\View\View.php(213): include('APPPATH\\Views\\layout\\v_content.php')
 5 SYSTEMPATH\View\View.php(216): CodeIgniter\View\View->CodeIgniter\View\{closure}()
 6 SYSTEMPATH\Common.php(1184): CodeIgniter\View\View->render('layout/v_content', [], true)
 7 APPPATH\Views\layout\v_wrapper.php(4): view('layout/v_content')
 8 SYSTEMPATH\View\View.php(213): include('APPPATH\\Views\\layout\\v_wrapper.php')
 9 SYSTEMPATH\View\View.php(216): CodeIgniter\View\View->CodeIgniter\View\{closure}()
10 SYSTEMPATH\Common.php(1184): CodeIgniter\View\View->render('layout/v_wrapper', [], true)
11 APPPATH\Controllers\User.php(24): view('layout/v_wrapper', [...])
12 SYSTEMPATH\CodeIgniter.php(934): App\Controllers\User->index()
13 SYSTEMPATH\CodeIgniter.php(499): CodeIgniter\CodeIgniter->runController(Object(App\Controllers\User))
14 SYSTEMPATH\CodeIgniter.php(368): CodeIgniter\CodeIgniter->handleRequest(null, Object(Config\Cache), false)
15 FCPATH\index.php(67): CodeIgniter\CodeIgniter->run()
CRITICAL - 2023-05-15 14:17:12 --> Invalid file: "user\v_index.php"
in SYSTEMPATH\Exceptions\FrameworkException.php on line 33.
 1 SYSTEMPATH\View\View.php(201): CodeIgniter\Exceptions\FrameworkException::forInvalidFile('user\\v_index.php')
 2 SYSTEMPATH\Common.php(1184): CodeIgniter\View\View->render('user\\v_index', [], true)
 3 APPPATH\Views\layout\v_content.php(3): view('user\\v_index')
 4 SYSTEMPATH\View\View.php(213): include('APPPATH\\Views\\layout\\v_content.php')
 5 SYSTEMPATH\View\View.php(216): CodeIgniter\View\View->CodeIgniter\View\{closure}()
 6 SYSTEMPATH\Common.php(1184): CodeIgniter\View\View->render('layout/v_content', [], true)
 7 APPPATH\Views\layout\v_wrapper.php(4): view('layout/v_content')
 8 SYSTEMPATH\View\View.php(213): include('APPPATH\\Views\\layout\\v_wrapper.php')
 9 SYSTEMPATH\View\View.php(216): CodeIgniter\View\View->CodeIgniter\View\{closure}()
10 SYSTEMPATH\Common.php(1184): CodeIgniter\View\View->render('layout/v_wrapper', [], true)
11 APPPATH\Controllers\User.php(24): view('layout/v_wrapper', [...])
12 SYSTEMPATH\CodeIgniter.php(934): App\Controllers\User->index()
13 SYSTEMPATH\CodeIgniter.php(499): CodeIgniter\CodeIgniter->runController(Object(App\Controllers\User))
14 SYSTEMPATH\CodeIgniter.php(368): CodeIgniter\CodeIgniter->handleRequest(null, Object(Config\Cache), false)
15 FCPATH\index.php(67): CodeIgniter\CodeIgniter->run()
