ERROR - 2023-05-31 10:42:37 --> Error connecting to the database: mysqli_sql_exception: No connection could be made because the target machine actively refused it in C:\xampp\htdocs\webif21c-kel5\system\Database\MySQLi\Connection.php:173
Stack trace:
#0 C:\xampp\htdocs\webif21c-kel5\system\Database\MySQLi\Connection.php(173): mysqli->real_connect('localhost', 'root', Object(SensitiveParameterValue), 'webif21c_kel5', 3306, '', 0)
#1 C:\xampp\htdocs\webif21c-kel5\system\Database\BaseConnection.php(391): CodeIgniter\Database\MySQLi\Connection->connect(false)
#2 C:\xampp\htdocs\webif21c-kel5\system\Database\BaseConnection.php(573): CodeIgniter\Database\BaseConnection->initialize()
#3 C:\xampp\htdocs\webif21c-kel5\system\Database\BaseBuilder.php(1645): CodeIgniter\Database\BaseConnection->query('SELECT COUNT(*)...', NULL, false)
#4 C:\xampp\htdocs\webif21c-kel5\app\Models\Model_home.php(12): CodeIgniter\Database\BaseBuilder->countAll()
#5 C:\xampp\htdocs\webif21c-kel5\app\Controllers\Home.php(20): App\Models\Model_home->tot_arsip()
#6 C:\xampp\htdocs\webif21c-kel5\system\CodeIgniter.php(934): App\Controllers\Home->index()
#7 C:\xampp\htdocs\webif21c-kel5\system\CodeIgniter.php(499): CodeIgniter\CodeIgniter->runController(Object(App\Controllers\Home))
#8 C:\xampp\htdocs\webif21c-kel5\system\CodeIgniter.php(368): CodeIgniter\CodeIgniter->handleRequest(NULL, Object(Config\Cache), false)
#9 C:\xampp\htdocs\webif21c-kel5\public\index.php(67): CodeIgniter\CodeIgniter->run()
#10 {main}

Next CodeIgniter\Database\Exceptions\DatabaseException: No connection could be made because the target machine actively refused it in C:\xampp\htdocs\webif21c-kel5\system\Database\MySQLi\Connection.php:218
Stack trace:
#0 C:\xampp\htdocs\webif21c-kel5\system\Database\BaseConnection.php(391): CodeIgniter\Database\MySQLi\Connection->connect(false)
#1 C:\xampp\htdocs\webif21c-kel5\system\Database\BaseConnection.php(573): CodeIgniter\Database\BaseConnection->initialize()
#2 C:\xampp\htdocs\webif21c-kel5\system\Database\BaseBuilder.php(1645): CodeIgniter\Database\BaseConnection->query('SELECT COUNT(*)...', NULL, false)
#3 C:\xampp\htdocs\webif21c-kel5\app\Models\Model_home.php(12): CodeIgniter\Database\BaseBuilder->countAll()
#4 C:\xampp\htdocs\webif21c-kel5\app\Controllers\Home.php(20): App\Models\Model_home->tot_arsip()
#5 C:\xampp\htdocs\webif21c-kel5\system\CodeIgniter.php(934): App\Controllers\Home->index()
#6 C:\xampp\htdocs\webif21c-kel5\system\CodeIgniter.php(499): CodeIgniter\CodeIgniter->runController(Object(App\Controllers\Home))
#7 C:\xampp\htdocs\webif21c-kel5\system\CodeIgniter.php(368): CodeIgniter\CodeIgniter->handleRequest(NULL, Object(Config\Cache), false)
#8 C:\xampp\htdocs\webif21c-kel5\public\index.php(67): CodeIgniter\CodeIgniter->run()
#9 {main}
CRITICAL - 2023-05-31 10:42:37 --> Unable to connect to the database.
Main connection [MySQLi]: No connection could be made because the target machine actively refused it
in SYSTEMPATH\Database\BaseConnection.php on line 427.
 1 SYSTEMPATH\Database\BaseConnection.php(573): CodeIgniter\Database\BaseConnection->initialize()
 2 SYSTEMPATH\Database\BaseBuilder.php(1645): CodeIgniter\Database\BaseConnection->query('SELECT COUNT(*) AS `numrows` FROM `tbl_arsip`', null, false)
 3 APPPATH\Models\Model_home.php(12): CodeIgniter\Database\BaseBuilder->countAll()
 4 APPPATH\Controllers\Home.php(20): App\Models\Model_home->tot_arsip()
 5 SYSTEMPATH\CodeIgniter.php(934): App\Controllers\Home->index()
 6 SYSTEMPATH\CodeIgniter.php(499): CodeIgniter\CodeIgniter->runController(Object(App\Controllers\Home))
 7 SYSTEMPATH\CodeIgniter.php(368): CodeIgniter\CodeIgniter->handleRequest(null, Object(Config\Cache), false)
 8 FCPATH\index.php(67): CodeIgniter\CodeIgniter->run()
ERROR - 2023-05-31 10:43:21 --> Error connecting to the database: mysqli_sql_exception: No connection could be made because the target machine actively refused it in C:\xampp\htdocs\webif21c-kel5\system\Database\MySQLi\Connection.php:173
Stack trace:
#0 C:\xampp\htdocs\webif21c-kel5\system\Database\MySQLi\Connection.php(173): mysqli->real_connect('localhost', 'root', Object(SensitiveParameterValue), 'webif21c_kel5', 3306, '', 0)
#1 C:\xampp\htdocs\webif21c-kel5\system\Database\BaseConnection.php(391): CodeIgniter\Database\MySQLi\Connection->connect(false)
#2 C:\xampp\htdocs\webif21c-kel5\system\Database\BaseConnection.php(573): CodeIgniter\Database\BaseConnection->initialize()
#3 C:\xampp\htdocs\webif21c-kel5\system\Database\BaseBuilder.php(1645): CodeIgniter\Database\BaseConnection->query('SELECT COUNT(*)...', NULL, false)
#4 C:\xampp\htdocs\webif21c-kel5\app\Models\Model_home.php(12): CodeIgniter\Database\BaseBuilder->countAll()
#5 C:\xampp\htdocs\webif21c-kel5\app\Controllers\Home.php(20): App\Models\Model_home->tot_arsip()
#6 C:\xampp\htdocs\webif21c-kel5\system\CodeIgniter.php(934): App\Controllers\Home->index()
#7 C:\xampp\htdocs\webif21c-kel5\system\CodeIgniter.php(499): CodeIgniter\CodeIgniter->runController(Object(App\Controllers\Home))
#8 C:\xampp\htdocs\webif21c-kel5\system\CodeIgniter.php(368): CodeIgniter\CodeIgniter->handleRequest(NULL, Object(Config\Cache), false)
#9 C:\xampp\htdocs\webif21c-kel5\public\index.php(67): CodeIgniter\CodeIgniter->run()
#10 {main}

Next CodeIgniter\Database\Exceptions\DatabaseException: No connection could be made because the target machine actively refused it in C:\xampp\htdocs\webif21c-kel5\system\Database\MySQLi\Connection.php:218
Stack trace:
#0 C:\xampp\htdocs\webif21c-kel5\system\Database\BaseConnection.php(391): CodeIgniter\Database\MySQLi\Connection->connect(false)
#1 C:\xampp\htdocs\webif21c-kel5\system\Database\BaseConnection.php(573): CodeIgniter\Database\BaseConnection->initialize()
#2 C:\xampp\htdocs\webif21c-kel5\system\Database\BaseBuilder.php(1645): CodeIgniter\Database\BaseConnection->query('SELECT COUNT(*)...', NULL, false)
#3 C:\xampp\htdocs\webif21c-kel5\app\Models\Model_home.php(12): CodeIgniter\Database\BaseBuilder->countAll()
#4 C:\xampp\htdocs\webif21c-kel5\app\Controllers\Home.php(20): App\Models\Model_home->tot_arsip()
#5 C:\xampp\htdocs\webif21c-kel5\system\CodeIgniter.php(934): App\Controllers\Home->index()
#6 C:\xampp\htdocs\webif21c-kel5\system\CodeIgniter.php(499): CodeIgniter\CodeIgniter->runController(Object(App\Controllers\Home))
#7 C:\xampp\htdocs\webif21c-kel5\system\CodeIgniter.php(368): CodeIgniter\CodeIgniter->handleRequest(NULL, Object(Config\Cache), false)
#8 C:\xampp\htdocs\webif21c-kel5\public\index.php(67): CodeIgniter\CodeIgniter->run()
#9 {main}
CRITICAL - 2023-05-31 10:43:21 --> Unable to connect to the database.
Main connection [MySQLi]: No connection could be made because the target machine actively refused it
in SYSTEMPATH\Database\BaseConnection.php on line 427.
 1 SYSTEMPATH\Database\BaseConnection.php(573): CodeIgniter\Database\BaseConnection->initialize()
 2 SYSTEMPATH\Database\BaseBuilder.php(1645): CodeIgniter\Database\BaseConnection->query('SELECT COUNT(*) AS `numrows` FROM `tbl_arsip`', null, false)
 3 APPPATH\Models\Model_home.php(12): CodeIgniter\Database\BaseBuilder->countAll()
 4 APPPATH\Controllers\Home.php(20): App\Models\Model_home->tot_arsip()
 5 SYSTEMPATH\CodeIgniter.php(934): App\Controllers\Home->index()
 6 SYSTEMPATH\CodeIgniter.php(499): CodeIgniter\CodeIgniter->runController(Object(App\Controllers\Home))
 7 SYSTEMPATH\CodeIgniter.php(368): CodeIgniter\CodeIgniter->handleRequest(null, Object(Config\Cache), false)
 8 FCPATH\index.php(67): CodeIgniter\CodeIgniter->run()
