CRITICAL - 2023-05-10 12:18:08 --> Cannot access offset of type string on string
in APPPATH\Models\Model_Kategori.php on line 24.
 1 APPPATH\Controllers\Kategori.php(44): App\Models\Model_Kategori->edit('16', [...])
 2 SYSTEMPATH\CodeIgniter.php(934): App\Controllers\Kategori->edit('16')
 3 SYSTEMPATH\CodeIgniter.php(499): CodeIgniter\CodeIgniter->runController(Object(App\Controllers\Kategori))
 4 SYSTEMPATH\CodeIgniter.php(368): CodeIgniter\CodeIgniter->handleRequest(null, Object(Config\Cache), false)
 5 FCPATH\index.php(67): CodeIgniter\CodeIgniter->run()
CRITICAL - 2023-05-10 12:18:17 --> Undefined array key "id_kategori"
in APPPATH\Models\Model_Kategori.php on line 24.
 1 APPPATH\Models\Model_Kategori.php(24): CodeIgniter\Debug\Exceptions->errorHandler(2, 'Undefined array key "id_kategori"', 'APPPATH\\Models\\Model_Kategori.php', 24)
 2 APPPATH\Controllers\Kategori.php(41): App\Models\Model_Kategori->edit([...])
 3 SYSTEMPATH\CodeIgniter.php(934): App\Controllers\Kategori->edit('16')
 4 SYSTEMPATH\CodeIgniter.php(499): CodeIgniter\CodeIgniter->runController(Object(App\Controllers\Kategori))
 5 SYSTEMPATH\CodeIgniter.php(368): CodeIgniter\CodeIgniter->handleRequest(null, Object(Config\Cache), false)
 6 FCPATH\index.php(67): CodeIgniter\CodeIgniter->run()
CRITICAL - 2023-05-10 12:18:23 --> Undefined array key "id_kategori"
in APPPATH\Models\Model_Kategori.php on line 24.
 1 APPPATH\Models\Model_Kategori.php(24): CodeIgniter\Debug\Exceptions->errorHandler(2, 'Undefined array key "id_kategori"', 'APPPATH\\Models\\Model_Kategori.php', 24)
 2 APPPATH\Controllers\Kategori.php(41): App\Models\Model_Kategori->edit([...])
 3 SYSTEMPATH\CodeIgniter.php(934): App\Controllers\Kategori->edit('16')
 4 SYSTEMPATH\CodeIgniter.php(499): CodeIgniter\CodeIgniter->runController(Object(App\Controllers\Kategori))
 5 SYSTEMPATH\CodeIgniter.php(368): CodeIgniter\CodeIgniter->handleRequest(null, Object(Config\Cache), false)
 6 FCPATH\index.php(67): CodeIgniter\CodeIgniter->run()
CRITICAL - 2023-05-10 12:18:38 --> Undefined array key "id_kategori"
in APPPATH\Models\Model_Kategori.php on line 24.
 1 APPPATH\Models\Model_Kategori.php(24): CodeIgniter\Debug\Exceptions->errorHandler(2, 'Undefined array key "id_kategori"', 'APPPATH\\Models\\Model_Kategori.php', 24)
 2 APPPATH\Controllers\Kategori.php(41): App\Models\Model_Kategori->edit([...])
 3 SYSTEMPATH\CodeIgniter.php(934): App\Controllers\Kategori->edit('16')
 4 SYSTEMPATH\CodeIgniter.php(499): CodeIgniter\CodeIgniter->runController(Object(App\Controllers\Kategori))
 5 SYSTEMPATH\CodeIgniter.php(368): CodeIgniter\CodeIgniter->handleRequest(null, Object(Config\Cache), false)
 6 FCPATH\index.php(67): CodeIgniter\CodeIgniter->run()
CRITICAL - 2023-05-10 13:27:41 --> Class "App\Models\Model_Kategori" not found
in APPPATH\Controllers\Kategori.php on line 13.
 1 SYSTEMPATH\CodeIgniter.php(906): App\Controllers\Kategori->__construct()
 2 SYSTEMPATH\CodeIgniter.php(490): CodeIgniter\CodeIgniter->createController()
 3 SYSTEMPATH\CodeIgniter.php(368): CodeIgniter\CodeIgniter->handleRequest(null, Object(Config\Cache), false)
 4 FCPATH\index.php(67): CodeIgniter\CodeIgniter->run()
CRITICAL - 2023-05-10 13:27:45 --> Class "App\Models\Model_Kategori" not found
in APPPATH\Controllers\Kategori.php on line 13.
 1 SYSTEMPATH\CodeIgniter.php(906): App\Controllers\Kategori->__construct()
 2 SYSTEMPATH\CodeIgniter.php(490): CodeIgniter\CodeIgniter->createController()
 3 SYSTEMPATH\CodeIgniter.php(368): CodeIgniter\CodeIgniter->handleRequest(null, Object(Config\Cache), false)
 4 FCPATH\index.php(67): CodeIgniter\CodeIgniter->run()
CRITICAL - 2023-05-10 13:27:45 --> Class "App\Models\Model_Kategori" not found
in APPPATH\Controllers\Kategori.php on line 13.
 1 SYSTEMPATH\CodeIgniter.php(906): App\Controllers\Kategori->__construct()
 2 SYSTEMPATH\CodeIgniter.php(490): CodeIgniter\CodeIgniter->createController()
 3 SYSTEMPATH\CodeIgniter.php(368): CodeIgniter\CodeIgniter->handleRequest(null, Object(Config\Cache), false)
 4 FCPATH\index.php(67): CodeIgniter\CodeIgniter->run()
CRITICAL - 2023-05-10 13:27:46 --> Class "App\Models\Model_Kategori" not found
in APPPATH\Controllers\Kategori.php on line 13.
 1 SYSTEMPATH\CodeIgniter.php(906): App\Controllers\Kategori->__construct()
 2 SYSTEMPATH\CodeIgniter.php(490): CodeIgniter\CodeIgniter->createController()
 3 SYSTEMPATH\CodeIgniter.php(368): CodeIgniter\CodeIgniter->handleRequest(null, Object(Config\Cache), false)
 4 FCPATH\index.php(67): CodeIgniter\CodeIgniter->run()
CRITICAL - 2023-05-10 13:28:07 --> Class "App\Models\Model_Kategori" not found
in APPPATH\Controllers\Kategori.php on line 13.
 1 SYSTEMPATH\CodeIgniter.php(906): App\Controllers\Kategori->__construct()
 2 SYSTEMPATH\CodeIgniter.php(490): CodeIgniter\CodeIgniter->createController()
 3 SYSTEMPATH\CodeIgniter.php(368): CodeIgniter\CodeIgniter->handleRequest(null, Object(Config\Cache), false)
 4 FCPATH\index.php(67): CodeIgniter\CodeIgniter->run()
CRITICAL - 2023-05-10 13:28:08 --> Class "App\Models\Model_Kategori" not found
in APPPATH\Controllers\Kategori.php on line 13.
 1 SYSTEMPATH\CodeIgniter.php(906): App\Controllers\Kategori->__construct()
 2 SYSTEMPATH\CodeIgniter.php(490): CodeIgniter\CodeIgniter->createController()
 3 SYSTEMPATH\CodeIgniter.php(368): CodeIgniter\CodeIgniter->handleRequest(null, Object(Config\Cache), false)
 4 FCPATH\index.php(67): CodeIgniter\CodeIgniter->run()
CRITICAL - 2023-05-10 13:28:08 --> Class "App\Models\Model_Kategori" not found
in APPPATH\Controllers\Kategori.php on line 13.
 1 SYSTEMPATH\CodeIgniter.php(906): App\Controllers\Kategori->__construct()
 2 SYSTEMPATH\CodeIgniter.php(490): CodeIgniter\CodeIgniter->createController()
 3 SYSTEMPATH\CodeIgniter.php(368): CodeIgniter\CodeIgniter->handleRequest(null, Object(Config\Cache), false)
 4 FCPATH\index.php(67): CodeIgniter\CodeIgniter->run()
CRITICAL - 2023-05-10 13:28:08 --> Class "App\Models\Model_Kategori" not found
in APPPATH\Controllers\Kategori.php on line 13.
 1 SYSTEMPATH\CodeIgniter.php(906): App\Controllers\Kategori->__construct()
 2 SYSTEMPATH\CodeIgniter.php(490): CodeIgniter\CodeIgniter->createController()
 3 SYSTEMPATH\CodeIgniter.php(368): CodeIgniter\CodeIgniter->handleRequest(null, Object(Config\Cache), false)
 4 FCPATH\index.php(67): CodeIgniter\CodeIgniter->run()
CRITICAL - 2023-05-10 13:28:08 --> Class "App\Models\Model_Kategori" not found
in APPPATH\Controllers\Kategori.php on line 13.
 1 SYSTEMPATH\CodeIgniter.php(906): App\Controllers\Kategori->__construct()
 2 SYSTEMPATH\CodeIgniter.php(490): CodeIgniter\CodeIgniter->createController()
 3 SYSTEMPATH\CodeIgniter.php(368): CodeIgniter\CodeIgniter->handleRequest(null, Object(Config\Cache), false)
 4 FCPATH\index.php(67): CodeIgniter\CodeIgniter->run()
CRITICAL - 2023-05-10 13:28:20 --> Class "App\Models\Model_Kategori" not found
in APPPATH\Controllers\Kategori.php on line 13.
 1 SYSTEMPATH\CodeIgniter.php(906): App\Controllers\Kategori->__construct()
 2 SYSTEMPATH\CodeIgniter.php(490): CodeIgniter\CodeIgniter->createController()
 3 SYSTEMPATH\CodeIgniter.php(368): CodeIgniter\CodeIgniter->handleRequest(null, Object(Config\Cache), false)
 4 FCPATH\index.php(67): CodeIgniter\CodeIgniter->run()
CRITICAL - 2023-05-10 13:36:38 --> Class "App\Models\Model_Kategori" not found
in APPPATH\Controllers\Kategori.php on line 13.
 1 SYSTEMPATH\CodeIgniter.php(906): App\Controllers\kategori->__construct()
 2 SYSTEMPATH\CodeIgniter.php(490): CodeIgniter\CodeIgniter->createController()
 3 SYSTEMPATH\CodeIgniter.php(368): CodeIgniter\CodeIgniter->handleRequest(null, Object(Config\Cache), false)
 4 FCPATH\index.php(67): CodeIgniter\CodeIgniter->run()
CRITICAL - 2023-05-10 14:13:04 --> Class "App\Models\Model_Kategori" not found
in APPPATH\Controllers\Kategori.php on line 13.
 1 SYSTEMPATH\CodeIgniter.php(906): App\Controllers\Kategori->__construct()
 2 SYSTEMPATH\CodeIgniter.php(490): CodeIgniter\CodeIgniter->createController()
 3 SYSTEMPATH\CodeIgniter.php(368): CodeIgniter\CodeIgniter->handleRequest(null, Object(Config\Cache), false)
 4 FCPATH\index.php(67): CodeIgniter\CodeIgniter->run()
CRITICAL - 2023-05-10 14:13:06 --> Undefined array key "nama_file"
in APPPATH\Views\v_kategori.php on line 53.
 1 APPPATH\Views\v_kategori.php(53): CodeIgniter\Debug\Exceptions->errorHandler(2, 'Undefined array key "nama_file"', 'APPPATH\\Views\\v_kategori.php', 53)
 2 SYSTEMPATH\View\View.php(213): include('APPPATH\\Views\\v_kategori.php')
 3 SYSTEMPATH\View\View.php(216): CodeIgniter\View\View->CodeIgniter\View\{closure}()
 4 SYSTEMPATH\Common.php(1184): CodeIgniter\View\View->render('v_kategori', [], true)
 5 APPPATH\Views\layout\v_content.php(3): view('v_kategori')
 6 SYSTEMPATH\View\View.php(213): include('APPPATH\\Views\\layout\\v_content.php')
 7 SYSTEMPATH\View\View.php(216): CodeIgniter\View\View->CodeIgniter\View\{closure}()
 8 SYSTEMPATH\Common.php(1184): CodeIgniter\View\View->render('layout/v_content', [], true)
 9 APPPATH\Views\layout\v_wrapper.php(4): view('layout/v_content')
10 SYSTEMPATH\View\View.php(213): include('APPPATH\\Views\\layout\\v_wrapper.php')
11 SYSTEMPATH\View\View.php(216): CodeIgniter\View\View->CodeIgniter\View\{closure}()
12 SYSTEMPATH\Common.php(1184): CodeIgniter\View\View->render('layout/v_wrapper', [], true)
13 APPPATH\Controllers\Departemen.php(24): view('layout/v_wrapper', [...])
14 SYSTEMPATH\CodeIgniter.php(934): App\Controllers\Departemen->index()
15 SYSTEMPATH\CodeIgniter.php(499): CodeIgniter\CodeIgniter->runController(Object(App\Controllers\Departemen))
16 SYSTEMPATH\CodeIgniter.php(368): CodeIgniter\CodeIgniter->handleRequest(null, Object(Config\Cache), false)
17 FCPATH\index.php(67): CodeIgniter\CodeIgniter->run()
CRITICAL - 2023-05-10 14:13:10 --> Undefined array key "nama_file"
in APPPATH\Views\v_kategori.php on line 53.
 1 APPPATH\Views\v_kategori.php(53): CodeIgniter\Debug\Exceptions->errorHandler(2, 'Undefined array key "nama_file"', 'APPPATH\\Views\\v_kategori.php', 53)
 2 SYSTEMPATH\View\View.php(213): include('APPPATH\\Views\\v_kategori.php')
 3 SYSTEMPATH\View\View.php(216): CodeIgniter\View\View->CodeIgniter\View\{closure}()
 4 SYSTEMPATH\Common.php(1184): CodeIgniter\View\View->render('v_kategori', [], true)
 5 APPPATH\Views\layout\v_content.php(3): view('v_kategori')
 6 SYSTEMPATH\View\View.php(213): include('APPPATH\\Views\\layout\\v_content.php')
 7 SYSTEMPATH\View\View.php(216): CodeIgniter\View\View->CodeIgniter\View\{closure}()
 8 SYSTEMPATH\Common.php(1184): CodeIgniter\View\View->render('layout/v_content', [], true)
 9 APPPATH\Views\layout\v_wrapper.php(4): view('layout/v_content')
10 SYSTEMPATH\View\View.php(213): include('APPPATH\\Views\\layout\\v_wrapper.php')
11 SYSTEMPATH\View\View.php(216): CodeIgniter\View\View->CodeIgniter\View\{closure}()
12 SYSTEMPATH\Common.php(1184): CodeIgniter\View\View->render('layout/v_wrapper', [], true)
13 APPPATH\Controllers\Departemen.php(24): view('layout/v_wrapper', [...])
14 SYSTEMPATH\CodeIgniter.php(934): App\Controllers\Departemen->index()
15 SYSTEMPATH\CodeIgniter.php(499): CodeIgniter\CodeIgniter->runController(Object(App\Controllers\Departemen))
16 SYSTEMPATH\CodeIgniter.php(368): CodeIgniter\CodeIgniter->handleRequest(null, Object(Config\Cache), false)
17 FCPATH\index.php(67): CodeIgniter\CodeIgniter->run()
CRITICAL - 2023-05-10 14:13:21 --> Undefined array key "nama_file"
in APPPATH\Views\v_kategori.php on line 53.
 1 APPPATH\Views\v_kategori.php(53): CodeIgniter\Debug\Exceptions->errorHandler(2, 'Undefined array key "nama_file"', 'APPPATH\\Views\\v_kategori.php', 53)
 2 SYSTEMPATH\View\View.php(213): include('APPPATH\\Views\\v_kategori.php')
 3 SYSTEMPATH\View\View.php(216): CodeIgniter\View\View->CodeIgniter\View\{closure}()
 4 SYSTEMPATH\Common.php(1184): CodeIgniter\View\View->render('v_kategori', [], true)
 5 APPPATH\Views\layout\v_content.php(3): view('v_kategori')
 6 SYSTEMPATH\View\View.php(213): include('APPPATH\\Views\\layout\\v_content.php')
 7 SYSTEMPATH\View\View.php(216): CodeIgniter\View\View->CodeIgniter\View\{closure}()
 8 SYSTEMPATH\Common.php(1184): CodeIgniter\View\View->render('layout/v_content', [], true)
 9 APPPATH\Views\layout\v_wrapper.php(4): view('layout/v_content')
10 SYSTEMPATH\View\View.php(213): include('APPPATH\\Views\\layout\\v_wrapper.php')
11 SYSTEMPATH\View\View.php(216): CodeIgniter\View\View->CodeIgniter\View\{closure}()
12 SYSTEMPATH\Common.php(1184): CodeIgniter\View\View->render('layout/v_wrapper', [], true)
13 APPPATH\Controllers\Departemen.php(24): view('layout/v_wrapper', [...])
14 SYSTEMPATH\CodeIgniter.php(934): App\Controllers\Departemen->index()
15 SYSTEMPATH\CodeIgniter.php(499): CodeIgniter\CodeIgniter->runController(Object(App\Controllers\Departemen))
16 SYSTEMPATH\CodeIgniter.php(368): CodeIgniter\CodeIgniter->handleRequest(null, Object(Config\Cache), false)
17 FCPATH\index.php(67): CodeIgniter\CodeIgniter->run()
CRITICAL - 2023-05-10 14:14:34 --> Undefined array key "nama_file"
in APPPATH\Views\v_kategori.php on line 53.
 1 APPPATH\Views\v_kategori.php(53): CodeIgniter\Debug\Exceptions->errorHandler(2, 'Undefined array key "nama_file"', 'APPPATH\\Views\\v_kategori.php', 53)
 2 SYSTEMPATH\View\View.php(213): include('APPPATH\\Views\\v_kategori.php')
 3 SYSTEMPATH\View\View.php(216): CodeIgniter\View\View->CodeIgniter\View\{closure}()
 4 SYSTEMPATH\Common.php(1184): CodeIgniter\View\View->render('v_kategori', [], true)
 5 APPPATH\Views\layout\v_content.php(3): view('v_kategori')
 6 SYSTEMPATH\View\View.php(213): include('APPPATH\\Views\\layout\\v_content.php')
 7 SYSTEMPATH\View\View.php(216): CodeIgniter\View\View->CodeIgniter\View\{closure}()
 8 SYSTEMPATH\Common.php(1184): CodeIgniter\View\View->render('layout/v_content', [], true)
 9 APPPATH\Views\layout\v_wrapper.php(4): view('layout/v_content')
10 SYSTEMPATH\View\View.php(213): include('APPPATH\\Views\\layout\\v_wrapper.php')
11 SYSTEMPATH\View\View.php(216): CodeIgniter\View\View->CodeIgniter\View\{closure}()
12 SYSTEMPATH\Common.php(1184): CodeIgniter\View\View->render('layout/v_wrapper', [], true)
13 APPPATH\Controllers\Departemen.php(24): view('layout/v_wrapper', [...])
14 SYSTEMPATH\CodeIgniter.php(934): App\Controllers\Departemen->index()
15 SYSTEMPATH\CodeIgniter.php(499): CodeIgniter\CodeIgniter->runController(Object(App\Controllers\Departemen))
16 SYSTEMPATH\CodeIgniter.php(368): CodeIgniter\CodeIgniter->handleRequest(null, Object(Config\Cache), false)
17 FCPATH\index.php(67): CodeIgniter\CodeIgniter->run()
CRITICAL - 2023-05-10 14:15:42 --> Undefined array key "nama_file"
in APPPATH\Views\v_kategori.php on line 53.
 1 APPPATH\Views\v_kategori.php(53): CodeIgniter\Debug\Exceptions->errorHandler(2, 'Undefined array key "nama_file"', 'APPPATH\\Views\\v_kategori.php', 53)
 2 SYSTEMPATH\View\View.php(213): include('APPPATH\\Views\\v_kategori.php')
 3 SYSTEMPATH\View\View.php(216): CodeIgniter\View\View->CodeIgniter\View\{closure}()
 4 SYSTEMPATH\Common.php(1184): CodeIgniter\View\View->render('v_kategori', [], true)
 5 APPPATH\Views\layout\v_content.php(3): view('v_kategori')
 6 SYSTEMPATH\View\View.php(213): include('APPPATH\\Views\\layout\\v_content.php')
 7 SYSTEMPATH\View\View.php(216): CodeIgniter\View\View->CodeIgniter\View\{closure}()
 8 SYSTEMPATH\Common.php(1184): CodeIgniter\View\View->render('layout/v_content', [], true)
 9 APPPATH\Views\layout\v_wrapper.php(4): view('layout/v_content')
10 SYSTEMPATH\View\View.php(213): include('APPPATH\\Views\\layout\\v_wrapper.php')
11 SYSTEMPATH\View\View.php(216): CodeIgniter\View\View->CodeIgniter\View\{closure}()
12 SYSTEMPATH\Common.php(1184): CodeIgniter\View\View->render('layout/v_wrapper', [], true)
13 APPPATH\Controllers\Departemen.php(24): view('layout/v_wrapper', [...])
14 SYSTEMPATH\CodeIgniter.php(934): App\Controllers\Departemen->index()
15 SYSTEMPATH\CodeIgniter.php(499): CodeIgniter\CodeIgniter->runController(Object(App\Controllers\Departemen))
16 SYSTEMPATH\CodeIgniter.php(368): CodeIgniter\CodeIgniter->handleRequest(null, Object(Config\Cache), false)
17 FCPATH\index.php(67): CodeIgniter\CodeIgniter->run()
CRITICAL - 2023-05-10 14:16:35 --> Undefined array key "nama_file"
in APPPATH\Views\v_kategori.php on line 53.
 1 APPPATH\Views\v_kategori.php(53): CodeIgniter\Debug\Exceptions->errorHandler(2, 'Undefined array key "nama_file"', 'APPPATH\\Views\\v_kategori.php', 53)
 2 SYSTEMPATH\View\View.php(213): include('APPPATH\\Views\\v_kategori.php')
 3 SYSTEMPATH\View\View.php(216): CodeIgniter\View\View->CodeIgniter\View\{closure}()
 4 SYSTEMPATH\Common.php(1184): CodeIgniter\View\View->render('v_kategori', [], true)
 5 APPPATH\Views\layout\v_content.php(3): view('v_kategori')
 6 SYSTEMPATH\View\View.php(213): include('APPPATH\\Views\\layout\\v_content.php')
 7 SYSTEMPATH\View\View.php(216): CodeIgniter\View\View->CodeIgniter\View\{closure}()
 8 SYSTEMPATH\Common.php(1184): CodeIgniter\View\View->render('layout/v_content', [], true)
 9 APPPATH\Views\layout\v_wrapper.php(4): view('layout/v_content')
10 SYSTEMPATH\View\View.php(213): include('APPPATH\\Views\\layout\\v_wrapper.php')
11 SYSTEMPATH\View\View.php(216): CodeIgniter\View\View->CodeIgniter\View\{closure}()
12 SYSTEMPATH\Common.php(1184): CodeIgniter\View\View->render('layout/v_wrapper', [], true)
13 APPPATH\Controllers\Departemen.php(24): view('layout/v_wrapper', [...])
14 SYSTEMPATH\CodeIgniter.php(934): App\Controllers\Departemen->index()
15 SYSTEMPATH\CodeIgniter.php(499): CodeIgniter\CodeIgniter->runController(Object(App\Controllers\Departemen))
16 SYSTEMPATH\CodeIgniter.php(368): CodeIgniter\CodeIgniter->handleRequest(null, Object(Config\Cache), false)
17 FCPATH\index.php(67): CodeIgniter\CodeIgniter->run()
CRITICAL - 2023-05-10 14:16:38 --> Undefined array key "nama_file"
in APPPATH\Views\v_kategori.php on line 53.
 1 APPPATH\Views\v_kategori.php(53): CodeIgniter\Debug\Exceptions->errorHandler(2, 'Undefined array key "nama_file"', 'APPPATH\\Views\\v_kategori.php', 53)
 2 SYSTEMPATH\View\View.php(213): include('APPPATH\\Views\\v_kategori.php')
 3 SYSTEMPATH\View\View.php(216): CodeIgniter\View\View->CodeIgniter\View\{closure}()
 4 SYSTEMPATH\Common.php(1184): CodeIgniter\View\View->render('v_kategori', [], true)
 5 APPPATH\Views\layout\v_content.php(3): view('v_kategori')
 6 SYSTEMPATH\View\View.php(213): include('APPPATH\\Views\\layout\\v_content.php')
 7 SYSTEMPATH\View\View.php(216): CodeIgniter\View\View->CodeIgniter\View\{closure}()
 8 SYSTEMPATH\Common.php(1184): CodeIgniter\View\View->render('layout/v_content', [], true)
 9 APPPATH\Views\layout\v_wrapper.php(4): view('layout/v_content')
10 SYSTEMPATH\View\View.php(213): include('APPPATH\\Views\\layout\\v_wrapper.php')
11 SYSTEMPATH\View\View.php(216): CodeIgniter\View\View->CodeIgniter\View\{closure}()
12 SYSTEMPATH\Common.php(1184): CodeIgniter\View\View->render('layout/v_wrapper', [], true)
13 APPPATH\Controllers\Departemen.php(24): view('layout/v_wrapper', [...])
14 SYSTEMPATH\CodeIgniter.php(934): App\Controllers\Departemen->index()
15 SYSTEMPATH\CodeIgniter.php(499): CodeIgniter\CodeIgniter->runController(Object(App\Controllers\Departemen))
16 SYSTEMPATH\CodeIgniter.php(368): CodeIgniter\CodeIgniter->handleRequest(null, Object(Config\Cache), false)
17 FCPATH\index.php(67): CodeIgniter\CodeIgniter->run()
CRITICAL - 2023-05-10 14:19:12 --> Undefined array key "nama_file"
in APPPATH\Views\v_kategori.php on line 53.
 1 APPPATH\Views\v_kategori.php(53): CodeIgniter\Debug\Exceptions->errorHandler(2, 'Undefined array key "nama_file"', 'APPPATH\\Views\\v_kategori.php', 53)
 2 SYSTEMPATH\View\View.php(213): include('APPPATH\\Views\\v_kategori.php')
 3 SYSTEMPATH\View\View.php(216): CodeIgniter\View\View->CodeIgniter\View\{closure}()
 4 SYSTEMPATH\Common.php(1184): CodeIgniter\View\View->render('v_kategori', [], true)
 5 APPPATH\Views\layout\v_content.php(3): view('v_kategori')
 6 SYSTEMPATH\View\View.php(213): include('APPPATH\\Views\\layout\\v_content.php')
 7 SYSTEMPATH\View\View.php(216): CodeIgniter\View\View->CodeIgniter\View\{closure}()
 8 SYSTEMPATH\Common.php(1184): CodeIgniter\View\View->render('layout/v_content', [], true)
 9 APPPATH\Views\layout\v_wrapper.php(4): view('layout/v_content')
10 SYSTEMPATH\View\View.php(213): include('APPPATH\\Views\\layout\\v_wrapper.php')
11 SYSTEMPATH\View\View.php(216): CodeIgniter\View\View->CodeIgniter\View\{closure}()
12 SYSTEMPATH\Common.php(1184): CodeIgniter\View\View->render('layout/v_wrapper', [], true)
13 APPPATH\Controllers\Departemen.php(24): view('layout/v_wrapper', [...])
14 SYSTEMPATH\CodeIgniter.php(934): App\Controllers\Departemen->index()
15 SYSTEMPATH\CodeIgniter.php(499): CodeIgniter\CodeIgniter->runController(Object(App\Controllers\Departemen))
16 SYSTEMPATH\CodeIgniter.php(368): CodeIgniter\CodeIgniter->handleRequest(null, Object(Config\Cache), false)
17 FCPATH\index.php(67): CodeIgniter\CodeIgniter->run()
CRITICAL - 2023-05-10 14:19:13 --> Undefined array key "nama_file"
in APPPATH\Views\v_kategori.php on line 53.
 1 APPPATH\Views\v_kategori.php(53): CodeIgniter\Debug\Exceptions->errorHandler(2, 'Undefined array key "nama_file"', 'APPPATH\\Views\\v_kategori.php', 53)
 2 SYSTEMPATH\View\View.php(213): include('APPPATH\\Views\\v_kategori.php')
 3 SYSTEMPATH\View\View.php(216): CodeIgniter\View\View->CodeIgniter\View\{closure}()
 4 SYSTEMPATH\Common.php(1184): CodeIgniter\View\View->render('v_kategori', [], true)
 5 APPPATH\Views\layout\v_content.php(3): view('v_kategori')
 6 SYSTEMPATH\View\View.php(213): include('APPPATH\\Views\\layout\\v_content.php')
 7 SYSTEMPATH\View\View.php(216): CodeIgniter\View\View->CodeIgniter\View\{closure}()
 8 SYSTEMPATH\Common.php(1184): CodeIgniter\View\View->render('layout/v_content', [], true)
 9 APPPATH\Views\layout\v_wrapper.php(4): view('layout/v_content')
10 SYSTEMPATH\View\View.php(213): include('APPPATH\\Views\\layout\\v_wrapper.php')
11 SYSTEMPATH\View\View.php(216): CodeIgniter\View\View->CodeIgniter\View\{closure}()
12 SYSTEMPATH\Common.php(1184): CodeIgniter\View\View->render('layout/v_wrapper', [], true)
13 APPPATH\Controllers\Departemen.php(24): view('layout/v_wrapper', [...])
14 SYSTEMPATH\CodeIgniter.php(934): App\Controllers\Departemen->index()
15 SYSTEMPATH\CodeIgniter.php(499): CodeIgniter\CodeIgniter->runController(Object(App\Controllers\Departemen))
16 SYSTEMPATH\CodeIgniter.php(368): CodeIgniter\CodeIgniter->handleRequest(null, Object(Config\Cache), false)
17 FCPATH\index.php(67): CodeIgniter\CodeIgniter->run()
CRITICAL - 2023-05-10 14:19:16 --> Undefined array key "nama_file"
in APPPATH\Views\v_kategori.php on line 53.
 1 APPPATH\Views\v_kategori.php(53): CodeIgniter\Debug\Exceptions->errorHandler(2, 'Undefined array key "nama_file"', 'APPPATH\\Views\\v_kategori.php', 53)
 2 SYSTEMPATH\View\View.php(213): include('APPPATH\\Views\\v_kategori.php')
 3 SYSTEMPATH\View\View.php(216): CodeIgniter\View\View->CodeIgniter\View\{closure}()
 4 SYSTEMPATH\Common.php(1184): CodeIgniter\View\View->render('v_kategori', [], true)
 5 APPPATH\Views\layout\v_content.php(3): view('v_kategori')
 6 SYSTEMPATH\View\View.php(213): include('APPPATH\\Views\\layout\\v_content.php')
 7 SYSTEMPATH\View\View.php(216): CodeIgniter\View\View->CodeIgniter\View\{closure}()
 8 SYSTEMPATH\Common.php(1184): CodeIgniter\View\View->render('layout/v_content', [], true)
 9 APPPATH\Views\layout\v_wrapper.php(4): view('layout/v_content')
10 SYSTEMPATH\View\View.php(213): include('APPPATH\\Views\\layout\\v_wrapper.php')
11 SYSTEMPATH\View\View.php(216): CodeIgniter\View\View->CodeIgniter\View\{closure}()
12 SYSTEMPATH\Common.php(1184): CodeIgniter\View\View->render('layout/v_wrapper', [], true)
13 APPPATH\Controllers\Departemen.php(24): view('layout/v_wrapper', [...])
14 SYSTEMPATH\CodeIgniter.php(934): App\Controllers\Departemen->index()
15 SYSTEMPATH\CodeIgniter.php(499): CodeIgniter\CodeIgniter->runController(Object(App\Controllers\Departemen))
16 SYSTEMPATH\CodeIgniter.php(368): CodeIgniter\CodeIgniter->handleRequest(null, Object(Config\Cache), false)
17 FCPATH\index.php(67): CodeIgniter\CodeIgniter->run()
CRITICAL - 2023-05-10 14:20:58 --> Undefined array key "nama_file"
in APPPATH\Views\v_kategori.php on line 53.
 1 APPPATH\Views\v_kategori.php(53): CodeIgniter\Debug\Exceptions->errorHandler(2, 'Undefined array key "nama_file"', 'APPPATH\\Views\\v_kategori.php', 53)
 2 SYSTEMPATH\View\View.php(213): include('APPPATH\\Views\\v_kategori.php')
 3 SYSTEMPATH\View\View.php(216): CodeIgniter\View\View->CodeIgniter\View\{closure}()
 4 SYSTEMPATH\Common.php(1184): CodeIgniter\View\View->render('v_kategori', [], true)
 5 APPPATH\Views\layout\v_content.php(3): view('v_kategori')
 6 SYSTEMPATH\View\View.php(213): include('APPPATH\\Views\\layout\\v_content.php')
 7 SYSTEMPATH\View\View.php(216): CodeIgniter\View\View->CodeIgniter\View\{closure}()
 8 SYSTEMPATH\Common.php(1184): CodeIgniter\View\View->render('layout/v_content', [], true)
 9 APPPATH\Views\layout\v_wrapper.php(4): view('layout/v_content')
10 SYSTEMPATH\View\View.php(213): include('APPPATH\\Views\\layout\\v_wrapper.php')
11 SYSTEMPATH\View\View.php(216): CodeIgniter\View\View->CodeIgniter\View\{closure}()
12 SYSTEMPATH\Common.php(1184): CodeIgniter\View\View->render('layout/v_wrapper', [], true)
13 APPPATH\Controllers\Departemen.php(24): view('layout/v_wrapper', [...])
14 SYSTEMPATH\CodeIgniter.php(934): App\Controllers\Departemen->index()
15 SYSTEMPATH\CodeIgniter.php(499): CodeIgniter\CodeIgniter->runController(Object(App\Controllers\Departemen))
16 SYSTEMPATH\CodeIgniter.php(368): CodeIgniter\CodeIgniter->handleRequest(null, Object(Config\Cache), false)
17 FCPATH\index.php(67): CodeIgniter\CodeIgniter->run()
CRITICAL - 2023-05-10 14:21:02 --> Class "App\Models\Model_Kategori" not found
in APPPATH\Controllers\Kategori.php on line 13.
 1 SYSTEMPATH\CodeIgniter.php(906): App\Controllers\Kategori->__construct()
 2 SYSTEMPATH\CodeIgniter.php(490): CodeIgniter\CodeIgniter->createController()
 3 SYSTEMPATH\CodeIgniter.php(368): CodeIgniter\CodeIgniter->handleRequest(null, Object(Config\Cache), false)
 4 FCPATH\index.php(67): CodeIgniter\CodeIgniter->run()
CRITICAL - 2023-05-10 14:21:07 --> Undefined array key "nama_file"
in APPPATH\Views\v_kategori.php on line 53.
 1 APPPATH\Views\v_kategori.php(53): CodeIgniter\Debug\Exceptions->errorHandler(2, 'Undefined array key "nama_file"', 'APPPATH\\Views\\v_kategori.php', 53)
 2 SYSTEMPATH\View\View.php(213): include('APPPATH\\Views\\v_kategori.php')
 3 SYSTEMPATH\View\View.php(216): CodeIgniter\View\View->CodeIgniter\View\{closure}()
 4 SYSTEMPATH\Common.php(1184): CodeIgniter\View\View->render('v_kategori', [], true)
 5 APPPATH\Views\layout\v_content.php(3): view('v_kategori')
 6 SYSTEMPATH\View\View.php(213): include('APPPATH\\Views\\layout\\v_content.php')
 7 SYSTEMPATH\View\View.php(216): CodeIgniter\View\View->CodeIgniter\View\{closure}()
 8 SYSTEMPATH\Common.php(1184): CodeIgniter\View\View->render('layout/v_content', [], true)
 9 APPPATH\Views\layout\v_wrapper.php(4): view('layout/v_content')
10 SYSTEMPATH\View\View.php(213): include('APPPATH\\Views\\layout\\v_wrapper.php')
11 SYSTEMPATH\View\View.php(216): CodeIgniter\View\View->CodeIgniter\View\{closure}()
12 SYSTEMPATH\Common.php(1184): CodeIgniter\View\View->render('layout/v_wrapper', [], true)
13 APPPATH\Controllers\Departemen.php(24): view('layout/v_wrapper', [...])
14 SYSTEMPATH\CodeIgniter.php(934): App\Controllers\Departemen->index()
15 SYSTEMPATH\CodeIgniter.php(499): CodeIgniter\CodeIgniter->runController(Object(App\Controllers\Departemen))
16 SYSTEMPATH\CodeIgniter.php(368): CodeIgniter\CodeIgniter->handleRequest(null, Object(Config\Cache), false)
17 FCPATH\index.php(67): CodeIgniter\CodeIgniter->run()
CRITICAL - 2023-05-10 14:22:44 --> Undefined array key "nama_file"
in APPPATH\Views\v_departemen.php on line 122.
 1 APPPATH\Views\v_departemen.php(122): CodeIgniter\Debug\Exceptions->errorHandler(2, 'Undefined array key "nama_file"', 'APPPATH\\Views\\v_departemen.php', 122)
 2 SYSTEMPATH\View\View.php(213): include('APPPATH\\Views\\v_departemen.php')
 3 SYSTEMPATH\View\View.php(216): CodeIgniter\View\View->CodeIgniter\View\{closure}()
 4 SYSTEMPATH\Common.php(1184): CodeIgniter\View\View->render('v_departemen', [], true)
 5 APPPATH\Views\layout\v_content.php(3): view('v_departemen')
 6 SYSTEMPATH\View\View.php(213): include('APPPATH\\Views\\layout\\v_content.php')
 7 SYSTEMPATH\View\View.php(216): CodeIgniter\View\View->CodeIgniter\View\{closure}()
 8 SYSTEMPATH\Common.php(1184): CodeIgniter\View\View->render('layout/v_content', [], true)
 9 APPPATH\Views\layout\v_wrapper.php(4): view('layout/v_content')
10 SYSTEMPATH\View\View.php(213): include('APPPATH\\Views\\layout\\v_wrapper.php')
11 SYSTEMPATH\View\View.php(216): CodeIgniter\View\View->CodeIgniter\View\{closure}()
12 SYSTEMPATH\Common.php(1184): CodeIgniter\View\View->render('layout/v_wrapper', [], true)
13 APPPATH\Controllers\Departemen.php(24): view('layout/v_wrapper', [...])
14 SYSTEMPATH\CodeIgniter.php(934): App\Controllers\Departemen->index()
15 SYSTEMPATH\CodeIgniter.php(499): CodeIgniter\CodeIgniter->runController(Object(App\Controllers\Departemen))
16 SYSTEMPATH\CodeIgniter.php(368): CodeIgniter\CodeIgniter->handleRequest(null, Object(Config\Cache), false)
17 FCPATH\index.php(67): CodeIgniter\CodeIgniter->run()
CRITICAL - 2023-05-10 14:22:45 --> Class "App\Models\Model_Kategori" not found
in APPPATH\Controllers\Kategori.php on line 13.
 1 SYSTEMPATH\CodeIgniter.php(906): App\Controllers\Kategori->__construct()
 2 SYSTEMPATH\CodeIgniter.php(490): CodeIgniter\CodeIgniter->createController()
 3 SYSTEMPATH\CodeIgniter.php(368): CodeIgniter\CodeIgniter->handleRequest(null, Object(Config\Cache), false)
 4 FCPATH\index.php(67): CodeIgniter\CodeIgniter->run()
CRITICAL - 2023-05-10 14:24:40 --> Undefined array key "nama_file"
in APPPATH\Views\v_departemen.php on line 122.
 1 APPPATH\Views\v_departemen.php(122): CodeIgniter\Debug\Exceptions->errorHandler(2, 'Undefined array key "nama_file"', 'APPPATH\\Views\\v_departemen.php', 122)
 2 SYSTEMPATH\View\View.php(213): include('APPPATH\\Views\\v_departemen.php')
 3 SYSTEMPATH\View\View.php(216): CodeIgniter\View\View->CodeIgniter\View\{closure}()
 4 SYSTEMPATH\Common.php(1184): CodeIgniter\View\View->render('v_departemen', [], true)
 5 APPPATH\Views\layout\v_content.php(3): view('v_departemen')
 6 SYSTEMPATH\View\View.php(213): include('APPPATH\\Views\\layout\\v_content.php')
 7 SYSTEMPATH\View\View.php(216): CodeIgniter\View\View->CodeIgniter\View\{closure}()
 8 SYSTEMPATH\Common.php(1184): CodeIgniter\View\View->render('layout/v_content', [], true)
 9 APPPATH\Views\layout\v_wrapper.php(4): view('layout/v_content')
10 SYSTEMPATH\View\View.php(213): include('APPPATH\\Views\\layout\\v_wrapper.php')
11 SYSTEMPATH\View\View.php(216): CodeIgniter\View\View->CodeIgniter\View\{closure}()
12 SYSTEMPATH\Common.php(1184): CodeIgniter\View\View->render('layout/v_wrapper', [], true)
13 APPPATH\Controllers\Departemen.php(24): view('layout/v_wrapper', [...])
14 SYSTEMPATH\CodeIgniter.php(934): App\Controllers\Departemen->index()
15 SYSTEMPATH\CodeIgniter.php(499): CodeIgniter\CodeIgniter->runController(Object(App\Controllers\Departemen))
16 SYSTEMPATH\CodeIgniter.php(368): CodeIgniter\CodeIgniter->handleRequest(null, Object(Config\Cache), false)
17 FCPATH\index.php(67): CodeIgniter\CodeIgniter->run()
CRITICAL - 2023-05-10 14:26:46 --> Undefined array key "nama_file"
in APPPATH\Views\v_departemen.php on line 122.
 1 APPPATH\Views\v_departemen.php(122): CodeIgniter\Debug\Exceptions->errorHandler(2, 'Undefined array key "nama_file"', 'APPPATH\\Views\\v_departemen.php', 122)
 2 SYSTEMPATH\View\View.php(213): include('APPPATH\\Views\\v_departemen.php')
 3 SYSTEMPATH\View\View.php(216): CodeIgniter\View\View->CodeIgniter\View\{closure}()
 4 SYSTEMPATH\Common.php(1184): CodeIgniter\View\View->render('v_departemen', [], true)
 5 APPPATH\Views\layout\v_content.php(3): view('v_departemen')
 6 SYSTEMPATH\View\View.php(213): include('APPPATH\\Views\\layout\\v_content.php')
 7 SYSTEMPATH\View\View.php(216): CodeIgniter\View\View->CodeIgniter\View\{closure}()
 8 SYSTEMPATH\Common.php(1184): CodeIgniter\View\View->render('layout/v_content', [], true)
 9 APPPATH\Views\layout\v_wrapper.php(4): view('layout/v_content')
10 SYSTEMPATH\View\View.php(213): include('APPPATH\\Views\\layout\\v_wrapper.php')
11 SYSTEMPATH\View\View.php(216): CodeIgniter\View\View->CodeIgniter\View\{closure}()
12 SYSTEMPATH\Common.php(1184): CodeIgniter\View\View->render('layout/v_wrapper', [], true)
13 APPPATH\Controllers\Departemen.php(23): view('layout/v_wrapper', [...])
14 SYSTEMPATH\CodeIgniter.php(934): App\Controllers\Departemen->index()
15 SYSTEMPATH\CodeIgniter.php(499): CodeIgniter\CodeIgniter->runController(Object(App\Controllers\Departemen))
16 SYSTEMPATH\CodeIgniter.php(368): CodeIgniter\CodeIgniter->handleRequest(null, Object(Config\Cache), false)
17 FCPATH\index.php(67): CodeIgniter\CodeIgniter->run()
CRITICAL - 2023-05-10 14:26:51 --> Undefined array key "nama_file"
in APPPATH\Views\v_departemen.php on line 122.
 1 APPPATH\Views\v_departemen.php(122): CodeIgniter\Debug\Exceptions->errorHandler(2, 'Undefined array key "nama_file"', 'APPPATH\\Views\\v_departemen.php', 122)
 2 SYSTEMPATH\View\View.php(213): include('APPPATH\\Views\\v_departemen.php')
 3 SYSTEMPATH\View\View.php(216): CodeIgniter\View\View->CodeIgniter\View\{closure}()
 4 SYSTEMPATH\Common.php(1184): CodeIgniter\View\View->render('v_departemen', [], true)
 5 APPPATH\Views\layout\v_content.php(3): view('v_departemen')
 6 SYSTEMPATH\View\View.php(213): include('APPPATH\\Views\\layout\\v_content.php')
 7 SYSTEMPATH\View\View.php(216): CodeIgniter\View\View->CodeIgniter\View\{closure}()
 8 SYSTEMPATH\Common.php(1184): CodeIgniter\View\View->render('layout/v_content', [], true)
 9 APPPATH\Views\layout\v_wrapper.php(4): view('layout/v_content')
10 SYSTEMPATH\View\View.php(213): include('APPPATH\\Views\\layout\\v_wrapper.php')
11 SYSTEMPATH\View\View.php(216): CodeIgniter\View\View->CodeIgniter\View\{closure}()
12 SYSTEMPATH\Common.php(1184): CodeIgniter\View\View->render('layout/v_wrapper', [], true)
13 APPPATH\Controllers\Departemen.php(23): view('layout/v_wrapper', [...])
14 SYSTEMPATH\CodeIgniter.php(934): App\Controllers\Departemen->index()
15 SYSTEMPATH\CodeIgniter.php(499): CodeIgniter\CodeIgniter->runController(Object(App\Controllers\Departemen))
16 SYSTEMPATH\CodeIgniter.php(368): CodeIgniter\CodeIgniter->handleRequest(null, Object(Config\Cache), false)
17 FCPATH\index.php(67): CodeIgniter\CodeIgniter->run()
CRITICAL - 2023-05-10 14:29:36 --> Undefined array key "nama_file"
in APPPATH\Views\v_departemen.php on line 122.
 1 APPPATH\Views\v_departemen.php(122): CodeIgniter\Debug\Exceptions->errorHandler(2, 'Undefined array key "nama_file"', 'APPPATH\\Views\\v_departemen.php', 122)
 2 SYSTEMPATH\View\View.php(213): include('APPPATH\\Views\\v_departemen.php')
 3 SYSTEMPATH\View\View.php(216): CodeIgniter\View\View->CodeIgniter\View\{closure}()
 4 SYSTEMPATH\Common.php(1184): CodeIgniter\View\View->render('v_departemen', [], true)
 5 APPPATH\Views\layout\v_content.php(3): view('v_departemen')
 6 SYSTEMPATH\View\View.php(213): include('APPPATH\\Views\\layout\\v_content.php')
 7 SYSTEMPATH\View\View.php(216): CodeIgniter\View\View->CodeIgniter\View\{closure}()
 8 SYSTEMPATH\Common.php(1184): CodeIgniter\View\View->render('layout/v_content', [], true)
 9 APPPATH\Views\layout\v_wrapper.php(4): view('layout/v_content')
10 SYSTEMPATH\View\View.php(213): include('APPPATH\\Views\\layout\\v_wrapper.php')
11 SYSTEMPATH\View\View.php(216): CodeIgniter\View\View->CodeIgniter\View\{closure}()
12 SYSTEMPATH\Common.php(1184): CodeIgniter\View\View->render('layout/v_wrapper', [], true)
13 APPPATH\Controllers\Departemen.php(23): view('layout/v_wrapper', [...])
14 SYSTEMPATH\CodeIgniter.php(934): App\Controllers\Departemen->index()
15 SYSTEMPATH\CodeIgniter.php(499): CodeIgniter\CodeIgniter->runController(Object(App\Controllers\Departemen))
16 SYSTEMPATH\CodeIgniter.php(368): CodeIgniter\CodeIgniter->handleRequest(null, Object(Config\Cache), false)
17 FCPATH\index.php(67): CodeIgniter\CodeIgniter->run()
CRITICAL - 2023-05-10 14:30:02 --> Undefined array key "nama_file"
in APPPATH\Views\v_departemen.php on line 122.
 1 APPPATH\Views\v_departemen.php(122): CodeIgniter\Debug\Exceptions->errorHandler(2, 'Undefined array key "nama_file"', 'APPPATH\\Views\\v_departemen.php', 122)
 2 SYSTEMPATH\View\View.php(213): include('APPPATH\\Views\\v_departemen.php')
 3 SYSTEMPATH\View\View.php(216): CodeIgniter\View\View->CodeIgniter\View\{closure}()
 4 SYSTEMPATH\Common.php(1184): CodeIgniter\View\View->render('v_departemen', [], true)
 5 APPPATH\Views\layout\v_content.php(3): view('v_departemen')
 6 SYSTEMPATH\View\View.php(213): include('APPPATH\\Views\\layout\\v_content.php')
 7 SYSTEMPATH\View\View.php(216): CodeIgniter\View\View->CodeIgniter\View\{closure}()
 8 SYSTEMPATH\Common.php(1184): CodeIgniter\View\View->render('layout/v_content', [], true)
 9 APPPATH\Views\layout\v_wrapper.php(4): view('layout/v_content')
10 SYSTEMPATH\View\View.php(213): include('APPPATH\\Views\\layout\\v_wrapper.php')
11 SYSTEMPATH\View\View.php(216): CodeIgniter\View\View->CodeIgniter\View\{closure}()
12 SYSTEMPATH\Common.php(1184): CodeIgniter\View\View->render('layout/v_wrapper', [], true)
13 APPPATH\Controllers\Departemen.php(23): view('layout/v_wrapper', [...])
14 SYSTEMPATH\CodeIgniter.php(934): App\Controllers\Departemen->index()
15 SYSTEMPATH\CodeIgniter.php(499): CodeIgniter\CodeIgniter->runController(Object(App\Controllers\Departemen))
16 SYSTEMPATH\CodeIgniter.php(368): CodeIgniter\CodeIgniter->handleRequest(null, Object(Config\Cache), false)
17 FCPATH\index.php(67): CodeIgniter\CodeIgniter->run()
CRITICAL - 2023-05-10 14:30:49 --> Undefined array key "nama_file"
in APPPATH\Views\v_departemen.php on line 122.
 1 APPPATH\Views\v_departemen.php(122): CodeIgniter\Debug\Exceptions->errorHandler(2, 'Undefined array key "nama_file"', 'APPPATH\\Views\\v_departemen.php', 122)
 2 SYSTEMPATH\View\View.php(213): include('APPPATH\\Views\\v_departemen.php')
 3 SYSTEMPATH\View\View.php(216): CodeIgniter\View\View->CodeIgniter\View\{closure}()
 4 SYSTEMPATH\Common.php(1184): CodeIgniter\View\View->render('v_departemen', [], true)
 5 APPPATH\Views\layout\v_content.php(3): view('v_departemen')
 6 SYSTEMPATH\View\View.php(213): include('APPPATH\\Views\\layout\\v_content.php')
 7 SYSTEMPATH\View\View.php(216): CodeIgniter\View\View->CodeIgniter\View\{closure}()
 8 SYSTEMPATH\Common.php(1184): CodeIgniter\View\View->render('layout/v_content', [], true)
 9 APPPATH\Views\layout\v_wrapper.php(4): view('layout/v_content')
10 SYSTEMPATH\View\View.php(213): include('APPPATH\\Views\\layout\\v_wrapper.php')
11 SYSTEMPATH\View\View.php(216): CodeIgniter\View\View->CodeIgniter\View\{closure}()
12 SYSTEMPATH\Common.php(1184): CodeIgniter\View\View->render('layout/v_wrapper', [], true)
13 APPPATH\Controllers\Departemen.php(23): view('layout/v_wrapper', [...])
14 SYSTEMPATH\CodeIgniter.php(934): App\Controllers\Departemen->index()
15 SYSTEMPATH\CodeIgniter.php(499): CodeIgniter\CodeIgniter->runController(Object(App\Controllers\Departemen))
16 SYSTEMPATH\CodeIgniter.php(368): CodeIgniter\CodeIgniter->handleRequest(null, Object(Config\Cache), false)
17 FCPATH\index.php(67): CodeIgniter\CodeIgniter->run()
CRITICAL - 2023-05-10 14:30:50 --> Undefined array key "nama_file"
in APPPATH\Views\v_departemen.php on line 122.
 1 APPPATH\Views\v_departemen.php(122): CodeIgniter\Debug\Exceptions->errorHandler(2, 'Undefined array key "nama_file"', 'APPPATH\\Views\\v_departemen.php', 122)
 2 SYSTEMPATH\View\View.php(213): include('APPPATH\\Views\\v_departemen.php')
 3 SYSTEMPATH\View\View.php(216): CodeIgniter\View\View->CodeIgniter\View\{closure}()
 4 SYSTEMPATH\Common.php(1184): CodeIgniter\View\View->render('v_departemen', [], true)
 5 APPPATH\Views\layout\v_content.php(3): view('v_departemen')
 6 SYSTEMPATH\View\View.php(213): include('APPPATH\\Views\\layout\\v_content.php')
 7 SYSTEMPATH\View\View.php(216): CodeIgniter\View\View->CodeIgniter\View\{closure}()
 8 SYSTEMPATH\Common.php(1184): CodeIgniter\View\View->render('layout/v_content', [], true)
 9 APPPATH\Views\layout\v_wrapper.php(4): view('layout/v_content')
10 SYSTEMPATH\View\View.php(213): include('APPPATH\\Views\\layout\\v_wrapper.php')
11 SYSTEMPATH\View\View.php(216): CodeIgniter\View\View->CodeIgniter\View\{closure}()
12 SYSTEMPATH\Common.php(1184): CodeIgniter\View\View->render('layout/v_wrapper', [], true)
13 APPPATH\Controllers\Departemen.php(23): view('layout/v_wrapper', [...])
14 SYSTEMPATH\CodeIgniter.php(934): App\Controllers\Departemen->index()
15 SYSTEMPATH\CodeIgniter.php(499): CodeIgniter\CodeIgniter->runController(Object(App\Controllers\Departemen))
16 SYSTEMPATH\CodeIgniter.php(368): CodeIgniter\CodeIgniter->handleRequest(null, Object(Config\Cache), false)
17 FCPATH\index.php(67): CodeIgniter\CodeIgniter->run()
CRITICAL - 2023-05-10 14:30:52 --> Undefined array key "nama_file"
in APPPATH\Views\v_departemen.php on line 122.
 1 APPPATH\Views\v_departemen.php(122): CodeIgniter\Debug\Exceptions->errorHandler(2, 'Undefined array key "nama_file"', 'APPPATH\\Views\\v_departemen.php', 122)
 2 SYSTEMPATH\View\View.php(213): include('APPPATH\\Views\\v_departemen.php')
 3 SYSTEMPATH\View\View.php(216): CodeIgniter\View\View->CodeIgniter\View\{closure}()
 4 SYSTEMPATH\Common.php(1184): CodeIgniter\View\View->render('v_departemen', [], true)
 5 APPPATH\Views\layout\v_content.php(3): view('v_departemen')
 6 SYSTEMPATH\View\View.php(213): include('APPPATH\\Views\\layout\\v_content.php')
 7 SYSTEMPATH\View\View.php(216): CodeIgniter\View\View->CodeIgniter\View\{closure}()
 8 SYSTEMPATH\Common.php(1184): CodeIgniter\View\View->render('layout/v_content', [], true)
 9 APPPATH\Views\layout\v_wrapper.php(4): view('layout/v_content')
10 SYSTEMPATH\View\View.php(213): include('APPPATH\\Views\\layout\\v_wrapper.php')
11 SYSTEMPATH\View\View.php(216): CodeIgniter\View\View->CodeIgniter\View\{closure}()
12 SYSTEMPATH\Common.php(1184): CodeIgniter\View\View->render('layout/v_wrapper', [], true)
13 APPPATH\Controllers\Departemen.php(23): view('layout/v_wrapper', [...])
14 SYSTEMPATH\CodeIgniter.php(934): App\Controllers\Departemen->index()
15 SYSTEMPATH\CodeIgniter.php(499): CodeIgniter\CodeIgniter->runController(Object(App\Controllers\Departemen))
16 SYSTEMPATH\CodeIgniter.php(368): CodeIgniter\CodeIgniter->handleRequest(null, Object(Config\Cache), false)
17 FCPATH\index.php(67): CodeIgniter\CodeIgniter->run()
CRITICAL - 2023-05-10 14:32:13 --> Undefined array key "nama_file"
in APPPATH\Views\v_departemen.php on line 122.
 1 APPPATH\Views\v_departemen.php(122): CodeIgniter\Debug\Exceptions->errorHandler(2, 'Undefined array key "nama_file"', 'APPPATH\\Views\\v_departemen.php', 122)
 2 SYSTEMPATH\View\View.php(213): include('APPPATH\\Views\\v_departemen.php')
 3 SYSTEMPATH\View\View.php(216): CodeIgniter\View\View->CodeIgniter\View\{closure}()
 4 SYSTEMPATH\Common.php(1184): CodeIgniter\View\View->render('v_departemen', [], true)
 5 APPPATH\Views\layout\v_content.php(3): view('v_departemen')
 6 SYSTEMPATH\View\View.php(213): include('APPPATH\\Views\\layout\\v_content.php')
 7 SYSTEMPATH\View\View.php(216): CodeIgniter\View\View->CodeIgniter\View\{closure}()
 8 SYSTEMPATH\Common.php(1184): CodeIgniter\View\View->render('layout/v_content', [], true)
 9 APPPATH\Views\layout\v_wrapper.php(4): view('layout/v_content')
10 SYSTEMPATH\View\View.php(213): include('APPPATH\\Views\\layout\\v_wrapper.php')
11 SYSTEMPATH\View\View.php(216): CodeIgniter\View\View->CodeIgniter\View\{closure}()
12 SYSTEMPATH\Common.php(1184): CodeIgniter\View\View->render('layout/v_wrapper', [], true)
13 APPPATH\Controllers\Departemen.php(23): view('layout/v_wrapper', [...])
14 SYSTEMPATH\CodeIgniter.php(934): App\Controllers\Departemen->index()
15 SYSTEMPATH\CodeIgniter.php(499): CodeIgniter\CodeIgniter->runController(Object(App\Controllers\Departemen))
16 SYSTEMPATH\CodeIgniter.php(368): CodeIgniter\CodeIgniter->handleRequest(null, Object(Config\Cache), false)
17 FCPATH\index.php(67): CodeIgniter\CodeIgniter->run()
CRITICAL - 2023-05-10 14:33:26 --> Undefined array key "nama_file"
in APPPATH\Views\v_departemen.php on line 122.
 1 APPPATH\Views\v_departemen.php(122): CodeIgniter\Debug\Exceptions->errorHandler(2, 'Undefined array key "nama_file"', 'APPPATH\\Views\\v_departemen.php', 122)
 2 SYSTEMPATH\View\View.php(213): include('APPPATH\\Views\\v_departemen.php')
 3 SYSTEMPATH\View\View.php(216): CodeIgniter\View\View->CodeIgniter\View\{closure}()
 4 SYSTEMPATH\Common.php(1184): CodeIgniter\View\View->render('v_departemen', [], true)
 5 APPPATH\Views\layout\v_content.php(3): view('v_departemen')
 6 SYSTEMPATH\View\View.php(213): include('APPPATH\\Views\\layout\\v_content.php')
 7 SYSTEMPATH\View\View.php(216): CodeIgniter\View\View->CodeIgniter\View\{closure}()
 8 SYSTEMPATH\Common.php(1184): CodeIgniter\View\View->render('layout/v_content', [], true)
 9 APPPATH\Views\layout\v_wrapper.php(4): view('layout/v_content')
10 SYSTEMPATH\View\View.php(213): include('APPPATH\\Views\\layout\\v_wrapper.php')
11 SYSTEMPATH\View\View.php(216): CodeIgniter\View\View->CodeIgniter\View\{closure}()
12 SYSTEMPATH\Common.php(1184): CodeIgniter\View\View->render('layout/v_wrapper', [], true)
13 APPPATH\Controllers\Departemen.php(23): view('layout/v_wrapper', [...])
14 SYSTEMPATH\CodeIgniter.php(934): App\Controllers\Departemen->index()
15 SYSTEMPATH\CodeIgniter.php(499): CodeIgniter\CodeIgniter->runController(Object(App\Controllers\Departemen))
16 SYSTEMPATH\CodeIgniter.php(368): CodeIgniter\CodeIgniter->handleRequest(null, Object(Config\Cache), false)
17 FCPATH\index.php(67): CodeIgniter\CodeIgniter->run()
ERROR - 2023-05-10 14:33:47 --> mysqli_sql_exception: Duplicate entry '2' for key 'PRIMARY' in C:\xampp\htdocs\webif21c-kel5\system\Database\MySQLi\Connection.php:295
Stack trace:
#0 C:\xampp\htdocs\webif21c-kel5\system\Database\MySQLi\Connection.php(295): mysqli->query('INSERT INTO `tb...', 0)
#1 C:\xampp\htdocs\webif21c-kel5\system\Database\BaseConnection.php(691): CodeIgniter\Database\MySQLi\Connection->execute('INSERT INTO `tb...')
#2 C:\xampp\htdocs\webif21c-kel5\system\Database\BaseConnection.php(605): CodeIgniter\Database\BaseConnection->simpleQuery('INSERT INTO `tb...')
#3 C:\xampp\htdocs\webif21c-kel5\system\Database\BaseBuilder.php(2309): CodeIgniter\Database\BaseConnection->query('INSERT INTO `tb...', Array, false)
#4 C:\xampp\htdocs\webif21c-kel5\app\Models\Model_Departemen.php(19): CodeIgniter\Database\BaseBuilder->insert(Array)
#5 C:\xampp\htdocs\webif21c-kel5\app\Controllers\Departemen.php(50): App\Models\Model_Departemen->add(Array)
#6 C:\xampp\htdocs\webif21c-kel5\system\CodeIgniter.php(934): App\Controllers\Departemen->delete('2')
#7 C:\xampp\htdocs\webif21c-kel5\system\CodeIgniter.php(499): CodeIgniter\CodeIgniter->runController(Object(App\Controllers\Departemen))
#8 C:\xampp\htdocs\webif21c-kel5\system\CodeIgniter.php(368): CodeIgniter\CodeIgniter->handleRequest(NULL, Object(Config\Cache), false)
#9 C:\xampp\htdocs\webif21c-kel5\public\index.php(67): CodeIgniter\CodeIgniter->run()
#10 {main}
CRITICAL - 2023-05-10 14:33:47 --> Duplicate entry '2' for key 'PRIMARY'
in SYSTEMPATH\Database\BaseConnection.php on line 645.
 1 SYSTEMPATH\Database\BaseBuilder.php(2309): CodeIgniter\Database\BaseConnection->query('INSERT INTO `tbl_departemen` (`id_departemen`) VALUES (:id_departemen:)', [...], false)
 2 APPPATH\Models\Model_Departemen.php(19): CodeIgniter\Database\BaseBuilder->insert([...])
 3 APPPATH\Controllers\Departemen.php(50): App\Models\Model_Departemen->add([...])
 4 SYSTEMPATH\CodeIgniter.php(934): App\Controllers\Departemen->delete('2')
 5 SYSTEMPATH\CodeIgniter.php(499): CodeIgniter\CodeIgniter->runController(Object(App\Controllers\Departemen))
 6 SYSTEMPATH\CodeIgniter.php(368): CodeIgniter\CodeIgniter->handleRequest(null, Object(Config\Cache), false)
 7 FCPATH\index.php(67): CodeIgniter\CodeIgniter->run()
ERROR - 2023-05-10 14:33:58 --> mysqli_sql_exception: Duplicate entry '2' for key 'PRIMARY' in C:\xampp\htdocs\webif21c-kel5\system\Database\MySQLi\Connection.php:295
Stack trace:
#0 C:\xampp\htdocs\webif21c-kel5\system\Database\MySQLi\Connection.php(295): mysqli->query('INSERT INTO `tb...', 0)
#1 C:\xampp\htdocs\webif21c-kel5\system\Database\BaseConnection.php(691): CodeIgniter\Database\MySQLi\Connection->execute('INSERT INTO `tb...')
#2 C:\xampp\htdocs\webif21c-kel5\system\Database\BaseConnection.php(605): CodeIgniter\Database\BaseConnection->simpleQuery('INSERT INTO `tb...')
#3 C:\xampp\htdocs\webif21c-kel5\system\Database\BaseBuilder.php(2309): CodeIgniter\Database\BaseConnection->query('INSERT INTO `tb...', Array, false)
#4 C:\xampp\htdocs\webif21c-kel5\app\Models\Model_Departemen.php(19): CodeIgniter\Database\BaseBuilder->insert(Array)
#5 C:\xampp\htdocs\webif21c-kel5\app\Controllers\Departemen.php(50): App\Models\Model_Departemen->add(Array)
#6 C:\xampp\htdocs\webif21c-kel5\system\CodeIgniter.php(934): App\Controllers\Departemen->delete('2')
#7 C:\xampp\htdocs\webif21c-kel5\system\CodeIgniter.php(499): CodeIgniter\CodeIgniter->runController(Object(App\Controllers\Departemen))
#8 C:\xampp\htdocs\webif21c-kel5\system\CodeIgniter.php(368): CodeIgniter\CodeIgniter->handleRequest(NULL, Object(Config\Cache), false)
#9 C:\xampp\htdocs\webif21c-kel5\public\index.php(67): CodeIgniter\CodeIgniter->run()
#10 {main}
CRITICAL - 2023-05-10 14:33:58 --> Duplicate entry '2' for key 'PRIMARY'
in SYSTEMPATH\Database\BaseConnection.php on line 645.
 1 SYSTEMPATH\Database\BaseBuilder.php(2309): CodeIgniter\Database\BaseConnection->query('INSERT INTO `tbl_departemen` (`id_departemen`) VALUES (:id_departemen:)', [...], false)
 2 APPPATH\Models\Model_Departemen.php(19): CodeIgniter\Database\BaseBuilder->insert([...])
 3 APPPATH\Controllers\Departemen.php(50): App\Models\Model_Departemen->add([...])
 4 SYSTEMPATH\CodeIgniter.php(934): App\Controllers\Departemen->delete('2')
 5 SYSTEMPATH\CodeIgniter.php(499): CodeIgniter\CodeIgniter->runController(Object(App\Controllers\Departemen))
 6 SYSTEMPATH\CodeIgniter.php(368): CodeIgniter\CodeIgniter->handleRequest(null, Object(Config\Cache), false)
 7 FCPATH\index.php(67): CodeIgniter\CodeIgniter->run()
ERROR - 2023-05-10 14:33:59 --> mysqli_sql_exception: Duplicate entry '2' for key 'PRIMARY' in C:\xampp\htdocs\webif21c-kel5\system\Database\MySQLi\Connection.php:295
Stack trace:
#0 C:\xampp\htdocs\webif21c-kel5\system\Database\MySQLi\Connection.php(295): mysqli->query('INSERT INTO `tb...', 0)
#1 C:\xampp\htdocs\webif21c-kel5\system\Database\BaseConnection.php(691): CodeIgniter\Database\MySQLi\Connection->execute('INSERT INTO `tb...')
#2 C:\xampp\htdocs\webif21c-kel5\system\Database\BaseConnection.php(605): CodeIgniter\Database\BaseConnection->simpleQuery('INSERT INTO `tb...')
#3 C:\xampp\htdocs\webif21c-kel5\system\Database\BaseBuilder.php(2309): CodeIgniter\Database\BaseConnection->query('INSERT INTO `tb...', Array, false)
#4 C:\xampp\htdocs\webif21c-kel5\app\Models\Model_Departemen.php(19): CodeIgniter\Database\BaseBuilder->insert(Array)
#5 C:\xampp\htdocs\webif21c-kel5\app\Controllers\Departemen.php(50): App\Models\Model_Departemen->add(Array)
#6 C:\xampp\htdocs\webif21c-kel5\system\CodeIgniter.php(934): App\Controllers\Departemen->delete('2')
#7 C:\xampp\htdocs\webif21c-kel5\system\CodeIgniter.php(499): CodeIgniter\CodeIgniter->runController(Object(App\Controllers\Departemen))
#8 C:\xampp\htdocs\webif21c-kel5\system\CodeIgniter.php(368): CodeIgniter\CodeIgniter->handleRequest(NULL, Object(Config\Cache), false)
#9 C:\xampp\htdocs\webif21c-kel5\public\index.php(67): CodeIgniter\CodeIgniter->run()
#10 {main}
CRITICAL - 2023-05-10 14:33:59 --> Duplicate entry '2' for key 'PRIMARY'
in SYSTEMPATH\Database\BaseConnection.php on line 645.
 1 SYSTEMPATH\Database\BaseBuilder.php(2309): CodeIgniter\Database\BaseConnection->query('INSERT INTO `tbl_departemen` (`id_departemen`) VALUES (:id_departemen:)', [...], false)
 2 APPPATH\Models\Model_Departemen.php(19): CodeIgniter\Database\BaseBuilder->insert([...])
 3 APPPATH\Controllers\Departemen.php(50): App\Models\Model_Departemen->add([...])
 4 SYSTEMPATH\CodeIgniter.php(934): App\Controllers\Departemen->delete('2')
 5 SYSTEMPATH\CodeIgniter.php(499): CodeIgniter\CodeIgniter->runController(Object(App\Controllers\Departemen))
 6 SYSTEMPATH\CodeIgniter.php(368): CodeIgniter\CodeIgniter->handleRequest(null, Object(Config\Cache), false)
 7 FCPATH\index.php(67): CodeIgniter\CodeIgniter->run()
CRITICAL - 2023-05-10 14:34:01 --> Undefined array key "nama_file"
in APPPATH\Views\v_departemen.php on line 122.
 1 APPPATH\Views\v_departemen.php(122): CodeIgniter\Debug\Exceptions->errorHandler(2, 'Undefined array key "nama_file"', 'APPPATH\\Views\\v_departemen.php', 122)
 2 SYSTEMPATH\View\View.php(213): include('APPPATH\\Views\\v_departemen.php')
 3 SYSTEMPATH\View\View.php(216): CodeIgniter\View\View->CodeIgniter\View\{closure}()
 4 SYSTEMPATH\Common.php(1184): CodeIgniter\View\View->render('v_departemen', [], true)
 5 APPPATH\Views\layout\v_content.php(3): view('v_departemen')
 6 SYSTEMPATH\View\View.php(213): include('APPPATH\\Views\\layout\\v_content.php')
 7 SYSTEMPATH\View\View.php(216): CodeIgniter\View\View->CodeIgniter\View\{closure}()
 8 SYSTEMPATH\Common.php(1184): CodeIgniter\View\View->render('layout/v_content', [], true)
 9 APPPATH\Views\layout\v_wrapper.php(4): view('layout/v_content')
10 SYSTEMPATH\View\View.php(213): include('APPPATH\\Views\\layout\\v_wrapper.php')
11 SYSTEMPATH\View\View.php(216): CodeIgniter\View\View->CodeIgniter\View\{closure}()
12 SYSTEMPATH\Common.php(1184): CodeIgniter\View\View->render('layout/v_wrapper', [], true)
13 APPPATH\Controllers\Departemen.php(23): view('layout/v_wrapper', [...])
14 SYSTEMPATH\CodeIgniter.php(934): App\Controllers\Departemen->index()
15 SYSTEMPATH\CodeIgniter.php(499): CodeIgniter\CodeIgniter->runController(Object(App\Controllers\Departemen))
16 SYSTEMPATH\CodeIgniter.php(368): CodeIgniter\CodeIgniter->handleRequest(null, Object(Config\Cache), false)
17 FCPATH\index.php(67): CodeIgniter\CodeIgniter->run()
ERROR - 2023-05-10 14:35:08 --> mysqli_sql_exception: Duplicate entry '3' for key 'PRIMARY' in C:\xampp\htdocs\webif21c-kel5\system\Database\MySQLi\Connection.php:295
Stack trace:
#0 C:\xampp\htdocs\webif21c-kel5\system\Database\MySQLi\Connection.php(295): mysqli->query('INSERT INTO `tb...', 0)
#1 C:\xampp\htdocs\webif21c-kel5\system\Database\BaseConnection.php(691): CodeIgniter\Database\MySQLi\Connection->execute('INSERT INTO `tb...')
#2 C:\xampp\htdocs\webif21c-kel5\system\Database\BaseConnection.php(605): CodeIgniter\Database\BaseConnection->simpleQuery('INSERT INTO `tb...')
#3 C:\xampp\htdocs\webif21c-kel5\system\Database\BaseBuilder.php(2309): CodeIgniter\Database\BaseConnection->query('INSERT INTO `tb...', Array, false)
#4 C:\xampp\htdocs\webif21c-kel5\app\Models\Model_Departemen.php(19): CodeIgniter\Database\BaseBuilder->insert(Array)
#5 C:\xampp\htdocs\webif21c-kel5\app\Controllers\Departemen.php(39): App\Models\Model_Departemen->add(Array)
#6 C:\xampp\htdocs\webif21c-kel5\system\CodeIgniter.php(934): App\Controllers\Departemen->edit('3')
#7 C:\xampp\htdocs\webif21c-kel5\system\CodeIgniter.php(499): CodeIgniter\CodeIgniter->runController(Object(App\Controllers\Departemen))
#8 C:\xampp\htdocs\webif21c-kel5\system\CodeIgniter.php(368): CodeIgniter\CodeIgniter->handleRequest(NULL, Object(Config\Cache), false)
#9 C:\xampp\htdocs\webif21c-kel5\public\index.php(67): CodeIgniter\CodeIgniter->run()
#10 {main}
CRITICAL - 2023-05-10 14:35:08 --> Duplicate entry '3' for key 'PRIMARY'
in SYSTEMPATH\Database\BaseConnection.php on line 645.
 1 SYSTEMPATH\Database\BaseBuilder.php(2309): CodeIgniter\Database\BaseConnection->query('INSERT INTO `tbl_departemen` (`id_departemen`, `nama_departemen`) VALUES (:id_departemen:, :nama_departemen:)', [...], false)
 2 APPPATH\Models\Model_Departemen.php(19): CodeIgniter\Database\BaseBuilder->insert([...])
 3 APPPATH\Controllers\Departemen.php(39): App\Models\Model_Departemen->add([...])
 4 SYSTEMPATH\CodeIgniter.php(934): App\Controllers\Departemen->edit('3')
 5 SYSTEMPATH\CodeIgniter.php(499): CodeIgniter\CodeIgniter->runController(Object(App\Controllers\Departemen))
 6 SYSTEMPATH\CodeIgniter.php(368): CodeIgniter\CodeIgniter->handleRequest(null, Object(Config\Cache), false)
 7 FCPATH\index.php(67): CodeIgniter\CodeIgniter->run()
ERROR - 2023-05-10 14:35:42 --> mysqli_sql_exception: Duplicate entry '3' for key 'PRIMARY' in C:\xampp\htdocs\webif21c-kel5\system\Database\MySQLi\Connection.php:295
Stack trace:
#0 C:\xampp\htdocs\webif21c-kel5\system\Database\MySQLi\Connection.php(295): mysqli->query('INSERT INTO `tb...', 0)
#1 C:\xampp\htdocs\webif21c-kel5\system\Database\BaseConnection.php(691): CodeIgniter\Database\MySQLi\Connection->execute('INSERT INTO `tb...')
#2 C:\xampp\htdocs\webif21c-kel5\system\Database\BaseConnection.php(605): CodeIgniter\Database\BaseConnection->simpleQuery('INSERT INTO `tb...')
#3 C:\xampp\htdocs\webif21c-kel5\system\Database\BaseBuilder.php(2309): CodeIgniter\Database\BaseConnection->query('INSERT INTO `tb...', Array, false)
#4 C:\xampp\htdocs\webif21c-kel5\app\Models\Model_Departemen.php(19): CodeIgniter\Database\BaseBuilder->insert(Array)
#5 C:\xampp\htdocs\webif21c-kel5\app\Controllers\Departemen.php(39): App\Models\Model_Departemen->add(Array)
#6 C:\xampp\htdocs\webif21c-kel5\system\CodeIgniter.php(934): App\Controllers\Departemen->edit('3')
#7 C:\xampp\htdocs\webif21c-kel5\system\CodeIgniter.php(499): CodeIgniter\CodeIgniter->runController(Object(App\Controllers\Departemen))
#8 C:\xampp\htdocs\webif21c-kel5\system\CodeIgniter.php(368): CodeIgniter\CodeIgniter->handleRequest(NULL, Object(Config\Cache), false)
#9 C:\xampp\htdocs\webif21c-kel5\public\index.php(67): CodeIgniter\CodeIgniter->run()
#10 {main}
CRITICAL - 2023-05-10 14:35:42 --> Duplicate entry '3' for key 'PRIMARY'
in SYSTEMPATH\Database\BaseConnection.php on line 645.
 1 SYSTEMPATH\Database\BaseBuilder.php(2309): CodeIgniter\Database\BaseConnection->query('INSERT INTO `tbl_departemen` (`id_departemen`, `nama_departemen`) VALUES (:id_departemen:, :nama_departemen:)', [...], false)
 2 APPPATH\Models\Model_Departemen.php(19): CodeIgniter\Database\BaseBuilder->insert([...])
 3 APPPATH\Controllers\Departemen.php(39): App\Models\Model_Departemen->add([...])
 4 SYSTEMPATH\CodeIgniter.php(934): App\Controllers\Departemen->edit('3')
 5 SYSTEMPATH\CodeIgniter.php(499): CodeIgniter\CodeIgniter->runController(Object(App\Controllers\Departemen))
 6 SYSTEMPATH\CodeIgniter.php(368): CodeIgniter\CodeIgniter->handleRequest(null, Object(Config\Cache), false)
 7 FCPATH\index.php(67): CodeIgniter\CodeIgniter->run()
ERROR - 2023-05-10 14:37:07 --> mysqli_sql_exception: Duplicate entry '3' for key 'PRIMARY' in C:\xampp\htdocs\webif21c-kel5\system\Database\MySQLi\Connection.php:295
Stack trace:
#0 C:\xampp\htdocs\webif21c-kel5\system\Database\MySQLi\Connection.php(295): mysqli->query('INSERT INTO `tb...', 0)
#1 C:\xampp\htdocs\webif21c-kel5\system\Database\BaseConnection.php(691): CodeIgniter\Database\MySQLi\Connection->execute('INSERT INTO `tb...')
#2 C:\xampp\htdocs\webif21c-kel5\system\Database\BaseConnection.php(605): CodeIgniter\Database\BaseConnection->simpleQuery('INSERT INTO `tb...')
#3 C:\xampp\htdocs\webif21c-kel5\system\Database\BaseBuilder.php(2309): CodeIgniter\Database\BaseConnection->query('INSERT INTO `tb...', Array, false)
#4 C:\xampp\htdocs\webif21c-kel5\app\Models\Model_Departemen.php(19): CodeIgniter\Database\BaseBuilder->insert(Array)
#5 C:\xampp\htdocs\webif21c-kel5\app\Controllers\Departemen.php(39): App\Models\Model_Departemen->add(Array)
#6 C:\xampp\htdocs\webif21c-kel5\system\CodeIgniter.php(934): App\Controllers\Departemen->edit('3')
#7 C:\xampp\htdocs\webif21c-kel5\system\CodeIgniter.php(499): CodeIgniter\CodeIgniter->runController(Object(App\Controllers\Departemen))
#8 C:\xampp\htdocs\webif21c-kel5\system\CodeIgniter.php(368): CodeIgniter\CodeIgniter->handleRequest(NULL, Object(Config\Cache), false)
#9 C:\xampp\htdocs\webif21c-kel5\public\index.php(67): CodeIgniter\CodeIgniter->run()
#10 {main}
CRITICAL - 2023-05-10 14:37:07 --> Duplicate entry '3' for key 'PRIMARY'
in SYSTEMPATH\Database\BaseConnection.php on line 645.
 1 SYSTEMPATH\Database\BaseBuilder.php(2309): CodeIgniter\Database\BaseConnection->query('INSERT INTO `tbl_departemen` (`id_departemen`, `nama_departemen`) VALUES (:id_departemen:, :nama_departemen:)', [...], false)
 2 APPPATH\Models\Model_Departemen.php(19): CodeIgniter\Database\BaseBuilder->insert([...])
 3 APPPATH\Controllers\Departemen.php(39): App\Models\Model_Departemen->add([...])
 4 SYSTEMPATH\CodeIgniter.php(934): App\Controllers\Departemen->edit('3')
 5 SYSTEMPATH\CodeIgniter.php(499): CodeIgniter\CodeIgniter->runController(Object(App\Controllers\Departemen))
 6 SYSTEMPATH\CodeIgniter.php(368): CodeIgniter\CodeIgniter->handleRequest(null, Object(Config\Cache), false)
 7 FCPATH\index.php(67): CodeIgniter\CodeIgniter->run()
CRITICAL - 2023-05-10 14:39:45 --> You must set the database table to be used with your query.
in SYSTEMPATH\Database\BaseConnection.php on line 882.
 1 SYSTEMPATH\Model.php(642): CodeIgniter\Database\BaseConnection->table(null)
 2 SYSTEMPATH\Model.php(432): CodeIgniter\Model->builder()
 3 SYSTEMPATH\BaseModel.php(1065): CodeIgniter\Model->doDelete([...], false)
 4 APPPATH\Controllers\Departemen.php(50): CodeIgniter\BaseModel->delete([...])
 5 SYSTEMPATH\CodeIgniter.php(934): App\Controllers\Departemen->delete('3')
 6 SYSTEMPATH\CodeIgniter.php(499): CodeIgniter\CodeIgniter->runController(Object(App\Controllers\Departemen))
 7 SYSTEMPATH\CodeIgniter.php(368): CodeIgniter\CodeIgniter->handleRequest(null, Object(Config\Cache), false)
 8 FCPATH\index.php(67): CodeIgniter\CodeIgniter->run()
