<<<<<<< HEAD
CRITICAL - 2023-05-23 15:06:49 --> Undefined variable $arsip
in APPPATH\Views\arsipp\v_viewpdf.php on line 22.
 1 APPPATH\Views\arsipp\v_viewpdf.php(22): CodeIgniter\Debug\Exceptions->errorHandler(2, 'Undefined variable $arsip', 'APPPATH\\Views\\arsipp\\v_viewpdf.php', 22)
 2 SYSTEMPATH\View\View.php(213): include('APPPATH\\Views\\arsipp\\v_viewpdf.php')
 3 SYSTEMPATH\View\View.php(216): CodeIgniter\View\View->CodeIgniter\View\{closure}()
 4 SYSTEMPATH\Common.php(1184): CodeIgniter\View\View->render('arsipp/v_viewpdf', [], true)
 5 APPPATH\Views\layout\v_content.php(3): view('arsipp/v_viewpdf')
 6 SYSTEMPATH\View\View.php(213): include('APPPATH\\Views\\layout\\v_content.php')
 7 SYSTEMPATH\View\View.php(216): CodeIgniter\View\View->CodeIgniter\View\{closure}()
 8 SYSTEMPATH\Common.php(1184): CodeIgniter\View\View->render('layout/v_content', [], true)
 9 APPPATH\Views\layout\v_wrapper.php(4): view('layout/v_content')
10 SYSTEMPATH\View\View.php(213): include('APPPATH\\Views\\layout\\v_wrapper.php')
11 SYSTEMPATH\View\View.php(216): CodeIgniter\View\View->CodeIgniter\View\{closure}()
12 SYSTEMPATH\Common.php(1184): CodeIgniter\View\View->render('layout/v_wrapper', [], true)
13 APPPATH\Controllers\Arsipp.php(209): view('layout/v_wrapper', [...])
14 SYSTEMPATH\CodeIgniter.php(934): App\Controllers\arsipp->viewpdf('9')
15 SYSTEMPATH\CodeIgniter.php(499): CodeIgniter\CodeIgniter->runController(Object(App\Controllers\arsipp))
16 SYSTEMPATH\CodeIgniter.php(368): CodeIgniter\CodeIgniter->handleRequest(null, Object(Config\Cache), false)
17 FCPATH\index.php(67): CodeIgniter\CodeIgniter->run()
CRITICAL - 2023-05-23 17:00:31 --> Undefined variable $tot_departemen
in APPPATH\Views\v_home.php on line 83.
 1 APPPATH\Views\v_home.php(83): CodeIgniter\Debug\Exceptions->errorHandler(2, 'Undefined variable $tot_departemen', 'APPPATH\\Views\\v_home.php', 83)
 2 SYSTEMPATH\View\View.php(213): include('APPPATH\\Views\\v_home.php')
 3 SYSTEMPATH\View\View.php(216): CodeIgniter\View\View->CodeIgniter\View\{closure}()
 4 SYSTEMPATH\Common.php(1184): CodeIgniter\View\View->render('v_home', [], true)
 5 APPPATH\Views\layout\v_content.php(3): view('v_home')
 6 SYSTEMPATH\View\View.php(213): include('APPPATH\\Views\\layout\\v_content.php')
 7 SYSTEMPATH\View\View.php(216): CodeIgniter\View\View->CodeIgniter\View\{closure}()
 8 SYSTEMPATH\Common.php(1184): CodeIgniter\View\View->render('layout/v_content', [], true)
 9 APPPATH\Views\layout\v_wrapper.php(4): view('layout/v_content')
10 SYSTEMPATH\View\View.php(213): include('APPPATH\\Views\\layout\\v_wrapper.php')
11 SYSTEMPATH\View\View.php(216): CodeIgniter\View\View->CodeIgniter\View\{closure}()
12 SYSTEMPATH\Common.php(1184): CodeIgniter\View\View->render('layout/v_wrapper', [], true)
13 APPPATH\Controllers\Home.php(27): view('layout/v_wrapper', [...])
14 SYSTEMPATH\CodeIgniter.php(934): App\Controllers\Home->index()
15 SYSTEMPATH\CodeIgniter.php(499): CodeIgniter\CodeIgniter->runController(Object(App\Controllers\Home))
16 SYSTEMPATH\CodeIgniter.php(368): CodeIgniter\CodeIgniter->handleRequest(null, Object(Config\Cache), false)
17 FCPATH\index.php(67): CodeIgniter\CodeIgniter->run()
CRITICAL - 2023-05-23 17:00:42 --> syntax error, unexpected token ";"
in APPPATH\Views\v_home.php on line 83.
 1 SYSTEMPATH\View\View.php(216): CodeIgniter\View\View->CodeIgniter\View\{closure}()
 2 SYSTEMPATH\Common.php(1184): CodeIgniter\View\View->render('v_home', [], true)
 3 APPPATH\Views\layout\v_content.php(3): view('v_home')
 4 SYSTEMPATH\View\View.php(213): include('APPPATH\\Views\\layout\\v_content.php')
 5 SYSTEMPATH\View\View.php(216): CodeIgniter\View\View->CodeIgniter\View\{closure}()
 6 SYSTEMPATH\Common.php(1184): CodeIgniter\View\View->render('layout/v_content', [], true)
 7 APPPATH\Views\layout\v_wrapper.php(4): view('layout/v_content')
 8 SYSTEMPATH\View\View.php(213): include('APPPATH\\Views\\layout\\v_wrapper.php')
 9 SYSTEMPATH\View\View.php(216): CodeIgniter\View\View->CodeIgniter\View\{closure}()
10 SYSTEMPATH\Common.php(1184): CodeIgniter\View\View->render('layout/v_wrapper', [], true)
11 APPPATH\Controllers\Home.php(27): view('layout/v_wrapper', [...])
12 SYSTEMPATH\CodeIgniter.php(934): App\Controllers\Home->index()
13 SYSTEMPATH\CodeIgniter.php(499): CodeIgniter\CodeIgniter->runController(Object(App\Controllers\Home))
14 SYSTEMPATH\CodeIgniter.php(368): CodeIgniter\CodeIgniter->handleRequest(null, Object(Config\Cache), false)
15 FCPATH\index.php(67): CodeIgniter\CodeIgniter->run()
CRITICAL - 2023-05-23 17:00:59 --> Undefined variable $tot_departemen
in APPPATH\Views\v_home.php on line 83.
 1 APPPATH\Views\v_home.php(83): CodeIgniter\Debug\Exceptions->errorHandler(2, 'Undefined variable $tot_departemen', 'APPPATH\\Views\\v_home.php', 83)
 2 SYSTEMPATH\View\View.php(213): include('APPPATH\\Views\\v_home.php')
 3 SYSTEMPATH\View\View.php(216): CodeIgniter\View\View->CodeIgniter\View\{closure}()
 4 SYSTEMPATH\Common.php(1184): CodeIgniter\View\View->render('v_home', [], true)
 5 APPPATH\Views\layout\v_content.php(3): view('v_home')
 6 SYSTEMPATH\View\View.php(213): include('APPPATH\\Views\\layout\\v_content.php')
 7 SYSTEMPATH\View\View.php(216): CodeIgniter\View\View->CodeIgniter\View\{closure}()
 8 SYSTEMPATH\Common.php(1184): CodeIgniter\View\View->render('layout/v_content', [], true)
 9 APPPATH\Views\layout\v_wrapper.php(4): view('layout/v_content')
10 SYSTEMPATH\View\View.php(213): include('APPPATH\\Views\\layout\\v_wrapper.php')
11 SYSTEMPATH\View\View.php(216): CodeIgniter\View\View->CodeIgniter\View\{closure}()
12 SYSTEMPATH\Common.php(1184): CodeIgniter\View\View->render('layout/v_wrapper', [], true)
13 APPPATH\Controllers\Home.php(27): view('layout/v_wrapper', [...])
14 SYSTEMPATH\CodeIgniter.php(934): App\Controllers\Home->index()
15 SYSTEMPATH\CodeIgniter.php(499): CodeIgniter\CodeIgniter->runController(Object(App\Controllers\Home))
16 SYSTEMPATH\CodeIgniter.php(368): CodeIgniter\CodeIgniter->handleRequest(null, Object(Config\Cache), false)
17 FCPATH\index.php(67): CodeIgniter\CodeIgniter->run()
CRITICAL - 2023-05-23 17:03:12 --> Undefined variable $tot_arsipp
in APPPATH\Views\layout\v_header.php on line 29.
 1 APPPATH\Views\layout\v_header.php(29): CodeIgniter\Debug\Exceptions->errorHandler(2, 'Undefined variable $tot_arsipp', 'APPPATH\\Views\\layout\\v_header.php', 29)
 2 SYSTEMPATH\View\View.php(213): include('APPPATH\\Views\\layout\\v_header.php')
 3 SYSTEMPATH\View\View.php(216): CodeIgniter\View\View->CodeIgniter\View\{closure}()
 4 SYSTEMPATH\Common.php(1184): CodeIgniter\View\View->render('layout/v_header', [], true)
 5 APPPATH\Views\layout\v_wrapper.php(3): view('layout/v_header')
 6 SYSTEMPATH\View\View.php(213): include('APPPATH\\Views\\layout\\v_wrapper.php')
 7 SYSTEMPATH\View\View.php(216): CodeIgniter\View\View->CodeIgniter\View\{closure}()
 8 SYSTEMPATH\Common.php(1184): CodeIgniter\View\View->render('layout/v_wrapper', [], true)
 9 APPPATH\Controllers\Arsip.php(28): view('layout/v_wrapper', [...])
10 SYSTEMPATH\CodeIgniter.php(934): App\Controllers\Arsip->index()
11 SYSTEMPATH\CodeIgniter.php(499): CodeIgniter\CodeIgniter->runController(Object(App\Controllers\Arsip))
12 SYSTEMPATH\CodeIgniter.php(368): CodeIgniter\CodeIgniter->handleRequest(null, Object(Config\Cache), false)
13 FCPATH\index.php(67): CodeIgniter\CodeIgniter->run()
CRITICAL - 2023-05-23 17:03:22 --> Undefined variable $tot_arsipp
in APPPATH\Views\layout\v_header.php on line 29.
 1 APPPATH\Views\layout\v_header.php(29): CodeIgniter\Debug\Exceptions->errorHandler(2, 'Undefined variable $tot_arsipp', 'APPPATH\\Views\\layout\\v_header.php', 29)
 2 SYSTEMPATH\View\View.php(213): include('APPPATH\\Views\\layout\\v_header.php')
 3 SYSTEMPATH\View\View.php(216): CodeIgniter\View\View->CodeIgniter\View\{closure}()
 4 SYSTEMPATH\Common.php(1184): CodeIgniter\View\View->render('layout/v_header', [], true)
 5 APPPATH\Views\layout\v_wrapper.php(3): view('layout/v_header')
 6 SYSTEMPATH\View\View.php(213): include('APPPATH\\Views\\layout\\v_wrapper.php')
 7 SYSTEMPATH\View\View.php(216): CodeIgniter\View\View->CodeIgniter\View\{closure}()
 8 SYSTEMPATH\Common.php(1184): CodeIgniter\View\View->render('layout/v_wrapper', [], true)
 9 APPPATH\Controllers\Arsipp.php(28): view('layout/v_wrapper', [...])
10 SYSTEMPATH\CodeIgniter.php(934): App\Controllers\arsipp->index()
11 SYSTEMPATH\CodeIgniter.php(499): CodeIgniter\CodeIgniter->runController(Object(App\Controllers\arsipp))
12 SYSTEMPATH\CodeIgniter.php(368): CodeIgniter\CodeIgniter->handleRequest(null, Object(Config\Cache), false)
13 FCPATH\index.php(67): CodeIgniter\CodeIgniter->run()
CRITICAL - 2023-05-23 17:03:34 --> Undefined variable $tot_arsipp
in APPPATH\Views\layout\v_header.php on line 32.
 1 APPPATH\Views\layout\v_header.php(32): CodeIgniter\Debug\Exceptions->errorHandler(2, 'Undefined variable $tot_arsipp', 'APPPATH\\Views\\layout\\v_header.php', 32)
 2 SYSTEMPATH\View\View.php(213): include('APPPATH\\Views\\layout\\v_header.php')
 3 SYSTEMPATH\View\View.php(216): CodeIgniter\View\View->CodeIgniter\View\{closure}()
 4 SYSTEMPATH\Common.php(1184): CodeIgniter\View\View->render('layout/v_header', [], true)
 5 APPPATH\Views\layout\v_wrapper.php(3): view('layout/v_header')
 6 SYSTEMPATH\View\View.php(213): include('APPPATH\\Views\\layout\\v_wrapper.php')
 7 SYSTEMPATH\View\View.php(216): CodeIgniter\View\View->CodeIgniter\View\{closure}()
 8 SYSTEMPATH\Common.php(1184): CodeIgniter\View\View->render('layout/v_wrapper', [], true)
 9 APPPATH\Controllers\Arsipp.php(28): view('layout/v_wrapper', [...])
10 SYSTEMPATH\CodeIgniter.php(934): App\Controllers\arsipp->index()
11 SYSTEMPATH\CodeIgniter.php(499): CodeIgniter\CodeIgniter->runController(Object(App\Controllers\arsipp))
12 SYSTEMPATH\CodeIgniter.php(368): CodeIgniter\CodeIgniter->handleRequest(null, Object(Config\Cache), false)
13 FCPATH\index.php(67): CodeIgniter\CodeIgniter->run()
CRITICAL - 2023-05-23 17:03:38 --> Undefined variable $tot_arsipp
in APPPATH\Views\layout\v_header.php on line 32.
 1 APPPATH\Views\layout\v_header.php(32): CodeIgniter\Debug\Exceptions->errorHandler(2, 'Undefined variable $tot_arsipp', 'APPPATH\\Views\\layout\\v_header.php', 32)
 2 SYSTEMPATH\View\View.php(213): include('APPPATH\\Views\\layout\\v_header.php')
 3 SYSTEMPATH\View\View.php(216): CodeIgniter\View\View->CodeIgniter\View\{closure}()
 4 SYSTEMPATH\Common.php(1184): CodeIgniter\View\View->render('layout/v_header', [], true)
 5 APPPATH\Views\layout\v_wrapper.php(3): view('layout/v_header')
 6 SYSTEMPATH\View\View.php(213): include('APPPATH\\Views\\layout\\v_wrapper.php')
 7 SYSTEMPATH\View\View.php(216): CodeIgniter\View\View->CodeIgniter\View\{closure}()
 8 SYSTEMPATH\Common.php(1184): CodeIgniter\View\View->render('layout/v_wrapper', [], true)
 9 APPPATH\Controllers\User.php(27): view('layout/v_wrapper', [...])
10 SYSTEMPATH\CodeIgniter.php(934): App\Controllers\User->index()
11 SYSTEMPATH\CodeIgniter.php(499): CodeIgniter\CodeIgniter->runController(Object(App\Controllers\User))
12 SYSTEMPATH\CodeIgniter.php(368): CodeIgniter\CodeIgniter->handleRequest(null, Object(Config\Cache), false)
13 FCPATH\index.php(67): CodeIgniter\CodeIgniter->run()
CRITICAL - 2023-05-23 17:05:49 --> Undefined variable $total_arsip
in APPPATH\Views\layout\v_header.php on line 32.
 1 APPPATH\Views\layout\v_header.php(32): CodeIgniter\Debug\Exceptions->errorHandler(2, 'Undefined variable $total_arsip', 'APPPATH\\Views\\layout\\v_header.php', 32)
 2 SYSTEMPATH\View\View.php(213): include('APPPATH\\Views\\layout\\v_header.php')
 3 SYSTEMPATH\View\View.php(216): CodeIgniter\View\View->CodeIgniter\View\{closure}()
 4 SYSTEMPATH\Common.php(1184): CodeIgniter\View\View->render('layout/v_header', [], true)
 5 APPPATH\Views\layout\v_wrapper.php(3): view('layout/v_header')
 6 SYSTEMPATH\View\View.php(213): include('APPPATH\\Views\\layout\\v_wrapper.php')
 7 SYSTEMPATH\View\View.php(216): CodeIgniter\View\View->CodeIgniter\View\{closure}()
 8 SYSTEMPATH\Common.php(1184): CodeIgniter\View\View->render('layout/v_wrapper', [], true)
 9 APPPATH\Controllers\Arsip.php(28): view('layout/v_wrapper', [...])
10 SYSTEMPATH\CodeIgniter.php(934): App\Controllers\Arsip->index()
11 SYSTEMPATH\CodeIgniter.php(499): CodeIgniter\CodeIgniter->runController(Object(App\Controllers\Arsip))
12 SYSTEMPATH\CodeIgniter.php(368): CodeIgniter\CodeIgniter->handleRequest(null, Object(Config\Cache), false)
13 FCPATH\index.php(67): CodeIgniter\CodeIgniter->run()
CRITICAL - 2023-05-23 17:06:06 --> Undefined variable $tot_arsipp
in APPPATH\Views\layout\v_header.php on line 32.
 1 APPPATH\Views\layout\v_header.php(32): CodeIgniter\Debug\Exceptions->errorHandler(2, 'Undefined variable $tot_arsipp', 'APPPATH\\Views\\layout\\v_header.php', 32)
 2 SYSTEMPATH\View\View.php(213): include('APPPATH\\Views\\layout\\v_header.php')
 3 SYSTEMPATH\View\View.php(216): CodeIgniter\View\View->CodeIgniter\View\{closure}()
 4 SYSTEMPATH\Common.php(1184): CodeIgniter\View\View->render('layout/v_header', [], true)
 5 APPPATH\Views\layout\v_wrapper.php(3): view('layout/v_header')
 6 SYSTEMPATH\View\View.php(213): include('APPPATH\\Views\\layout\\v_wrapper.php')
 7 SYSTEMPATH\View\View.php(216): CodeIgniter\View\View->CodeIgniter\View\{closure}()
 8 SYSTEMPATH\Common.php(1184): CodeIgniter\View\View->render('layout/v_wrapper', [], true)
 9 APPPATH\Controllers\Arsip.php(28): view('layout/v_wrapper', [...])
10 SYSTEMPATH\CodeIgniter.php(934): App\Controllers\Arsip->index()
11 SYSTEMPATH\CodeIgniter.php(499): CodeIgniter\CodeIgniter->runController(Object(App\Controllers\Arsip))
12 SYSTEMPATH\CodeIgniter.php(368): CodeIgniter\CodeIgniter->handleRequest(null, Object(Config\Cache), false)
13 FCPATH\index.php(67): CodeIgniter\CodeIgniter->run()
CRITICAL - 2023-05-23 17:07:01 --> Undefined variable $total_arsip
in APPPATH\Views\v_home.php on line 68.
 1 APPPATH\Views\v_home.php(68): CodeIgniter\Debug\Exceptions->errorHandler(2, 'Undefined variable $total_arsip', 'APPPATH\\Views\\v_home.php', 68)
 2 SYSTEMPATH\View\View.php(213): include('APPPATH\\Views\\v_home.php')
 3 SYSTEMPATH\View\View.php(216): CodeIgniter\View\View->CodeIgniter\View\{closure}()
 4 SYSTEMPATH\Common.php(1184): CodeIgniter\View\View->render('v_home', [], true)
 5 APPPATH\Views\layout\v_content.php(3): view('v_home')
 6 SYSTEMPATH\View\View.php(213): include('APPPATH\\Views\\layout\\v_content.php')
 7 SYSTEMPATH\View\View.php(216): CodeIgniter\View\View->CodeIgniter\View\{closure}()
 8 SYSTEMPATH\Common.php(1184): CodeIgniter\View\View->render('layout/v_content', [], true)
 9 APPPATH\Views\layout\v_wrapper.php(4): view('layout/v_content')
10 SYSTEMPATH\View\View.php(213): include('APPPATH\\Views\\layout\\v_wrapper.php')
11 SYSTEMPATH\View\View.php(216): CodeIgniter\View\View->CodeIgniter\View\{closure}()
12 SYSTEMPATH\Common.php(1184): CodeIgniter\View\View->render('layout/v_wrapper', [], true)
13 APPPATH\Controllers\Home.php(27): view('layout/v_wrapper', [...])
14 SYSTEMPATH\CodeIgniter.php(934): App\Controllers\Home->index()
15 SYSTEMPATH\CodeIgniter.php(499): CodeIgniter\CodeIgniter->runController(Object(App\Controllers\Home))
16 SYSTEMPATH\CodeIgniter.php(368): CodeIgniter\CodeIgniter->handleRequest(null, Object(Config\Cache), false)
17 FCPATH\index.php(67): CodeIgniter\CodeIgniter->run()
CRITICAL - 2023-05-23 17:11:23 --> Undefined variable $total_arsip
in APPPATH\Views\layout\v_header.php on line 32.
 1 APPPATH\Views\layout\v_header.php(32): CodeIgniter\Debug\Exceptions->errorHandler(2, 'Undefined variable $total_arsip', 'APPPATH\\Views\\layout\\v_header.php', 32)
 2 SYSTEMPATH\View\View.php(213): include('APPPATH\\Views\\layout\\v_header.php')
 3 SYSTEMPATH\View\View.php(216): CodeIgniter\View\View->CodeIgniter\View\{closure}()
 4 SYSTEMPATH\Common.php(1184): CodeIgniter\View\View->render('layout/v_header', [], true)
 5 APPPATH\Views\layout\v_wrapper.php(3): view('layout/v_header')
 6 SYSTEMPATH\View\View.php(213): include('APPPATH\\Views\\layout\\v_wrapper.php')
 7 SYSTEMPATH\View\View.php(216): CodeIgniter\View\View->CodeIgniter\View\{closure}()
 8 SYSTEMPATH\Common.php(1184): CodeIgniter\View\View->render('layout/v_wrapper', [], true)
 9 APPPATH\Controllers\Departemen.php(23): view('layout/v_wrapper', [...])
10 SYSTEMPATH\CodeIgniter.php(934): App\Controllers\Departemen->index()
11 SYSTEMPATH\CodeIgniter.php(499): CodeIgniter\CodeIgniter->runController(Object(App\Controllers\Departemen))
12 SYSTEMPATH\CodeIgniter.php(368): CodeIgniter\CodeIgniter->handleRequest(null, Object(Config\Cache), false)
13 FCPATH\index.php(67): CodeIgniter\CodeIgniter->run()
CRITICAL - 2023-05-23 17:11:35 --> Undefined variable $total_arsip
in APPPATH\Views\layout\v_header.php on line 32.
 1 APPPATH\Views\layout\v_header.php(32): CodeIgniter\Debug\Exceptions->errorHandler(2, 'Undefined variable $total_arsip', 'APPPATH\\Views\\layout\\v_header.php', 32)
 2 SYSTEMPATH\View\View.php(213): include('APPPATH\\Views\\layout\\v_header.php')
 3 SYSTEMPATH\View\View.php(216): CodeIgniter\View\View->CodeIgniter\View\{closure}()
 4 SYSTEMPATH\Common.php(1184): CodeIgniter\View\View->render('layout/v_header', [], true)
 5 APPPATH\Views\layout\v_wrapper.php(3): view('layout/v_header')
 6 SYSTEMPATH\View\View.php(213): include('APPPATH\\Views\\layout\\v_wrapper.php')
 7 SYSTEMPATH\View\View.php(216): CodeIgniter\View\View->CodeIgniter\View\{closure}()
 8 SYSTEMPATH\Common.php(1184): CodeIgniter\View\View->render('layout/v_wrapper', [], true)
 9 APPPATH\Controllers\User.php(27): view('layout/v_wrapper', [...])
10 SYSTEMPATH\CodeIgniter.php(934): App\Controllers\User->index()
11 SYSTEMPATH\CodeIgniter.php(499): CodeIgniter\CodeIgniter->runController(Object(App\Controllers\User))
12 SYSTEMPATH\CodeIgniter.php(368): CodeIgniter\CodeIgniter->handleRequest(null, Object(Config\Cache), false)
13 FCPATH\index.php(67): CodeIgniter\CodeIgniter->run()
CRITICAL - 2023-05-23 17:11:48 --> Undefined variable $total_arsip
in APPPATH\Views\layout\v_header.php on line 32.
 1 APPPATH\Views\layout\v_header.php(32): CodeIgniter\Debug\Exceptions->errorHandler(2, 'Undefined variable $total_arsip', 'APPPATH\\Views\\layout\\v_header.php', 32)
 2 SYSTEMPATH\View\View.php(213): include('APPPATH\\Views\\layout\\v_header.php')
 3 SYSTEMPATH\View\View.php(216): CodeIgniter\View\View->CodeIgniter\View\{closure}()
 4 SYSTEMPATH\Common.php(1184): CodeIgniter\View\View->render('layout/v_header', [], true)
 5 APPPATH\Views\layout\v_wrapper.php(3): view('layout/v_header')
 6 SYSTEMPATH\View\View.php(213): include('APPPATH\\Views\\layout\\v_wrapper.php')
 7 SYSTEMPATH\View\View.php(216): CodeIgniter\View\View->CodeIgniter\View\{closure}()
 8 SYSTEMPATH\Common.php(1184): CodeIgniter\View\View->render('layout/v_wrapper', [], true)
 9 APPPATH\Controllers\User.php(27): view('layout/v_wrapper', [...])
10 SYSTEMPATH\CodeIgniter.php(934): App\Controllers\User->index()
11 SYSTEMPATH\CodeIgniter.php(499): CodeIgniter\CodeIgniter->runController(Object(App\Controllers\User))
12 SYSTEMPATH\CodeIgniter.php(368): CodeIgniter\CodeIgniter->handleRequest(null, Object(Config\Cache), false)
13 FCPATH\index.php(67): CodeIgniter\CodeIgniter->run()
CRITICAL - 2023-05-23 17:11:53 --> Undefined variable $total_arsip
in APPPATH\Views\layout\v_header.php on line 32.
 1 APPPATH\Views\layout\v_header.php(32): CodeIgniter\Debug\Exceptions->errorHandler(2, 'Undefined variable $total_arsip', 'APPPATH\\Views\\layout\\v_header.php', 32)
 2 SYSTEMPATH\View\View.php(213): include('APPPATH\\Views\\layout\\v_header.php')
 3 SYSTEMPATH\View\View.php(216): CodeIgniter\View\View->CodeIgniter\View\{closure}()
 4 SYSTEMPATH\Common.php(1184): CodeIgniter\View\View->render('layout/v_header', [], true)
 5 APPPATH\Views\layout\v_wrapper.php(3): view('layout/v_header')
 6 SYSTEMPATH\View\View.php(213): include('APPPATH\\Views\\layout\\v_wrapper.php')
 7 SYSTEMPATH\View\View.php(216): CodeIgniter\View\View->CodeIgniter\View\{closure}()
 8 SYSTEMPATH\Common.php(1184): CodeIgniter\View\View->render('layout/v_wrapper', [], true)
 9 APPPATH\Controllers\Kategori.php(24): view('layout/v_wrapper', [...])
10 SYSTEMPATH\CodeIgniter.php(934): App\Controllers\Kategori->index()
11 SYSTEMPATH\CodeIgniter.php(499): CodeIgniter\CodeIgniter->runController(Object(App\Controllers\Kategori))
12 SYSTEMPATH\CodeIgniter.php(368): CodeIgniter\CodeIgniter->handleRequest(null, Object(Config\Cache), false)
13 FCPATH\index.php(67): CodeIgniter\CodeIgniter->run()
CRITICAL - 2023-05-23 17:14:52 --> Undefined variable $total_arsip
in APPPATH\Views\layout\v_header.php on line 29.
 1 APPPATH\Views\layout\v_header.php(29): CodeIgniter\Debug\Exceptions->errorHandler(2, 'Undefined variable $total_arsip', 'APPPATH\\Views\\layout\\v_header.php', 29)
 2 SYSTEMPATH\View\View.php(213): include('APPPATH\\Views\\layout\\v_header.php')
 3 SYSTEMPATH\View\View.php(216): CodeIgniter\View\View->CodeIgniter\View\{closure}()
 4 SYSTEMPATH\Common.php(1184): CodeIgniter\View\View->render('layout/v_header', [], true)
 5 APPPATH\Views\layout\v_wrapper.php(3): view('layout/v_header')
 6 SYSTEMPATH\View\View.php(213): include('APPPATH\\Views\\layout\\v_wrapper.php')
 7 SYSTEMPATH\View\View.php(216): CodeIgniter\View\View->CodeIgniter\View\{closure}()
 8 SYSTEMPATH\Common.php(1184): CodeIgniter\View\View->render('layout/v_wrapper', [], true)
 9 APPPATH\Controllers\Departemen.php(23): view('layout/v_wrapper', [...])
10 SYSTEMPATH\CodeIgniter.php(934): App\Controllers\Departemen->index()
11 SYSTEMPATH\CodeIgniter.php(499): CodeIgniter\CodeIgniter->runController(Object(App\Controllers\Departemen))
12 SYSTEMPATH\CodeIgniter.php(368): CodeIgniter\CodeIgniter->handleRequest(null, Object(Config\Cache), false)
13 FCPATH\index.php(67): CodeIgniter\CodeIgniter->run()
CRITICAL - 2023-05-23 17:20:00 --> Undefined variable $total_arsip
in APPPATH\Views\layout\v_header.php on line 32.
 1 APPPATH\Views\layout\v_header.php(32): CodeIgniter\Debug\Exceptions->errorHandler(2, 'Undefined variable $total_arsip', 'APPPATH\\Views\\layout\\v_header.php', 32)
 2 SYSTEMPATH\View\View.php(213): include('APPPATH\\Views\\layout\\v_header.php')
 3 SYSTEMPATH\View\View.php(216): CodeIgniter\View\View->CodeIgniter\View\{closure}()
 4 SYSTEMPATH\Common.php(1184): CodeIgniter\View\View->render('layout/v_header', [], true)
 5 APPPATH\Views\layout\v_wrapper.php(3): view('layout/v_header')
 6 SYSTEMPATH\View\View.php(213): include('APPPATH\\Views\\layout\\v_wrapper.php')
 7 SYSTEMPATH\View\View.php(216): CodeIgniter\View\View->CodeIgniter\View\{closure}()
 8 SYSTEMPATH\Common.php(1184): CodeIgniter\View\View->render('layout/v_wrapper', [], true)
 9 APPPATH\Controllers\Departemen.php(23): view('layout/v_wrapper', [...])
10 SYSTEMPATH\CodeIgniter.php(934): App\Controllers\Departemen->index()
11 SYSTEMPATH\CodeIgniter.php(499): CodeIgniter\CodeIgniter->runController(Object(App\Controllers\Departemen))
12 SYSTEMPATH\CodeIgniter.php(368): CodeIgniter\CodeIgniter->handleRequest(null, Object(Config\Cache), false)
13 FCPATH\index.php(67): CodeIgniter\CodeIgniter->run()
CRITICAL - 2023-05-23 17:20:01 --> Undefined variable $total_arsip
in APPPATH\Views\layout\v_header.php on line 32.
 1 APPPATH\Views\layout\v_header.php(32): CodeIgniter\Debug\Exceptions->errorHandler(2, 'Undefined variable $total_arsip', 'APPPATH\\Views\\layout\\v_header.php', 32)
 2 SYSTEMPATH\View\View.php(213): include('APPPATH\\Views\\layout\\v_header.php')
 3 SYSTEMPATH\View\View.php(216): CodeIgniter\View\View->CodeIgniter\View\{closure}()
 4 SYSTEMPATH\Common.php(1184): CodeIgniter\View\View->render('layout/v_header', [], true)
 5 APPPATH\Views\layout\v_wrapper.php(3): view('layout/v_header')
 6 SYSTEMPATH\View\View.php(213): include('APPPATH\\Views\\layout\\v_wrapper.php')
 7 SYSTEMPATH\View\View.php(216): CodeIgniter\View\View->CodeIgniter\View\{closure}()
 8 SYSTEMPATH\Common.php(1184): CodeIgniter\View\View->render('layout/v_wrapper', [], true)
 9 APPPATH\Controllers\Departemen.php(23): view('layout/v_wrapper', [...])
10 SYSTEMPATH\CodeIgniter.php(934): App\Controllers\Departemen->index()
11 SYSTEMPATH\CodeIgniter.php(499): CodeIgniter\CodeIgniter->runController(Object(App\Controllers\Departemen))
12 SYSTEMPATH\CodeIgniter.php(368): CodeIgniter\CodeIgniter->handleRequest(null, Object(Config\Cache), false)
13 FCPATH\index.php(67): CodeIgniter\CodeIgniter->run()
CRITICAL - 2023-05-23 17:20:08 --> Undefined variable $total_arsip
in APPPATH\Views\layout\v_header.php on line 29.
 1 APPPATH\Views\layout\v_header.php(29): CodeIgniter\Debug\Exceptions->errorHandler(2, 'Undefined variable $total_arsip', 'APPPATH\\Views\\layout\\v_header.php', 29)
 2 SYSTEMPATH\View\View.php(213): include('APPPATH\\Views\\layout\\v_header.php')
 3 SYSTEMPATH\View\View.php(216): CodeIgniter\View\View->CodeIgniter\View\{closure}()
 4 SYSTEMPATH\Common.php(1184): CodeIgniter\View\View->render('layout/v_header', [], true)
 5 APPPATH\Views\layout\v_wrapper.php(3): view('layout/v_header')
 6 SYSTEMPATH\View\View.php(213): include('APPPATH\\Views\\layout\\v_wrapper.php')
 7 SYSTEMPATH\View\View.php(216): CodeIgniter\View\View->CodeIgniter\View\{closure}()
 8 SYSTEMPATH\Common.php(1184): CodeIgniter\View\View->render('layout/v_wrapper', [], true)
 9 APPPATH\Controllers\Departemen.php(23): view('layout/v_wrapper', [...])
10 SYSTEMPATH\CodeIgniter.php(934): App\Controllers\Departemen->index()
11 SYSTEMPATH\CodeIgniter.php(499): CodeIgniter\CodeIgniter->runController(Object(App\Controllers\Departemen))
12 SYSTEMPATH\CodeIgniter.php(368): CodeIgniter\CodeIgniter->handleRequest(null, Object(Config\Cache), false)
13 FCPATH\index.php(67): CodeIgniter\CodeIgniter->run()
CRITICAL - 2023-05-23 17:23:27 --> Invalid file: "v_nav.php"
in SYSTEMPATH\Exceptions\FrameworkException.php on line 33.
 1 SYSTEMPATH\View\View.php(201): CodeIgniter\Exceptions\FrameworkException::forInvalidFile('v_nav.php')
 2 SYSTEMPATH\Common.php(1184): CodeIgniter\View\View->render('v_nav', [], true)
 3 APPPATH\Views\layout\v_content.php(3): view('v_nav')
 4 SYSTEMPATH\View\View.php(213): include('APPPATH\\Views\\layout\\v_content.php')
 5 SYSTEMPATH\View\View.php(216): CodeIgniter\View\View->CodeIgniter\View\{closure}()
 6 SYSTEMPATH\Common.php(1184): CodeIgniter\View\View->render('layout/v_content', [], true)
 7 APPPATH\Views\layout\v_wrapper.php(4): view('layout/v_content')
 8 SYSTEMPATH\View\View.php(213): include('APPPATH\\Views\\layout\\v_wrapper.php')
 9 SYSTEMPATH\View\View.php(216): CodeIgniter\View\View->CodeIgniter\View\{closure}()
10 SYSTEMPATH\Common.php(1184): CodeIgniter\View\View->render('layout/v_wrapper', [], true)
11 APPPATH\Controllers\Home.php(28): view('layout/v_wrapper', [...])
12 SYSTEMPATH\CodeIgniter.php(934): App\Controllers\Home->index()
13 SYSTEMPATH\CodeIgniter.php(499): CodeIgniter\CodeIgniter->runController(Object(App\Controllers\Home))
14 SYSTEMPATH\CodeIgniter.php(368): CodeIgniter\CodeIgniter->handleRequest(null, Object(Config\Cache), false)
15 FCPATH\index.php(67): CodeIgniter\CodeIgniter->run()
CRITICAL - 2023-05-23 17:25:15 --> Undefined variable $total_arsip
in APPPATH\Views\layout\v_header.php on line 32.
 1 APPPATH\Views\layout\v_header.php(32): CodeIgniter\Debug\Exceptions->errorHandler(2, 'Undefined variable $total_arsip', 'APPPATH\\Views\\layout\\v_header.php', 32)
 2 SYSTEMPATH\View\View.php(213): include('APPPATH\\Views\\layout\\v_header.php')
 3 SYSTEMPATH\View\View.php(216): CodeIgniter\View\View->CodeIgniter\View\{closure}()
 4 SYSTEMPATH\Common.php(1184): CodeIgniter\View\View->render('layout/v_header', [], true)
 5 APPPATH\Views\layout\v_wrapper.php(3): view('layout/v_header')
 6 SYSTEMPATH\View\View.php(213): include('APPPATH\\Views\\layout\\v_wrapper.php')
 7 SYSTEMPATH\View\View.php(216): CodeIgniter\View\View->CodeIgniter\View\{closure}()
 8 SYSTEMPATH\Common.php(1184): CodeIgniter\View\View->render('layout/v_wrapper', [], true)
 9 APPPATH\Controllers\Kategori.php(24): view('layout/v_wrapper', [...])
10 SYSTEMPATH\CodeIgniter.php(934): App\Controllers\Kategori->index()
11 SYSTEMPATH\CodeIgniter.php(499): CodeIgniter\CodeIgniter->runController(Object(App\Controllers\Kategori))
12 SYSTEMPATH\CodeIgniter.php(368): CodeIgniter\CodeIgniter->handleRequest(null, Object(Config\Cache), false)
13 FCPATH\index.php(67): CodeIgniter\CodeIgniter->run()
CRITICAL - 2023-05-23 17:26:55 --> Undefined variable $total
in APPPATH\Views\layout\v_header.php on line 32.
 1 APPPATH\Views\layout\v_header.php(32): CodeIgniter\Debug\Exceptions->errorHandler(2, 'Undefined variable $total', 'APPPATH\\Views\\layout\\v_header.php', 32)
 2 SYSTEMPATH\View\View.php(213): include('APPPATH\\Views\\layout\\v_header.php')
 3 SYSTEMPATH\View\View.php(216): CodeIgniter\View\View->CodeIgniter\View\{closure}()
 4 SYSTEMPATH\Common.php(1184): CodeIgniter\View\View->render('layout/v_header', [], true)
 5 APPPATH\Views\layout\v_wrapper.php(3): view('layout/v_header')
 6 SYSTEMPATH\View\View.php(213): include('APPPATH\\Views\\layout\\v_wrapper.php')
 7 SYSTEMPATH\View\View.php(216): CodeIgniter\View\View->CodeIgniter\View\{closure}()
 8 SYSTEMPATH\Common.php(1184): CodeIgniter\View\View->render('layout/v_wrapper', [], true)
 9 APPPATH\Controllers\Kategori.php(24): view('layout/v_wrapper', [...])
10 SYSTEMPATH\CodeIgniter.php(934): App\Controllers\Kategori->index()
11 SYSTEMPATH\CodeIgniter.php(499): CodeIgniter\CodeIgniter->runController(Object(App\Controllers\Kategori))
12 SYSTEMPATH\CodeIgniter.php(368): CodeIgniter\CodeIgniter->handleRequest(null, Object(Config\Cache), false)
13 FCPATH\index.php(67): CodeIgniter\CodeIgniter->run()
=======
ERROR - 2023-05-23 11:09:06 --> Error connecting to the database: mysqli_sql_exception: Unknown database 'webif21c_kel5' in C:\Users\gerry\OneDrive\Dokumen\project web2\arsip-test\system\Database\MySQLi\Connection.php:173
Stack trace:
#0 C:\Users\gerry\OneDrive\Dokumen\project web2\arsip-test\system\Database\MySQLi\Connection.php(173): mysqli->real_connect('localhost', 'root', Object(SensitiveParameterValue), 'webif21c_kel5', 3306, '', 0)
#1 C:\Users\gerry\OneDrive\Dokumen\project web2\arsip-test\system\Database\BaseConnection.php(391): CodeIgniter\Database\MySQLi\Connection->connect(false)
#2 C:\Users\gerry\OneDrive\Dokumen\project web2\arsip-test\system\Database\BaseConnection.php(573): CodeIgniter\Database\BaseConnection->initialize()
#3 C:\Users\gerry\OneDrive\Dokumen\project web2\arsip-test\system\Database\BaseConnection.php(1408): CodeIgniter\Database\BaseConnection->query('SHOW TABLES FRO...')
#4 C:\Users\gerry\OneDrive\Dokumen\project web2\arsip-test\system\Database\BaseConnection.php(1427): CodeIgniter\Database\BaseConnection->listTables()
#5 C:\Users\gerry\OneDrive\Dokumen\project web2\arsip-test\system\Database\MigrationRunner.php(768): CodeIgniter\Database\BaseConnection->tableExists('migrations')
#6 C:\Users\gerry\OneDrive\Dokumen\project web2\arsip-test\system\Database\MigrationRunner.php(168): CodeIgniter\Database\MigrationRunner->ensureTable()
#7 C:\Users\gerry\OneDrive\Dokumen\project web2\arsip-test\system\Commands\Database\Migrate.php(84): CodeIgniter\Database\MigrationRunner->latest(NULL)
#8 C:\Users\gerry\OneDrive\Dokumen\project web2\arsip-test\system\CLI\Commands.php(65): CodeIgniter\Commands\Database\Migrate->run(Array)
#9 C:\Users\gerry\OneDrive\Dokumen\project web2\arsip-test\system\CLI\Console.php(37): CodeIgniter\CLI\Commands->run('migrate', Array)
#10 C:\Users\gerry\OneDrive\Dokumen\project web2\arsip-test\spark(97): CodeIgniter\CLI\Console->run()
#11 {main}

Next CodeIgniter\Database\Exceptions\DatabaseException: Unknown database 'webif21c_kel5' in C:\Users\gerry\OneDrive\Dokumen\project web2\arsip-test\system\Database\MySQLi\Connection.php:218
Stack trace:
#0 C:\Users\gerry\OneDrive\Dokumen\project web2\arsip-test\system\Database\BaseConnection.php(391): CodeIgniter\Database\MySQLi\Connection->connect(false)
#1 C:\Users\gerry\OneDrive\Dokumen\project web2\arsip-test\system\Database\BaseConnection.php(573): CodeIgniter\Database\BaseConnection->initialize()
#2 C:\Users\gerry\OneDrive\Dokumen\project web2\arsip-test\system\Database\BaseConnection.php(1408): CodeIgniter\Database\BaseConnection->query('SHOW TABLES FRO...')
#3 C:\Users\gerry\OneDrive\Dokumen\project web2\arsip-test\system\Database\BaseConnection.php(1427): CodeIgniter\Database\BaseConnection->listTables()
#4 C:\Users\gerry\OneDrive\Dokumen\project web2\arsip-test\system\Database\MigrationRunner.php(768): CodeIgniter\Database\BaseConnection->tableExists('migrations')
#5 C:\Users\gerry\OneDrive\Dokumen\project web2\arsip-test\system\Database\MigrationRunner.php(168): CodeIgniter\Database\MigrationRunner->ensureTable()
#6 C:\Users\gerry\OneDrive\Dokumen\project web2\arsip-test\system\Commands\Database\Migrate.php(84): CodeIgniter\Database\MigrationRunner->latest(NULL)
#7 C:\Users\gerry\OneDrive\Dokumen\project web2\arsip-test\system\CLI\Commands.php(65): CodeIgniter\Commands\Database\Migrate->run(Array)
#8 C:\Users\gerry\OneDrive\Dokumen\project web2\arsip-test\system\CLI\Console.php(37): CodeIgniter\CLI\Commands->run('migrate', Array)
#9 C:\Users\gerry\OneDrive\Dokumen\project web2\arsip-test\spark(97): CodeIgniter\CLI\Console->run()
#10 {main}
ERROR - 2023-05-23 11:11:50 --> Error connecting to the database: mysqli_sql_exception: Unknown database 'webif21c_kel5' in C:\Users\gerry\OneDrive\Dokumen\project web2\arsip-test\system\Database\MySQLi\Connection.php:173
Stack trace:
#0 C:\Users\gerry\OneDrive\Dokumen\project web2\arsip-test\system\Database\MySQLi\Connection.php(173): mysqli->real_connect('localhost', 'root', Object(SensitiveParameterValue), 'webif21c_kel5', 3306, '', 0)
#1 C:\Users\gerry\OneDrive\Dokumen\project web2\arsip-test\system\Database\BaseConnection.php(391): CodeIgniter\Database\MySQLi\Connection->connect(false)
#2 C:\Users\gerry\OneDrive\Dokumen\project web2\arsip-test\system\Database\BaseConnection.php(573): CodeIgniter\Database\BaseConnection->initialize()
#3 C:\Users\gerry\OneDrive\Dokumen\project web2\arsip-test\system\Database\BaseConnection.php(1408): CodeIgniter\Database\BaseConnection->query('SHOW TABLES FRO...')
#4 C:\Users\gerry\OneDrive\Dokumen\project web2\arsip-test\system\Database\BaseConnection.php(1427): CodeIgniter\Database\BaseConnection->listTables()
#5 C:\Users\gerry\OneDrive\Dokumen\project web2\arsip-test\system\Database\MigrationRunner.php(768): CodeIgniter\Database\BaseConnection->tableExists('migrations')
#6 C:\Users\gerry\OneDrive\Dokumen\project web2\arsip-test\system\Database\MigrationRunner.php(168): CodeIgniter\Database\MigrationRunner->ensureTable()
#7 C:\Users\gerry\OneDrive\Dokumen\project web2\arsip-test\system\Commands\Database\Migrate.php(84): CodeIgniter\Database\MigrationRunner->latest(NULL)
#8 C:\Users\gerry\OneDrive\Dokumen\project web2\arsip-test\system\CLI\Commands.php(65): CodeIgniter\Commands\Database\Migrate->run(Array)
#9 C:\Users\gerry\OneDrive\Dokumen\project web2\arsip-test\system\CLI\Console.php(37): CodeIgniter\CLI\Commands->run('migrate', Array)
#10 C:\Users\gerry\OneDrive\Dokumen\project web2\arsip-test\spark(97): CodeIgniter\CLI\Console->run()
#11 {main}

Next CodeIgniter\Database\Exceptions\DatabaseException: Unknown database 'webif21c_kel5' in C:\Users\gerry\OneDrive\Dokumen\project web2\arsip-test\system\Database\MySQLi\Connection.php:218
Stack trace:
#0 C:\Users\gerry\OneDrive\Dokumen\project web2\arsip-test\system\Database\BaseConnection.php(391): CodeIgniter\Database\MySQLi\Connection->connect(false)
#1 C:\Users\gerry\OneDrive\Dokumen\project web2\arsip-test\system\Database\BaseConnection.php(573): CodeIgniter\Database\BaseConnection->initialize()
#2 C:\Users\gerry\OneDrive\Dokumen\project web2\arsip-test\system\Database\BaseConnection.php(1408): CodeIgniter\Database\BaseConnection->query('SHOW TABLES FRO...')
#3 C:\Users\gerry\OneDrive\Dokumen\project web2\arsip-test\system\Database\BaseConnection.php(1427): CodeIgniter\Database\BaseConnection->listTables()
#4 C:\Users\gerry\OneDrive\Dokumen\project web2\arsip-test\system\Database\MigrationRunner.php(768): CodeIgniter\Database\BaseConnection->tableExists('migrations')
#5 C:\Users\gerry\OneDrive\Dokumen\project web2\arsip-test\system\Database\MigrationRunner.php(168): CodeIgniter\Database\MigrationRunner->ensureTable()
#6 C:\Users\gerry\OneDrive\Dokumen\project web2\arsip-test\system\Commands\Database\Migrate.php(84): CodeIgniter\Database\MigrationRunner->latest(NULL)
#7 C:\Users\gerry\OneDrive\Dokumen\project web2\arsip-test\system\CLI\Commands.php(65): CodeIgniter\Commands\Database\Migrate->run(Array)
#8 C:\Users\gerry\OneDrive\Dokumen\project web2\arsip-test\system\CLI\Console.php(37): CodeIgniter\CLI\Commands->run('migrate', Array)
#9 C:\Users\gerry\OneDrive\Dokumen\project web2\arsip-test\spark(97): CodeIgniter\CLI\Console->run()
#10 {main}
>>>>>>> 156c5bf7c6ba13d9bf4293a338784b12d188c353
