ERROR - 2023-05-11 10:58:01 --> mysqli_sql_exception: Unknown column 'tbl_user.id_departemen' in 'on clause' in C:\xampp\htdocs\webif21c-kel5\system\Database\MySQLi\Connection.php:295
Stack trace:
#0 C:\xampp\htdocs\webif21c-kel5\system\Database\MySQLi\Connection.php(295): mysqli->query('SELECT *\nFROM `...', 0)
#1 C:\xampp\htdocs\webif21c-kel5\system\Database\BaseConnection.php(691): CodeIgniter\Database\MySQLi\Connection->execute('SELECT *\nFROM `...')
#2 C:\xampp\htdocs\webif21c-kel5\system\Database\BaseConnection.php(605): CodeIgniter\Database\BaseConnection->simpleQuery('SELECT *\nFROM `...')
#3 C:\xampp\htdocs\webif21c-kel5\system\Database\BaseBuilder.php(1616): CodeIgniter\Database\BaseConnection->query('SELECT *\nFROM `...', Array, false)
#4 C:\xampp\htdocs\webif21c-kel5\app\Models\Model_User.php(15): CodeIgniter\Database\BaseBuilder->get()
#5 C:\xampp\htdocs\webif21c-kel5\app\Controllers\User.php(21): App\Models\Model_User->all_data()
#6 C:\xampp\htdocs\webif21c-kel5\system\CodeIgniter.php(934): App\Controllers\User->index()
#7 C:\xampp\htdocs\webif21c-kel5\system\CodeIgniter.php(499): CodeIgniter\CodeIgniter->runController(Object(App\Controllers\User))
#8 C:\xampp\htdocs\webif21c-kel5\system\CodeIgniter.php(368): CodeIgniter\CodeIgniter->handleRequest(NULL, Object(Config\Cache), false)
#9 C:\xampp\htdocs\webif21c-kel5\public\index.php(67): CodeIgniter\CodeIgniter->run()
#10 {main}
CRITICAL - 2023-05-11 10:58:01 --> Unknown column 'tbl_user.id_departemen' in 'on clause'
in SYSTEMPATH\Database\BaseConnection.php on line 645.
 1 SYSTEMPATH\Database\BaseBuilder.php(1616): CodeIgniter\Database\BaseConnection->query('SELECT *
FROM `tbl_user`
LEFT JOIN `tbl_departemen` ON `tbl_departemen`.`id_departemen` = `tbl_user`.`id_departemen`
ORDER BY `id_user` DESC', [], false)
 2 APPPATH\Models\Model_User.php(15): CodeIgniter\Database\BaseBuilder->get()
 3 APPPATH\Controllers\User.php(21): App\Models\Model_User->all_data()
 4 SYSTEMPATH\CodeIgniter.php(934): App\Controllers\User->index()
 5 SYSTEMPATH\CodeIgniter.php(499): CodeIgniter\CodeIgniter->runController(Object(App\Controllers\User))
 6 SYSTEMPATH\CodeIgniter.php(368): CodeIgniter\CodeIgniter->handleRequest(null, Object(Config\Cache), false)
 7 FCPATH\index.php(67): CodeIgniter\CodeIgniter->run()
ERROR - 2023-05-11 10:59:41 --> mysqli_sql_exception: Unknown column 'tbl_user.id_departemen' in 'on clause' in C:\xampp\htdocs\webif21c-kel5\system\Database\MySQLi\Connection.php:295
Stack trace:
#0 C:\xampp\htdocs\webif21c-kel5\system\Database\MySQLi\Connection.php(295): mysqli->query('SELECT *\nFROM `...', 0)
#1 C:\xampp\htdocs\webif21c-kel5\system\Database\BaseConnection.php(691): CodeIgniter\Database\MySQLi\Connection->execute('SELECT *\nFROM `...')
#2 C:\xampp\htdocs\webif21c-kel5\system\Database\BaseConnection.php(605): CodeIgniter\Database\BaseConnection->simpleQuery('SELECT *\nFROM `...')
#3 C:\xampp\htdocs\webif21c-kel5\system\Database\BaseBuilder.php(1616): CodeIgniter\Database\BaseConnection->query('SELECT *\nFROM `...', Array, false)
#4 C:\xampp\htdocs\webif21c-kel5\app\Models\Model_User.php(15): CodeIgniter\Database\BaseBuilder->get()
#5 C:\xampp\htdocs\webif21c-kel5\app\Controllers\User.php(21): App\Models\Model_User->all_data()
#6 C:\xampp\htdocs\webif21c-kel5\system\CodeIgniter.php(934): App\Controllers\User->index()
#7 C:\xampp\htdocs\webif21c-kel5\system\CodeIgniter.php(499): CodeIgniter\CodeIgniter->runController(Object(App\Controllers\User))
#8 C:\xampp\htdocs\webif21c-kel5\system\CodeIgniter.php(368): CodeIgniter\CodeIgniter->handleRequest(NULL, Object(Config\Cache), false)
#9 C:\xampp\htdocs\webif21c-kel5\public\index.php(67): CodeIgniter\CodeIgniter->run()
#10 {main}
CRITICAL - 2023-05-11 10:59:41 --> Unknown column 'tbl_user.id_departemen' in 'on clause'
in SYSTEMPATH\Database\BaseConnection.php on line 645.
 1 SYSTEMPATH\Database\BaseBuilder.php(1616): CodeIgniter\Database\BaseConnection->query('SELECT *
FROM `tbl_user`
LEFT JOIN `tbl_departemen` ON `tbl_departemen`.`id_departemen` = `tbl_user`.`id_departemen`
ORDER BY `id_user` DESC', [], false)
 2 APPPATH\Models\Model_User.php(15): CodeIgniter\Database\BaseBuilder->get()
 3 APPPATH\Controllers\User.php(21): App\Models\Model_User->all_data()
 4 SYSTEMPATH\CodeIgniter.php(934): App\Controllers\User->index()
 5 SYSTEMPATH\CodeIgniter.php(499): CodeIgniter\CodeIgniter->runController(Object(App\Controllers\User))
 6 SYSTEMPATH\CodeIgniter.php(368): CodeIgniter\CodeIgniter->handleRequest(null, Object(Config\Cache), false)
 7 FCPATH\index.php(67): CodeIgniter\CodeIgniter->run()
ERROR - 2023-05-11 11:03:36 --> mysqli_sql_exception: Unknown column 'tbl_user.id_departemen' in 'on clause' in C:\xampp\htdocs\webif21c-kel5\system\Database\MySQLi\Connection.php:295
Stack trace:
#0 C:\xampp\htdocs\webif21c-kel5\system\Database\MySQLi\Connection.php(295): mysqli->query('SELECT *\nFROM `...', 0)
#1 C:\xampp\htdocs\webif21c-kel5\system\Database\BaseConnection.php(691): CodeIgniter\Database\MySQLi\Connection->execute('SELECT *\nFROM `...')
#2 C:\xampp\htdocs\webif21c-kel5\system\Database\BaseConnection.php(605): CodeIgniter\Database\BaseConnection->simpleQuery('SELECT *\nFROM `...')
#3 C:\xampp\htdocs\webif21c-kel5\system\Database\BaseBuilder.php(1616): CodeIgniter\Database\BaseConnection->query('SELECT *\nFROM `...', Array, false)
#4 C:\xampp\htdocs\webif21c-kel5\app\Models\Model_User.php(15): CodeIgniter\Database\BaseBuilder->get()
#5 C:\xampp\htdocs\webif21c-kel5\app\Controllers\User.php(21): App\Models\Model_User->all_data()
#6 C:\xampp\htdocs\webif21c-kel5\system\CodeIgniter.php(934): App\Controllers\User->index()
#7 C:\xampp\htdocs\webif21c-kel5\system\CodeIgniter.php(499): CodeIgniter\CodeIgniter->runController(Object(App\Controllers\User))
#8 C:\xampp\htdocs\webif21c-kel5\system\CodeIgniter.php(368): CodeIgniter\CodeIgniter->handleRequest(NULL, Object(Config\Cache), false)
#9 C:\xampp\htdocs\webif21c-kel5\public\index.php(67): CodeIgniter\CodeIgniter->run()
#10 {main}
CRITICAL - 2023-05-11 11:03:36 --> Unknown column 'tbl_user.id_departemen' in 'on clause'
in SYSTEMPATH\Database\BaseConnection.php on line 645.
 1 SYSTEMPATH\Database\BaseBuilder.php(1616): CodeIgniter\Database\BaseConnection->query('SELECT *
FROM `tbl_user`
LEFT JOIN `tbl_departemen` ON `tbl_departemen`.`id_departemen` = `tbl_user`.`id_departemen`
ORDER BY `id_user` DESC', [], false)
 2 APPPATH\Models\Model_User.php(15): CodeIgniter\Database\BaseBuilder->get()
 3 APPPATH\Controllers\User.php(21): App\Models\Model_User->all_data()
 4 SYSTEMPATH\CodeIgniter.php(934): App\Controllers\User->index()
 5 SYSTEMPATH\CodeIgniter.php(499): CodeIgniter\CodeIgniter->runController(Object(App\Controllers\User))
 6 SYSTEMPATH\CodeIgniter.php(368): CodeIgniter\CodeIgniter->handleRequest(null, Object(Config\Cache), false)
 7 FCPATH\index.php(67): CodeIgniter\CodeIgniter->run()
CRITICAL - 2023-05-11 11:09:12 --> Undefined variable $Departemen
in APPPATH\Views\user\v_index.php on line 49.
 1 APPPATH\Views\user\v_index.php(49): CodeIgniter\Debug\Exceptions->errorHandler(2, 'Undefined variable $Departemen', 'APPPATH\\Views\\user\\v_index.php', 49)
 2 SYSTEMPATH\View\View.php(213): include('APPPATH\\Views\\user\\v_index.php')
 3 SYSTEMPATH\View\View.php(216): CodeIgniter\View\View->CodeIgniter\View\{closure}()
 4 SYSTEMPATH\Common.php(1184): CodeIgniter\View\View->render('user/v_index', [], true)
 5 APPPATH\Views\layout\v_content.php(3): view('user/v_index')
 6 SYSTEMPATH\View\View.php(213): include('APPPATH\\Views\\layout\\v_content.php')
 7 SYSTEMPATH\View\View.php(216): CodeIgniter\View\View->CodeIgniter\View\{closure}()
 8 SYSTEMPATH\Common.php(1184): CodeIgniter\View\View->render('layout/v_content', [], true)
 9 APPPATH\Views\layout\v_wrapper.php(4): view('layout/v_content')
10 SYSTEMPATH\View\View.php(213): include('APPPATH\\Views\\layout\\v_wrapper.php')
11 SYSTEMPATH\View\View.php(216): CodeIgniter\View\View->CodeIgniter\View\{closure}()
12 SYSTEMPATH\Common.php(1184): CodeIgniter\View\View->render('layout/v_wrapper', [], true)
13 APPPATH\Controllers\User.php(24): view('layout/v_wrapper', [...])
14 SYSTEMPATH\CodeIgniter.php(934): App\Controllers\User->index()
15 SYSTEMPATH\CodeIgniter.php(499): CodeIgniter\CodeIgniter->runController(Object(App\Controllers\User))
16 SYSTEMPATH\CodeIgniter.php(368): CodeIgniter\CodeIgniter->handleRequest(null, Object(Config\Cache), false)
17 FCPATH\index.php(67): CodeIgniter\CodeIgniter->run()
ERROR - 2023-05-11 11:14:40 --> mysqli_sql_exception: Unknown column 'tbl_user.id_departemen' in 'on clause' in C:\xampp\htdocs\webif21c-kel5\system\Database\MySQLi\Connection.php:295
Stack trace:
#0 C:\xampp\htdocs\webif21c-kel5\system\Database\MySQLi\Connection.php(295): mysqli->query('SELECT *\nFROM `...', 0)
#1 C:\xampp\htdocs\webif21c-kel5\system\Database\BaseConnection.php(691): CodeIgniter\Database\MySQLi\Connection->execute('SELECT *\nFROM `...')
#2 C:\xampp\htdocs\webif21c-kel5\system\Database\BaseConnection.php(605): CodeIgniter\Database\BaseConnection->simpleQuery('SELECT *\nFROM `...')
#3 C:\xampp\htdocs\webif21c-kel5\system\Database\BaseBuilder.php(1616): CodeIgniter\Database\BaseConnection->query('SELECT *\nFROM `...', Array, false)
#4 C:\xampp\htdocs\webif21c-kel5\app\Models\Model_User.php(15): CodeIgniter\Database\BaseBuilder->get()
#5 C:\xampp\htdocs\webif21c-kel5\app\Controllers\User.php(21): App\Models\Model_User->all_data()
#6 C:\xampp\htdocs\webif21c-kel5\system\CodeIgniter.php(934): App\Controllers\User->index()
#7 C:\xampp\htdocs\webif21c-kel5\system\CodeIgniter.php(499): CodeIgniter\CodeIgniter->runController(Object(App\Controllers\User))
#8 C:\xampp\htdocs\webif21c-kel5\system\CodeIgniter.php(368): CodeIgniter\CodeIgniter->handleRequest(NULL, Object(Config\Cache), false)
#9 C:\xampp\htdocs\webif21c-kel5\public\index.php(67): CodeIgniter\CodeIgniter->run()
#10 {main}
CRITICAL - 2023-05-11 11:14:40 --> Unknown column 'tbl_user.id_departemen' in 'on clause'
in SYSTEMPATH\Database\BaseConnection.php on line 645.
 1 SYSTEMPATH\Database\BaseBuilder.php(1616): CodeIgniter\Database\BaseConnection->query('SELECT *
FROM `tbl_user`
LEFT JOIN `tbl_departemen` ON `tbl_departemen`.`id_departemen` = `tbl_user`.`id_departemen`
ORDER BY `id_user` DESC', [], false)
 2 APPPATH\Models\Model_User.php(15): CodeIgniter\Database\BaseBuilder->get()
 3 APPPATH\Controllers\User.php(21): App\Models\Model_User->all_data()
 4 SYSTEMPATH\CodeIgniter.php(934): App\Controllers\User->index()
 5 SYSTEMPATH\CodeIgniter.php(499): CodeIgniter\CodeIgniter->runController(Object(App\Controllers\User))
 6 SYSTEMPATH\CodeIgniter.php(368): CodeIgniter\CodeIgniter->handleRequest(null, Object(Config\Cache), false)
 7 FCPATH\index.php(67): CodeIgniter\CodeIgniter->run()
ERROR - 2023-05-11 11:15:54 --> mysqli_sql_exception: Unknown column 'tbl_user.id_departemen' in 'on clause' in C:\xampp\htdocs\webif21c-kel5\system\Database\MySQLi\Connection.php:295
Stack trace:
#0 C:\xampp\htdocs\webif21c-kel5\system\Database\MySQLi\Connection.php(295): mysqli->query('SELECT *\nFROM `...', 0)
#1 C:\xampp\htdocs\webif21c-kel5\system\Database\BaseConnection.php(691): CodeIgniter\Database\MySQLi\Connection->execute('SELECT *\nFROM `...')
#2 C:\xampp\htdocs\webif21c-kel5\system\Database\BaseConnection.php(605): CodeIgniter\Database\BaseConnection->simpleQuery('SELECT *\nFROM `...')
#3 C:\xampp\htdocs\webif21c-kel5\system\Database\BaseBuilder.php(1616): CodeIgniter\Database\BaseConnection->query('SELECT *\nFROM `...', Array, false)
#4 C:\xampp\htdocs\webif21c-kel5\app\Models\Model_User.php(15): CodeIgniter\Database\BaseBuilder->get()
#5 C:\xampp\htdocs\webif21c-kel5\app\Controllers\User.php(21): App\Models\Model_User->all_data()
#6 C:\xampp\htdocs\webif21c-kel5\system\CodeIgniter.php(934): App\Controllers\User->index()
#7 C:\xampp\htdocs\webif21c-kel5\system\CodeIgniter.php(499): CodeIgniter\CodeIgniter->runController(Object(App\Controllers\User))
#8 C:\xampp\htdocs\webif21c-kel5\system\CodeIgniter.php(368): CodeIgniter\CodeIgniter->handleRequest(NULL, Object(Config\Cache), false)
#9 C:\xampp\htdocs\webif21c-kel5\public\index.php(67): CodeIgniter\CodeIgniter->run()
#10 {main}
CRITICAL - 2023-05-11 11:15:54 --> Unknown column 'tbl_user.id_departemen' in 'on clause'
in SYSTEMPATH\Database\BaseConnection.php on line 645.
 1 SYSTEMPATH\Database\BaseBuilder.php(1616): CodeIgniter\Database\BaseConnection->query('SELECT *
FROM `tbl_user`
LEFT JOIN `tbl_departemen` ON `tbl_departemen`.`id_departemen` = `tbl_user`.`id_departemen`
ORDER BY `id_user` DESC', [], false)
 2 APPPATH\Models\Model_User.php(15): CodeIgniter\Database\BaseBuilder->get()
 3 APPPATH\Controllers\User.php(21): App\Models\Model_User->all_data()
 4 SYSTEMPATH\CodeIgniter.php(934): App\Controllers\User->index()
 5 SYSTEMPATH\CodeIgniter.php(499): CodeIgniter\CodeIgniter->runController(Object(App\Controllers\User))
 6 SYSTEMPATH\CodeIgniter.php(368): CodeIgniter\CodeIgniter->handleRequest(null, Object(Config\Cache), false)
 7 FCPATH\index.php(67): CodeIgniter\CodeIgniter->run()
ERROR - 2023-05-11 15:12:10 --> mysqli_sql_exception: Unknown column 'tbl_user.id_departemen' in 'on clause' in C:\xampp\htdocs\webif21c-kel5\system\Database\MySQLi\Connection.php:295
Stack trace:
#0 C:\xampp\htdocs\webif21c-kel5\system\Database\MySQLi\Connection.php(295): mysqli->query('SELECT *\nFROM `...', 0)
#1 C:\xampp\htdocs\webif21c-kel5\system\Database\BaseConnection.php(691): CodeIgniter\Database\MySQLi\Connection->execute('SELECT *\nFROM `...')
#2 C:\xampp\htdocs\webif21c-kel5\system\Database\BaseConnection.php(605): CodeIgniter\Database\BaseConnection->simpleQuery('SELECT *\nFROM `...')
#3 C:\xampp\htdocs\webif21c-kel5\system\Database\BaseBuilder.php(1616): CodeIgniter\Database\BaseConnection->query('SELECT *\nFROM `...', Array, false)
#4 C:\xampp\htdocs\webif21c-kel5\app\Models\Model_User.php(15): CodeIgniter\Database\BaseBuilder->get()
#5 C:\xampp\htdocs\webif21c-kel5\app\Controllers\User.php(21): App\Models\Model_User->all_data()
#6 C:\xampp\htdocs\webif21c-kel5\system\CodeIgniter.php(934): App\Controllers\User->index()
#7 C:\xampp\htdocs\webif21c-kel5\system\CodeIgniter.php(499): CodeIgniter\CodeIgniter->runController(Object(App\Controllers\User))
#8 C:\xampp\htdocs\webif21c-kel5\system\CodeIgniter.php(368): CodeIgniter\CodeIgniter->handleRequest(NULL, Object(Config\Cache), false)
#9 C:\xampp\htdocs\webif21c-kel5\public\index.php(67): CodeIgniter\CodeIgniter->run()
#10 {main}
CRITICAL - 2023-05-11 15:12:10 --> Unknown column 'tbl_user.id_departemen' in 'on clause'
in SYSTEMPATH\Database\BaseConnection.php on line 645.
 1 SYSTEMPATH\Database\BaseBuilder.php(1616): CodeIgniter\Database\BaseConnection->query('SELECT *
FROM `tbl_user`
LEFT JOIN `tbl_departemen` ON `tbl_departemen`.`id_departemen` = `tbl_user`.`id_departemen`
ORDER BY `id_user` DESC', [], false)
 2 APPPATH\Models\Model_User.php(15): CodeIgniter\Database\BaseBuilder->get()
 3 APPPATH\Controllers\User.php(21): App\Models\Model_User->all_data()
 4 SYSTEMPATH\CodeIgniter.php(934): App\Controllers\User->index()
 5 SYSTEMPATH\CodeIgniter.php(499): CodeIgniter\CodeIgniter->runController(Object(App\Controllers\User))
 6 SYSTEMPATH\CodeIgniter.php(368): CodeIgniter\CodeIgniter->handleRequest(null, Object(Config\Cache), false)
 7 FCPATH\index.php(67): CodeIgniter\CodeIgniter->run()
ERROR - 2023-05-11 15:12:16 --> mysqli_sql_exception: Unknown column 'tbl_user.id_departemen' in 'on clause' in C:\xampp\htdocs\webif21c-kel5\system\Database\MySQLi\Connection.php:295
Stack trace:
#0 C:\xampp\htdocs\webif21c-kel5\system\Database\MySQLi\Connection.php(295): mysqli->query('SELECT *\nFROM `...', 0)
#1 C:\xampp\htdocs\webif21c-kel5\system\Database\BaseConnection.php(691): CodeIgniter\Database\MySQLi\Connection->execute('SELECT *\nFROM `...')
#2 C:\xampp\htdocs\webif21c-kel5\system\Database\BaseConnection.php(605): CodeIgniter\Database\BaseConnection->simpleQuery('SELECT *\nFROM `...')
#3 C:\xampp\htdocs\webif21c-kel5\system\Database\BaseBuilder.php(1616): CodeIgniter\Database\BaseConnection->query('SELECT *\nFROM `...', Array, false)
#4 C:\xampp\htdocs\webif21c-kel5\app\Models\Model_User.php(15): CodeIgniter\Database\BaseBuilder->get()
#5 C:\xampp\htdocs\webif21c-kel5\app\Controllers\User.php(21): App\Models\Model_User->all_data()
#6 C:\xampp\htdocs\webif21c-kel5\system\CodeIgniter.php(934): App\Controllers\User->index()
#7 C:\xampp\htdocs\webif21c-kel5\system\CodeIgniter.php(499): CodeIgniter\CodeIgniter->runController(Object(App\Controllers\User))
#8 C:\xampp\htdocs\webif21c-kel5\system\CodeIgniter.php(368): CodeIgniter\CodeIgniter->handleRequest(NULL, Object(Config\Cache), false)
#9 C:\xampp\htdocs\webif21c-kel5\public\index.php(67): CodeIgniter\CodeIgniter->run()
#10 {main}
CRITICAL - 2023-05-11 15:12:16 --> Unknown column 'tbl_user.id_departemen' in 'on clause'
in SYSTEMPATH\Database\BaseConnection.php on line 645.
 1 SYSTEMPATH\Database\BaseBuilder.php(1616): CodeIgniter\Database\BaseConnection->query('SELECT *
FROM `tbl_user`
LEFT JOIN `tbl_departemen` ON `tbl_departemen`.`id_departemen` = `tbl_user`.`id_departemen`
ORDER BY `id_user` DESC', [], false)
 2 APPPATH\Models\Model_User.php(15): CodeIgniter\Database\BaseBuilder->get()
 3 APPPATH\Controllers\User.php(21): App\Models\Model_User->all_data()
 4 SYSTEMPATH\CodeIgniter.php(934): App\Controllers\User->index()
 5 SYSTEMPATH\CodeIgniter.php(499): CodeIgniter\CodeIgniter->runController(Object(App\Controllers\User))
 6 SYSTEMPATH\CodeIgniter.php(368): CodeIgniter\CodeIgniter->handleRequest(null, Object(Config\Cache), false)
 7 FCPATH\index.php(67): CodeIgniter\CodeIgniter->run()
ERROR - 2023-05-11 15:16:10 --> mysqli_sql_exception: Unknown column 'tbl_user.id_departemen' in 'on clause' in C:\xampp\htdocs\webif21c-kel5\system\Database\MySQLi\Connection.php:295
Stack trace:
#0 C:\xampp\htdocs\webif21c-kel5\system\Database\MySQLi\Connection.php(295): mysqli->query('SELECT *\nFROM `...', 0)
#1 C:\xampp\htdocs\webif21c-kel5\system\Database\BaseConnection.php(691): CodeIgniter\Database\MySQLi\Connection->execute('SELECT *\nFROM `...')
#2 C:\xampp\htdocs\webif21c-kel5\system\Database\BaseConnection.php(605): CodeIgniter\Database\BaseConnection->simpleQuery('SELECT *\nFROM `...')
#3 C:\xampp\htdocs\webif21c-kel5\system\Database\BaseBuilder.php(1616): CodeIgniter\Database\BaseConnection->query('SELECT *\nFROM `...', Array, false)
#4 C:\xampp\htdocs\webif21c-kel5\app\Models\Model_User.php(15): CodeIgniter\Database\BaseBuilder->get()
#5 C:\xampp\htdocs\webif21c-kel5\app\Controllers\User.php(21): App\Models\Model_User->all_data()
#6 C:\xampp\htdocs\webif21c-kel5\system\CodeIgniter.php(934): App\Controllers\User->index()
#7 C:\xampp\htdocs\webif21c-kel5\system\CodeIgniter.php(499): CodeIgniter\CodeIgniter->runController(Object(App\Controllers\User))
#8 C:\xampp\htdocs\webif21c-kel5\system\CodeIgniter.php(368): CodeIgniter\CodeIgniter->handleRequest(NULL, Object(Config\Cache), false)
#9 C:\xampp\htdocs\webif21c-kel5\public\index.php(67): CodeIgniter\CodeIgniter->run()
#10 {main}
CRITICAL - 2023-05-11 15:16:10 --> Unknown column 'tbl_user.id_departemen' in 'on clause'
in SYSTEMPATH\Database\BaseConnection.php on line 645.
 1 SYSTEMPATH\Database\BaseBuilder.php(1616): CodeIgniter\Database\BaseConnection->query('SELECT *
FROM `tbl_user`
LEFT JOIN `tbl_departemen` ON `tbl_departemen`.`id_departemen` = `tbl_user`.`id_departemen`
ORDER BY `id_user` DESC', [], false)
 2 APPPATH\Models\Model_User.php(15): CodeIgniter\Database\BaseBuilder->get()
 3 APPPATH\Controllers\User.php(21): App\Models\Model_User->all_data()
 4 SYSTEMPATH\CodeIgniter.php(934): App\Controllers\User->index()
 5 SYSTEMPATH\CodeIgniter.php(499): CodeIgniter\CodeIgniter->runController(Object(App\Controllers\User))
 6 SYSTEMPATH\CodeIgniter.php(368): CodeIgniter\CodeIgniter->handleRequest(null, Object(Config\Cache), false)
 7 FCPATH\index.php(67): CodeIgniter\CodeIgniter->run()
ERROR - 2023-05-11 15:16:11 --> mysqli_sql_exception: Unknown column 'tbl_user.id_departemen' in 'on clause' in C:\xampp\htdocs\webif21c-kel5\system\Database\MySQLi\Connection.php:295
Stack trace:
#0 C:\xampp\htdocs\webif21c-kel5\system\Database\MySQLi\Connection.php(295): mysqli->query('SELECT *\nFROM `...', 0)
#1 C:\xampp\htdocs\webif21c-kel5\system\Database\BaseConnection.php(691): CodeIgniter\Database\MySQLi\Connection->execute('SELECT *\nFROM `...')
#2 C:\xampp\htdocs\webif21c-kel5\system\Database\BaseConnection.php(605): CodeIgniter\Database\BaseConnection->simpleQuery('SELECT *\nFROM `...')
#3 C:\xampp\htdocs\webif21c-kel5\system\Database\BaseBuilder.php(1616): CodeIgniter\Database\BaseConnection->query('SELECT *\nFROM `...', Array, false)
#4 C:\xampp\htdocs\webif21c-kel5\app\Models\Model_User.php(15): CodeIgniter\Database\BaseBuilder->get()
#5 C:\xampp\htdocs\webif21c-kel5\app\Controllers\User.php(21): App\Models\Model_User->all_data()
#6 C:\xampp\htdocs\webif21c-kel5\system\CodeIgniter.php(934): App\Controllers\User->index()
#7 C:\xampp\htdocs\webif21c-kel5\system\CodeIgniter.php(499): CodeIgniter\CodeIgniter->runController(Object(App\Controllers\User))
#8 C:\xampp\htdocs\webif21c-kel5\system\CodeIgniter.php(368): CodeIgniter\CodeIgniter->handleRequest(NULL, Object(Config\Cache), false)
#9 C:\xampp\htdocs\webif21c-kel5\public\index.php(67): CodeIgniter\CodeIgniter->run()
#10 {main}
CRITICAL - 2023-05-11 15:16:11 --> Unknown column 'tbl_user.id_departemen' in 'on clause'
in SYSTEMPATH\Database\BaseConnection.php on line 645.
 1 SYSTEMPATH\Database\BaseBuilder.php(1616): CodeIgniter\Database\BaseConnection->query('SELECT *
FROM `tbl_user`
LEFT JOIN `tbl_departemen` ON `tbl_departemen`.`id_departemen` = `tbl_user`.`id_departemen`
ORDER BY `id_user` DESC', [], false)
 2 APPPATH\Models\Model_User.php(15): CodeIgniter\Database\BaseBuilder->get()
 3 APPPATH\Controllers\User.php(21): App\Models\Model_User->all_data()
 4 SYSTEMPATH\CodeIgniter.php(934): App\Controllers\User->index()
 5 SYSTEMPATH\CodeIgniter.php(499): CodeIgniter\CodeIgniter->runController(Object(App\Controllers\User))
 6 SYSTEMPATH\CodeIgniter.php(368): CodeIgniter\CodeIgniter->handleRequest(null, Object(Config\Cache), false)
 7 FCPATH\index.php(67): CodeIgniter\CodeIgniter->run()
ERROR - 2023-05-11 15:16:30 --> mysqli_sql_exception: Unknown column 'tbl_user.id_departemen' in 'on clause' in C:\xampp\htdocs\webif21c-kel5\system\Database\MySQLi\Connection.php:295
Stack trace:
#0 C:\xampp\htdocs\webif21c-kel5\system\Database\MySQLi\Connection.php(295): mysqli->query('SELECT *\nFROM `...', 0)
#1 C:\xampp\htdocs\webif21c-kel5\system\Database\BaseConnection.php(691): CodeIgniter\Database\MySQLi\Connection->execute('SELECT *\nFROM `...')
#2 C:\xampp\htdocs\webif21c-kel5\system\Database\BaseConnection.php(605): CodeIgniter\Database\BaseConnection->simpleQuery('SELECT *\nFROM `...')
#3 C:\xampp\htdocs\webif21c-kel5\system\Database\BaseBuilder.php(1616): CodeIgniter\Database\BaseConnection->query('SELECT *\nFROM `...', Array, false)
#4 C:\xampp\htdocs\webif21c-kel5\app\Models\Model_User.php(15): CodeIgniter\Database\BaseBuilder->get()
#5 C:\xampp\htdocs\webif21c-kel5\app\Controllers\User.php(21): App\Models\Model_User->all_data()
#6 C:\xampp\htdocs\webif21c-kel5\system\CodeIgniter.php(934): App\Controllers\User->index()
#7 C:\xampp\htdocs\webif21c-kel5\system\CodeIgniter.php(499): CodeIgniter\CodeIgniter->runController(Object(App\Controllers\User))
#8 C:\xampp\htdocs\webif21c-kel5\system\CodeIgniter.php(368): CodeIgniter\CodeIgniter->handleRequest(NULL, Object(Config\Cache), false)
#9 C:\xampp\htdocs\webif21c-kel5\public\index.php(67): CodeIgniter\CodeIgniter->run()
#10 {main}
CRITICAL - 2023-05-11 15:16:30 --> Unknown column 'tbl_user.id_departemen' in 'on clause'
in SYSTEMPATH\Database\BaseConnection.php on line 645.
 1 SYSTEMPATH\Database\BaseBuilder.php(1616): CodeIgniter\Database\BaseConnection->query('SELECT *
FROM `tbl_user`
LEFT JOIN `tbl_departemen` ON `tbl_departemen`.`id_departemen` = `tbl_user`.`id_departemen`
ORDER BY `id_user` DESC', [], false)
 2 APPPATH\Models\Model_User.php(15): CodeIgniter\Database\BaseBuilder->get()
 3 APPPATH\Controllers\User.php(21): App\Models\Model_User->all_data()
 4 SYSTEMPATH\CodeIgniter.php(934): App\Controllers\User->index()
 5 SYSTEMPATH\CodeIgniter.php(499): CodeIgniter\CodeIgniter->runController(Object(App\Controllers\User))
 6 SYSTEMPATH\CodeIgniter.php(368): CodeIgniter\CodeIgniter->handleRequest(null, Object(Config\Cache), false)
 7 FCPATH\index.php(67): CodeIgniter\CodeIgniter->run()
CRITICAL - 2023-05-11 15:37:06 --> Too few arguments to function App\Models\Model_User::all_data(), 0 passed in C:\xampp\htdocs\webif21c-kel5\app\Controllers\User.php on line 21 and exactly 1 expected
in APPPATH\Models\Model_User.php on line 10.
 1 APPPATH\Controllers\User.php(21): App\Models\Model_User->all_data()
 2 SYSTEMPATH\CodeIgniter.php(934): App\Controllers\User->index()
 3 SYSTEMPATH\CodeIgniter.php(499): CodeIgniter\CodeIgniter->runController(Object(App\Controllers\User))
 4 SYSTEMPATH\CodeIgniter.php(368): CodeIgniter\CodeIgniter->handleRequest(null, Object(Config\Cache), false)
 5 FCPATH\index.php(67): CodeIgniter\CodeIgniter->run()
ERROR - 2023-05-11 15:37:59 --> mysqli_sql_exception: Unknown column 'tbl_user.id_departemen' in 'on clause' in C:\xampp\htdocs\webif21c-kel5\system\Database\MySQLi\Connection.php:295
Stack trace:
#0 C:\xampp\htdocs\webif21c-kel5\system\Database\MySQLi\Connection.php(295): mysqli->query('SELECT *\nFROM `...', 0)
#1 C:\xampp\htdocs\webif21c-kel5\system\Database\BaseConnection.php(691): CodeIgniter\Database\MySQLi\Connection->execute('SELECT *\nFROM `...')
#2 C:\xampp\htdocs\webif21c-kel5\system\Database\BaseConnection.php(605): CodeIgniter\Database\BaseConnection->simpleQuery('SELECT *\nFROM `...')
#3 C:\xampp\htdocs\webif21c-kel5\system\Database\BaseBuilder.php(1616): CodeIgniter\Database\BaseConnection->query('SELECT *\nFROM `...', Array, false)
#4 C:\xampp\htdocs\webif21c-kel5\app\Models\Model_User.php(15): CodeIgniter\Database\BaseBuilder->get()
#5 C:\xampp\htdocs\webif21c-kel5\app\Controllers\User.php(21): App\Models\Model_User->all_data()
#6 C:\xampp\htdocs\webif21c-kel5\system\CodeIgniter.php(934): App\Controllers\User->index()
#7 C:\xampp\htdocs\webif21c-kel5\system\CodeIgniter.php(499): CodeIgniter\CodeIgniter->runController(Object(App\Controllers\User))
#8 C:\xampp\htdocs\webif21c-kel5\system\CodeIgniter.php(368): CodeIgniter\CodeIgniter->handleRequest(NULL, Object(Config\Cache), false)
#9 C:\xampp\htdocs\webif21c-kel5\public\index.php(67): CodeIgniter\CodeIgniter->run()
#10 {main}
CRITICAL - 2023-05-11 15:37:59 --> Unknown column 'tbl_user.id_departemen' in 'on clause'
in SYSTEMPATH\Database\BaseConnection.php on line 645.
 1 SYSTEMPATH\Database\BaseBuilder.php(1616): CodeIgniter\Database\BaseConnection->query('SELECT *
FROM `tbl_user`
LEFT JOIN `tbl_departemen` ON `tbl_departemen`.`id_departemen` = `tbl_user`.`id_departemen`
ORDER BY `id_user` DESC', [], false)
 2 APPPATH\Models\Model_User.php(15): CodeIgniter\Database\BaseBuilder->get()
 3 APPPATH\Controllers\User.php(21): App\Models\Model_User->all_data()
 4 SYSTEMPATH\CodeIgniter.php(934): App\Controllers\User->index()
 5 SYSTEMPATH\CodeIgniter.php(499): CodeIgniter\CodeIgniter->runController(Object(App\Controllers\User))
 6 SYSTEMPATH\CodeIgniter.php(368): CodeIgniter\CodeIgniter->handleRequest(null, Object(Config\Cache), false)
 7 FCPATH\index.php(67): CodeIgniter\CodeIgniter->run()
ERROR - 2023-05-11 15:38:00 --> mysqli_sql_exception: Unknown column 'tbl_user.id_departemen' in 'on clause' in C:\xampp\htdocs\webif21c-kel5\system\Database\MySQLi\Connection.php:295
Stack trace:
#0 C:\xampp\htdocs\webif21c-kel5\system\Database\MySQLi\Connection.php(295): mysqli->query('SELECT *\nFROM `...', 0)
#1 C:\xampp\htdocs\webif21c-kel5\system\Database\BaseConnection.php(691): CodeIgniter\Database\MySQLi\Connection->execute('SELECT *\nFROM `...')
#2 C:\xampp\htdocs\webif21c-kel5\system\Database\BaseConnection.php(605): CodeIgniter\Database\BaseConnection->simpleQuery('SELECT *\nFROM `...')
#3 C:\xampp\htdocs\webif21c-kel5\system\Database\BaseBuilder.php(1616): CodeIgniter\Database\BaseConnection->query('SELECT *\nFROM `...', Array, false)
#4 C:\xampp\htdocs\webif21c-kel5\app\Models\Model_User.php(15): CodeIgniter\Database\BaseBuilder->get()
#5 C:\xampp\htdocs\webif21c-kel5\app\Controllers\User.php(21): App\Models\Model_User->all_data()
#6 C:\xampp\htdocs\webif21c-kel5\system\CodeIgniter.php(934): App\Controllers\User->index()
#7 C:\xampp\htdocs\webif21c-kel5\system\CodeIgniter.php(499): CodeIgniter\CodeIgniter->runController(Object(App\Controllers\User))
#8 C:\xampp\htdocs\webif21c-kel5\system\CodeIgniter.php(368): CodeIgniter\CodeIgniter->handleRequest(NULL, Object(Config\Cache), false)
#9 C:\xampp\htdocs\webif21c-kel5\public\index.php(67): CodeIgniter\CodeIgniter->run()
#10 {main}
CRITICAL - 2023-05-11 15:38:00 --> Unknown column 'tbl_user.id_departemen' in 'on clause'
in SYSTEMPATH\Database\BaseConnection.php on line 645.
 1 SYSTEMPATH\Database\BaseBuilder.php(1616): CodeIgniter\Database\BaseConnection->query('SELECT *
FROM `tbl_user`
LEFT JOIN `tbl_departemen` ON `tbl_departemen`.`id_departemen` = `tbl_user`.`id_departemen`
ORDER BY `id_user` DESC', [], false)
 2 APPPATH\Models\Model_User.php(15): CodeIgniter\Database\BaseBuilder->get()
 3 APPPATH\Controllers\User.php(21): App\Models\Model_User->all_data()
 4 SYSTEMPATH\CodeIgniter.php(934): App\Controllers\User->index()
 5 SYSTEMPATH\CodeIgniter.php(499): CodeIgniter\CodeIgniter->runController(Object(App\Controllers\User))
 6 SYSTEMPATH\CodeIgniter.php(368): CodeIgniter\CodeIgniter->handleRequest(null, Object(Config\Cache), false)
 7 FCPATH\index.php(67): CodeIgniter\CodeIgniter->run()
